2020-10-08T06:00:01+09:00
https://www.mercari.com/jp/search/?keyword=mamiya+sekor+65+3.5&category_root=7&category_child=97&item_condition_id%5B1%5D=1&item_condition_id%5B2%5D=1&item_condition_id%5B3%5D=1&status_on_sale=1&price_max=7959&page=1
https://www.mercari.com/jp/search/?keyword=mamiya+sekor+80+2.8&category_root=7&category_child=97&item_condition_id%5B1%5D=1&item_condition_id%5B2%5D=1&item_condition_id%5B3%5D=1&status_on_sale=1&price_max=18136&page=1
https://www.mercari.com/jp/search/?keyword=mamiya+sekor+80+3.7&category_root=7&category_child=97&item_condition_id%5B1%5D=1&item_condition_id%5B2%5D=1&item_condition_id%5B3%5D=1&status_on_sale=1&price_max=8194&page=1
https://www.mercari.com/jp/search/?keyword=mamiya+sekor+250+6.3&category_root=7&category_child=97&item_condition_id%5B1%5D=1&item_condition_id%5B2%5D=1&item_condition_id%5B3%5D=1&status_on_sale=1&price_max=11837&page=1
https://www.mercari.com/jp/search/?keyword=mamiya+sekor+75+5.6+-&category_root=7&category_child=97&item_condition_id%5B1%5D=1&item_condition_id%5B2%5D=1&item_condition_id%5B3%5D=1&status_on_sale=1&price_max=24923&page=1
https://www.mercari.com/jp/search/?keyword=mamiya+sekor+127+4.7&category_root=7&category_child=97&item_condition_id%5B1%5D=1&item_condition_id%5B2%5D=1&item_condition_id%5B3%5D=1&status_on_sale=1&price_max=7684&page=1
https://www.mercari.com/jp/search/?keyword=mamiya+sekor+150+5.6+-&category_root=7&category_child=97&item_condition_id%5B1%5D=1&item_condition_id%5B2%5D=1&item_condition_id%5B3%5D=1&status_on_sale=1&price_max=9531&page=1
https://www.mercari.com/jp/search/?keyword=mamiya+sekor+50+4.5&category_root=7&category_child=97&item_condition_id%5B1%5D=1&item_condition_id%5B2%5D=1&item_condition_id%5B3%5D=1&status_on_sale=1&price_max=21679&page=1
https://www.mercari.com/jp/search/?keyword=mamiya+sekor+65+4.5&category_root=7&category_child=97&item_condition_id%5B1%5D=1&item_condition_id%5B2%5D=1&item_condition_id%5B3%5D=1&status_on_sale=1&price_max=20234&page=1
https://www.mercari.com/jp/search/?keyword=mamiya+sekor+90+3.8&category_root=7&category_child=97&item_condition_id%5B1%5D=1&item_condition_id%5B2%5D=1&item_condition_id%5B3%5D=1&status_on_sale=1&price_max=17053&page=1
https://www.mercari.com/jp/search/?keyword=mamiya+sekor+127+3.8&category_root=7&category_child=97&item_condition_id%5B1%5D=1&item_condition_id%5B2%5D=1&item_condition_id%5B3%5D=1&status_on_sale=1&price_max=11180&page=1
https://www.mercari.com/jp/search/?keyword=mamiya+sekor+360+6.3&category_root=7&category_child=97&item_condition_id%5B1%5D=1&item_condition_id%5B2%5D=1&item_condition_id%5B3%5D=1&status_on_sale=1&price_max=8192&page=1
https://www.mercari.com/jp/search/?keyword=mamiya+sekor+nb+90+3.8&category_root=7&category_child=97&item_condition_id%5B1%5D=1&item_condition_id%5B2%5D=1&item_condition_id%5B3%5D=1&status_on_sale=1&price_max=10462&page=1
https://www.mercari.com/jp/search/?keyword=mamiya+sekor+nb+127+3.8&category_root=7&category_child=97&item_condition_id%5B1%5D=1&item_condition_id%5B2%5D=1&item_condition_id%5B3%5D=1&status_on_sale=1&price_max=13734&page=1
https://www.mercari.com/jp/search/?keyword=mamiya+sekor+fish+eye+c+37+4.5&category_root=7&category_child=97&item_condition_id%5B1%5D=1&item_condition_id%5B2%5D=1&item_condition_id%5B3%5D=1&status_on_sale=1&price_max=60057&page=1
https://www.mercari.com/jp/search/?keyword=mamiya+sekor+c+50+4.5&category_root=7&category_child=97&item_condition_id%5B1%5D=1&item_condition_id%5B2%5D=1&item_condition_id%5B3%5D=1&status_on_sale=1&price_max=22598&page=1
https://www.mercari.com/jp/search/?keyword=mamiya+sekor+c+65+4.5&category_root=7&category_child=97&item_condition_id%5B1%5D=1&item_condition_id%5B2%5D=1&item_condition_id%5B3%5D=1&status_on_sale=1&price_max=21218&page=1
https://www.mercari.com/jp/search/?keyword=mamiya+sekor+c+90+3.8&category_root=7&category_child=97&item_condition_id%5B1%5D=1&item_condition_id%5B2%5D=1&item_condition_id%5B3%5D=1&status_on_sale=1&price_max=18067&page=1
https://www.mercari.com/jp/search/?keyword=mamiya+sekor+c+127+3.8+-&category_root=7&category_child=97&item_condition_id%5B1%5D=1&item_condition_id%5B2%5D=1&item_condition_id%5B3%5D=1&status_on_sale=1&price_max=8056&page=1
https://www.mercari.com/jp/search/?keyword=mamiya+sekor+macro+c+140+4.5&category_root=7&category_child=97&item_condition_id%5B1%5D=1&item_condition_id%5B2%5D=1&item_condition_id%5B3%5D=1&status_on_sale=1&price_max=9866&page=1
https://www.mercari.com/jp/search/?keyword=mamiya+sekor+c+180+4.5&category_root=7&category_child=97&item_condition_id%5B1%5D=1&item_condition_id%5B2%5D=1&item_condition_id%5B3%5D=1&status_on_sale=1&price_max=10166&page=1
https://www.mercari.com/jp/search/?keyword=mamiya+sekor+c+360+6.3&category_root=7&category_child=97&item_condition_id%5B1%5D=1&item_condition_id%5B2%5D=1&item_condition_id%5B3%5D=1&status_on_sale=1&price_max=8501&page=1
https://www.mercari.com/jp/search/?keyword=mamiya+kl+90+3.5+l&category_root=7&category_child=97&item_condition_id%5B1%5D=1&item_condition_id%5B2%5D=1&item_condition_id%5B3%5D=1&status_on_sale=1&price_max=30385&page=1
https://www.mercari.com/jp/search/?keyword=mamiya+kl+127+3.5+l&category_root=7&category_child=97&item_condition_id%5B1%5D=1&item_condition_id%5B2%5D=1&item_condition_id%5B3%5D=1&status_on_sale=1&price_max=16383&page=1
https://www.mercari.com/jp/search/?keyword=mamiya+macro+kl+140+4.5+m%2Fl-a&category_root=7&category_child=97&item_condition_id%5B1%5D=1&item_condition_id%5B2%5D=1&item_condition_id%5B3%5D=1&status_on_sale=1&price_max=21205&page=1
https://www.mercari.com/jp/search/?keyword=mamiya+kl+180+4.5l+a&category_root=7&category_child=97&item_condition_id%5B1%5D=1&item_condition_id%5B2%5D=1&item_condition_id%5B3%5D=1&status_on_sale=1&price_max=16893&page=1
https://www.mercari.com/jp/search/?keyword=mamiya+kl+210+4.5+apo+l&category_root=7&category_child=97&item_condition_id%5B1%5D=1&item_condition_id%5B2%5D=1&item_condition_id%5B3%5D=1&status_on_sale=1&price_max=26783&page=1
https://www.mercari.com/jp/search/?keyword=mamiya+sekor+z+50+4.5&category_root=7&category_child=97&item_condition_id%5B1%5D=1&item_condition_id%5B2%5D=1&item_condition_id%5B3%5D=1&status_on_sale=1&price_max=19743&page=1
https://www.mercari.com/jp/search/?keyword=mamiya+sekor+z+65+4&category_root=7&category_child=97&item_condition_id%5B1%5D=1&item_condition_id%5B2%5D=1&item_condition_id%5B3%5D=1&status_on_sale=1&price_max=33968&page=1
https://www.mercari.com/jp/search/?keyword=mamiya+sekor+z+90+3.5w&category_root=7&category_child=97&item_condition_id%5B1%5D=1&item_condition_id%5B2%5D=1&item_condition_id%5B3%5D=1&status_on_sale=1&price_max=41093&page=1
https://www.mercari.com/jp/search/?keyword=mamiya+sekor+z+110+2.8&category_root=7&category_child=97&item_condition_id%5B1%5D=1&item_condition_id%5B2%5D=1&item_condition_id%5B3%5D=1&status_on_sale=1&price_max=58156&page=1
https://www.mercari.com/jp/search/?keyword=mamiya+sekor+z+127+3.8&category_root=7&category_child=97&item_condition_id%5B1%5D=1&item_condition_id%5B2%5D=1&item_condition_id%5B3%5D=1&status_on_sale=1&price_max=23373&page=1
https://www.mercari.com/jp/search/?keyword=mamiya+apo+sekor+z+500+6&category_root=7&category_child=97&item_condition_id%5B1%5D=1&item_condition_id%5B2%5D=1&item_condition_id%5B3%5D=1&status_on_sale=1&price_max=91835&page=1
https://www.mercari.com/jp/search/?keyword=mamiya+m65+4+l-a&category_root=7&category_child=97&item_condition_id%5B1%5D=1&item_condition_id%5B2%5D=1&item_condition_id%5B3%5D=1&status_on_sale=1&price_max=37366&page=1
https://www.mercari.com/jp/search/?keyword=mamiya+sekor+fish+eye+uld+c+24+4&category_root=7&category_child=97&item_condition_id%5B1%5D=1&item_condition_id%5B2%5D=1&item_condition_id%5B3%5D=1&status_on_sale=1&price_max=74184&page=1
https://www.mercari.com/jp/search/?keyword=mamiya+sekor+c+35+3.5&category_root=7&category_child=97&item_condition_id%5B1%5D=1&item_condition_id%5B2%5D=1&item_condition_id%5B3%5D=1&status_on_sale=1&price_max=28831&page=1
https://www.mercari.com/jp/search/?keyword=mamiya+sekor+c+s+45+2.8&category_root=7&category_child=97&item_condition_id%5B1%5D=1&item_condition_id%5B2%5D=1&item_condition_id%5B3%5D=1&status_on_sale=1&price_max=16525&page=1
https://www.mercari.com/jp/search/?keyword=mamiya+sekor+c+45+2.8&category_root=7&category_child=97&item_condition_id%5B1%5D=1&item_condition_id%5B2%5D=1&item_condition_id%5B3%5D=1&status_on_sale=1&price_max=17482&page=1
https://www.mercari.com/jp/search/?keyword=mamiya+sekor+shift+c+50+4&category_root=7&category_child=97&item_condition_id%5B1%5D=1&item_condition_id%5B2%5D=1&item_condition_id%5B3%5D=1&status_on_sale=1&price_max=28446&page=1
https://www.mercari.com/jp/search/?keyword=mamiya+sekor+c+s+55+2.8&category_root=7&category_child=97&item_condition_id%5B1%5D=1&item_condition_id%5B2%5D=1&item_condition_id%5B3%5D=1&status_on_sale=1&price_max=16621&page=1
https://www.mercari.com/jp/search/?keyword=mamiya+sekor+shift+c+50+4&category_root=7&category_child=97&item_condition_id%5B1%5D=1&item_condition_id%5B2%5D=1&item_condition_id%5B3%5D=1&status_on_sale=1&price_max=28446&page=1
https://www.mercari.com/jp/search/?keyword=mamiya+sekor+c+55+2.8&category_root=7&category_child=97&item_condition_id%5B1%5D=1&item_condition_id%5B2%5D=1&item_condition_id%5B3%5D=1&status_on_sale=1&price_max=16415&page=1
https://www.mercari.com/jp/search/?keyword=mamiya+sekor+c+e+70+2.8&category_root=7&category_child=97&item_condition_id%5B1%5D=1&item_condition_id%5B2%5D=1&item_condition_id%5B3%5D=1&status_on_sale=1&price_max=19158&page=1
https://www.mercari.com/jp/search/?keyword=mamiya+sekor+c+70+2.8&category_root=7&category_child=97&item_condition_id%5B1%5D=1&item_condition_id%5B2%5D=1&item_condition_id%5B3%5D=1&status_on_sale=1&price_max=19736&page=1
https://www.mercari.com/jp/search/?keyword=mamiya+sekor+c+80+1.9&category_root=7&category_child=97&item_condition_id%5B1%5D=1&item_condition_id%5B2%5D=1&item_condition_id%5B3%5D=1&status_on_sale=1&price_max=40867&page=1
https://www.mercari.com/jp/search/?keyword=mamiya+sekor+c+80+2.8&category_root=7&category_child=97&item_condition_id%5B1%5D=1&item_condition_id%5B2%5D=1&item_condition_id%5B3%5D=1&status_on_sale=1&price_max=18501&page=1
https://www.mercari.com/jp/search/?keyword=mamiya+sekor+macro+c+80+4&category_root=7&category_child=97&item_condition_id%5B1%5D=1&item_condition_id%5B2%5D=1&item_condition_id%5B3%5D=1&status_on_sale=1&price_max=14460&page=1
https://www.mercari.com/jp/search/?keyword=mamiya+sekor+c+110+2.8&category_root=7&category_child=97&item_condition_id%5B1%5D=1&item_condition_id%5B2%5D=1&item_condition_id%5B3%5D=1&status_on_sale=1&price_max=27486&page=1
https://www.mercari.com/jp/search/?keyword=mamiya+sekor+c+150+3.5&category_root=7&category_child=97&item_condition_id%5B1%5D=1&item_condition_id%5B2%5D=1&item_condition_id%5B3%5D=1&status_on_sale=1&price_max=8067&page=1
https://www.mercari.com/jp/search/?keyword=mamiya+sekor+c+500+5.6&category_root=7&category_child=97&item_condition_id%5B1%5D=1&item_condition_id%5B2%5D=1&item_condition_id%5B3%5D=1&status_on_sale=1&price_max=20954&page=1
https://www.mercari.com/jp/search/?keyword=mamiya+sekor+c+zoom+75-150+4.5&category_root=7&category_child=97&item_condition_id%5B1%5D=1&item_condition_id%5B2%5D=1&item_condition_id%5B3%5D=1&status_on_sale=1&price_max=4352&page=1
https://www.mercari.com/jp/search/?keyword=mamiya+sekor+c+35+3.5+n&category_root=7&category_child=97&item_condition_id%5B1%5D=1&item_condition_id%5B2%5D=1&item_condition_id%5B3%5D=1&status_on_sale=1&price_max=28702&page=1
https://www.mercari.com/jp/search/?keyword=mamiya+sekor+c+45+2.8+n&category_root=7&category_child=97&item_condition_id%5B1%5D=1&item_condition_id%5B2%5D=1&item_condition_id%5B3%5D=1&status_on_sale=1&price_max=18702&page=1
https://www.mercari.com/jp/search/?keyword=mamiya+sekor+c+55+2.8+n&category_root=7&category_child=97&item_condition_id%5B1%5D=1&item_condition_id%5B2%5D=1&item_condition_id%5B3%5D=1&status_on_sale=1&price_max=17691&page=1
https://www.mercari.com/jp/search/?keyword=mamiya+sekor+c+80+1.9+n&category_root=7&category_child=97&item_condition_id%5B1%5D=1&item_condition_id%5B2%5D=1&item_condition_id%5B3%5D=1&status_on_sale=1&price_max=41820&page=1
https://www.mercari.com/jp/search/?keyword=mamiya+sekor+c+80+2.8+n&category_root=7&category_child=97&item_condition_id%5B1%5D=1&item_condition_id%5B2%5D=1&item_condition_id%5B3%5D=1&status_on_sale=1&price_max=17828&page=1
https://www.mercari.com/jp/search/?keyword=mamiya+sekor+macro+c+80+4+n&category_root=7&category_child=97&item_condition_id%5B1%5D=1&item_condition_id%5B2%5D=1&item_condition_id%5B3%5D=1&status_on_sale=1&price_max=14370&page=1
https://www.mercari.com/jp/search/?keyword=mamiya+sekor+c+150+3.5+n&category_root=7&category_child=97&item_condition_id%5B1%5D=1&item_condition_id%5B2%5D=1&item_condition_id%5B3%5D=1&status_on_sale=1&price_max=8688&page=1
https://www.mercari.com/jp/search/?keyword=mamiya+sekor+c+zoom+55-110+4.5+n&category_root=7&category_child=97&item_condition_id%5B1%5D=1&item_condition_id%5B2%5D=1&item_condition_id%5B3%5D=1&status_on_sale=1&price_max=9436&page=1
https://www.mercari.com/jp/search/?keyword=mamiya+macro+a+120+4&category_root=7&category_child=97&item_condition_id%5B1%5D=1&item_condition_id%5B2%5D=1&item_condition_id%5B3%5D=1&status_on_sale=1&price_max=27850&page=1
https://www.mercari.com/jp/search/?keyword=mamiya+a+150+2.8&category_root=7&category_child=97&item_condition_id%5B1%5D=1&item_condition_id%5B2%5D=1&item_condition_id%5B3%5D=1&status_on_sale=1&price_max=20119&page=1
https://www.mercari.com/jp/search/?keyword=mamiya+af+55+2.8&category_root=7&category_child=97&item_condition_id%5B1%5D=1&item_condition_id%5B2%5D=1&item_condition_id%5B3%5D=1&status_on_sale=1&price_max=24921&page=1
https://www.mercari.com/jp/search/?keyword=mamiya+zoom+af+55-110+4.5&category_root=7&category_child=97&item_condition_id%5B1%5D=1&item_condition_id%5B2%5D=1&item_condition_id%5B3%5D=1&status_on_sale=1&price_max=21434&page=1
https://www.mercari.com/jp/search/?keyword=mamiya+zoom+af+105-210+4.5&category_root=7&category_child=97&item_condition_id%5B1%5D=1&item_condition_id%5B2%5D=1&item_condition_id%5B3%5D=1&status_on_sale=1&price_max=18263&page=1
https://www.mercari.com/jp/search/?keyword=mamiya+g+50+4+l&category_root=7&category_child=97&item_condition_id%5B1%5D=1&item_condition_id%5B2%5D=1&item_condition_id%5B3%5D=1&status_on_sale=1&price_max=71004&page=1
https://www.mercari.com/jp/search/?keyword=mamiya+g+150+4.5+l&category_root=7&category_child=97&item_condition_id%5B1%5D=1&item_condition_id%5B2%5D=1&item_condition_id%5B3%5D=1&status_on_sale=1&price_max=22815&page=1
https://www.mercari.com/jp/search/?keyword=mamiya+n+65+4+l&category_root=7&category_child=97&item_condition_id%5B1%5D=1&item_condition_id%5B2%5D=1&item_condition_id%5B3%5D=1&status_on_sale=1&price_max=64784&page=1
https://www.mercari.com/jp/search/?keyword=mamiya+n+80+4+l&category_root=7&category_child=97&item_condition_id%5B1%5D=1&item_condition_id%5B2%5D=1&item_condition_id%5B3%5D=1&status_on_sale=1&price_max=78555&page=1
https://www.mercari.com/jp/search/?keyword=mamiya+n+150+4.5+l&category_root=7&category_child=97&item_condition_id%5B1%5D=1&item_condition_id%5B2%5D=1&item_condition_id%5B3%5D=1&status_on_sale=1&price_max=29989&page=1
https://www.mercari.com/jp/search/?keyword=mamiya+n+210+8+l&category_root=7&category_child=97&item_condition_id%5B1%5D=1&item_condition_id%5B2%5D=1&item_condition_id%5B3%5D=1&status_on_sale=1&price_max=161553&page=1
https://www.mercari.com/jp/search/?keyword=mamiya+auto+sekor+cs+135+2.8&category_root=7&category_child=97&item_condition_id%5B1%5D=1&item_condition_id%5B2%5D=1&item_condition_id%5B3%5D=1&status_on_sale=1&price_max=1874&page=1
https://www.mercari.com/jp/search/?keyword=mamiya+sekor+e+28+2.8&category_root=7&category_child=97&item_condition_id%5B1%5D=1&item_condition_id%5B2%5D=1&item_condition_id%5B3%5D=1&status_on_sale=1&price_max=1187&page=1
https://www.mercari.com/jp/search/?keyword=mamiya+sekor+e+35+2.8&category_root=7&category_child=97&item_condition_id%5B1%5D=1&item_condition_id%5B2%5D=1&item_condition_id%5B3%5D=1&status_on_sale=1&price_max=1187&page=1
https://www.mercari.com/jp/search/?keyword=mamiya+sekor+e+135+3.5&category_root=7&category_child=97&item_condition_id%5B1%5D=1&item_condition_id%5B2%5D=1&item_condition_id%5B3%5D=1&status_on_sale=1&price_max=989&page=1
https://www.mercari.com/jp/search/?keyword=mamiya+sekor+c+35+3.5&category_root=7&category_child=97&item_condition_id%5B1%5D=1&item_condition_id%5B2%5D=1&item_condition_id%5B3%5D=1&status_on_sale=1&price_max=28831&page=1
https://www.mercari.com/jp/search/?keyword=mamiya+sekor+c+45+2.8+-s+-n&category_root=7&category_child=97&item_condition_id%5B1%5D=1&item_condition_id%5B2%5D=1&item_condition_id%5B3%5D=1&status_on_sale=1&price_max=16215&page=1
https://www.mercari.com/jp/search/?keyword=mamiya+sekor+c+45+2.8+n&category_root=7&category_child=97&item_condition_id%5B1%5D=1&item_condition_id%5B2%5D=1&item_condition_id%5B3%5D=1&status_on_sale=1&price_max=18702&page=1
https://www.mercari.com/jp/search/?keyword=mamiya+sekor+c+45+2.8+s&category_root=7&category_child=97&item_condition_id%5B1%5D=1&item_condition_id%5B2%5D=1&item_condition_id%5B3%5D=1&status_on_sale=1&price_max=16525&page=1
https://www.mercari.com/jp/search/?keyword=mamiya+sekor+c+50+4.5&category_root=7&category_child=97&item_condition_id%5B1%5D=1&item_condition_id%5B2%5D=1&item_condition_id%5B3%5D=1&status_on_sale=1&price_max=22598&page=1
https://www.mercari.com/jp/search/?keyword=mamiya+sekor+n+50+4.5&category_root=7&category_child=97&item_condition_id%5B1%5D=1&item_condition_id%5B2%5D=1&item_condition_id%5B3%5D=1&status_on_sale=1&price_max=23857&page=1
https://www.mercari.com/jp/search/?keyword=mamiya+sekor+z+50+4.5&category_root=7&category_child=97&item_condition_id%5B1%5D=1&item_condition_id%5B2%5D=1&item_condition_id%5B3%5D=1&status_on_sale=1&price_max=19743&page=1
https://www.mercari.com/jp/search/?keyword=mamiya+sekor+50+4.5+-c+-m+-p+-z&category_root=7&category_child=97&item_condition_id%5B1%5D=1&item_condition_id%5B2%5D=1&item_condition_id%5B3%5D=1&status_on_sale=1&price_max=21603&page=1
https://www.mercari.com/jp/search/?keyword=mamiya+sekor+c+55+2.8&category_root=7&category_child=97&item_condition_id%5B1%5D=1&item_condition_id%5B2%5D=1&item_condition_id%5B3%5D=1&status_on_sale=1&price_max=14903&page=1
https://www.mercari.com/jp/search/?keyword=mamiya+sekor+c+55+2.8+n&category_root=7&category_child=97&item_condition_id%5B1%5D=1&item_condition_id%5B2%5D=1&item_condition_id%5B3%5D=1&status_on_sale=1&price_max=17691&page=1
https://www.mercari.com/jp/search/?keyword=mamiya+sekor+55+4.5+-c+-m+-p+-z&category_root=7&category_child=97&item_condition_id%5B1%5D=1&item_condition_id%5B2%5D=1&item_condition_id%5B3%5D=1&status_on_sale=1&price_max=10518&page=1
https://www.mercari.com/jp/search/?keyword=mamiya+sekor+c+55+2.8&category_root=7&category_child=97&item_condition_id%5B1%5D=1&item_condition_id%5B2%5D=1&item_condition_id%5B3%5D=1&status_on_sale=1&price_max=14903&page=1
https://www.mercari.com/jp/search/?keyword=mamiya+sekor+c+55+2.8+n&category_root=7&category_child=97&item_condition_id%5B1%5D=1&item_condition_id%5B2%5D=1&item_condition_id%5B3%5D=1&status_on_sale=1&price_max=17691&page=1
https://www.mercari.com/jp/search/?keyword=mamiya+sekor+65+3.5+blue+dot&category_root=7&category_child=97&item_condition_id%5B1%5D=1&item_condition_id%5B2%5D=1&item_condition_id%5B3%5D=1&status_on_sale=1&price_max=15440&page=1
https://www.mercari.com/jp/search/?keyword=mamiya+sekor+c+65+4.5&category_root=7&category_child=97&item_condition_id%5B1%5D=1&item_condition_id%5B2%5D=1&item_condition_id%5B3%5D=1&status_on_sale=1&price_max=21102&page=1
https://www.mercari.com/jp/search/?keyword=mamiya+sekor+65+6.3+super+-c+-z+-p&category_root=7&category_child=97&item_condition_id%5B1%5D=1&item_condition_id%5B2%5D=1&item_condition_id%5B3%5D=1&status_on_sale=1&price_max=18010&page=1
https://www.mercari.com/jp/search/?keyword=mamiya+sekor+c+e+70+2.8&category_root=7&category_child=97&item_condition_id%5B1%5D=1&item_condition_id%5B2%5D=1&item_condition_id%5B3%5D=1&status_on_sale=1&price_max=19158&page=1
https://www.mercari.com/jp/search/?keyword=mamiya+sekor+c+80+2.8+-&category_root=7&category_child=97&item_condition_id%5B1%5D=1&item_condition_id%5B2%5D=1&item_condition_id%5B3%5D=1&status_on_sale=1&price_max=18820&page=1
https://www.mercari.com/jp/search/?keyword=mamiya+sekor+c+80+2.8+blue+dot&category_root=7&category_child=97&item_condition_id%5B1%5D=1&item_condition_id%5B2%5D=1&item_condition_id%5B3%5D=1&status_on_sale=1&price_max=21665&page=1
https://www.mercari.com/jp/search/?keyword=mamiya+sekor+c+80+2.8+n&category_root=7&category_child=97&item_condition_id%5B1%5D=1&item_condition_id%5B2%5D=1&item_condition_id%5B3%5D=1&status_on_sale=1&price_max=17698&page=1
https://www.mercari.com/jp/search/?keyword=mamiya+sekor+c+80+2.8+n+1000s&category_root=7&category_child=97&item_condition_id%5B1%5D=1&item_condition_id%5B2%5D=1&item_condition_id%5B3%5D=1&status_on_sale=1&price_max=18068&page=1
https://www.mercari.com/jp/search/?keyword=mamiya+sekor+c+80+2.8+super+pro+1000s&category_root=7&category_child=97&item_condition_id%5B1%5D=1&item_condition_id%5B2%5D=1&item_condition_id%5B3%5D=1&status_on_sale=1&price_max=18041&page=1
https://www.mercari.com/jp/search/?keyword=mamiya+sekor+c+90+3.8&category_root=7&category_child=97&item_condition_id%5B1%5D=1&item_condition_id%5B2%5D=1&item_condition_id%5B3%5D=1&status_on_sale=1&price_max=18067&page=1
https://www.mercari.com/jp/search/?keyword=mamiya+sekor+100+2.8+-c+-p+-z+-ds&category_root=7&category_child=97&item_condition_id%5B1%5D=1&item_condition_id%5B2%5D=1&item_condition_id%5B3%5D=1&status_on_sale=1&price_max=27298&page=1
https://www.mercari.com/jp/search/?keyword=mamiya+sekor+100+3.5+-c+-p+-z+-ds&category_root=7&category_child=97&item_condition_id%5B1%5D=1&item_condition_id%5B2%5D=1&item_condition_id%5B3%5D=1&status_on_sale=1&price_max=7713&page=1
https://www.mercari.com/jp/search/?keyword=mamiya+a+120+4&category_root=7&category_child=97&item_condition_id%5B1%5D=1&item_condition_id%5B2%5D=1&item_condition_id%5B3%5D=1&status_on_sale=1&price_max=27850&page=1
https://www.mercari.com/jp/search/?keyword=Mamiya+kl+127+3.5+l&category_root=7&category_child=97&item_condition_id%5B1%5D=1&item_condition_id%5B2%5D=1&item_condition_id%5B3%5D=1&status_on_sale=1&price_max=16383&page=1
https://www.mercari.com/jp/search/?keyword=mamiya+sekor+127+3.8+-c+-p+-z&category_root=7&category_child=97&item_condition_id%5B1%5D=1&item_condition_id%5B2%5D=1&item_condition_id%5B3%5D=1&status_on_sale=1&price_max=8712&page=1
https://www.mercari.com/jp/search/?keyword=mamiya+sekor+c+127+3.8&category_root=7&category_child=97&item_condition_id%5B1%5D=1&item_condition_id%5B2%5D=1&item_condition_id%5B3%5D=1&status_on_sale=1&price_max=8056&page=1
https://www.mercari.com/jp/search/?keyword=mamiya+sekor+nb+127+3.8&category_root=7&category_child=97&item_condition_id%5B1%5D=1&item_condition_id%5B2%5D=1&item_condition_id%5B3%5D=1&status_on_sale=1&price_max=13734&page=1
https://www.mercari.com/jp/search/?keyword=mamiya+%28kl+k%2Fl%29+127+3.5&category_root=7&category_child=97&item_condition_id%5B1%5D=1&item_condition_id%5B2%5D=1&item_condition_id%5B3%5D=1&status_on_sale=1&price_max=16383&page=1
https://www.mercari.com/jp/search/?keyword=mamiya+sekor+p+127+4.7&category_root=7&category_child=97&item_condition_id%5B1%5D=1&item_condition_id%5B2%5D=1&item_condition_id%5B3%5D=1&status_on_sale=1&price_max=7684&page=1
https://www.mercari.com/jp/search/?keyword=mamiya+sekor+135+4.5+blue+-c+-z+-p&category_root=7&category_child=97&item_condition_id%5B1%5D=1&item_condition_id%5B2%5D=1&item_condition_id%5B3%5D=1&status_on_sale=1&price_max=14020&page=1
https://www.mercari.com/jp/search/?keyword=mamiya+sekor+c+140+4.5&category_root=7&category_child=97&item_condition_id%5B1%5D=1&item_condition_id%5B2%5D=1&item_condition_id%5B3%5D=1&status_on_sale=1&price_max=9866&page=1
https://www.mercari.com/jp/search/?keyword=mamiya+sekor+z+140+4.5+w&category_root=7&category_child=97&item_condition_id%5B1%5D=1&item_condition_id%5B2%5D=1&item_condition_id%5B3%5D=1&status_on_sale=1&price_max=8488&page=1
https://www.mercari.com/jp/search/?keyword=mamiya+sekor+c+150+3.5+n&category_root=7&category_child=97&item_condition_id%5B1%5D=1&item_condition_id%5B2%5D=1&item_condition_id%5B3%5D=1&status_on_sale=1&price_max=8688&page=1
https://www.mercari.com/jp/search/?keyword=mamiya+sekor+c+180+4.5&category_root=7&category_child=97&item_condition_id%5B1%5D=1&item_condition_id%5B2%5D=1&item_condition_id%5B3%5D=1&status_on_sale=1&price_max=4352&page=1
https://www.mercari.com/jp/search/?keyword=mamiya+sekor+c+180+4.5&category_root=7&category_child=97&item_condition_id%5B1%5D=1&item_condition_id%5B2%5D=1&item_condition_id%5B3%5D=1&status_on_sale=1&price_max=9293&page=1
https://www.mercari.com/jp/search/?keyword=mamiya+kl+180+4.5+l-a&category_root=7&category_child=97&item_condition_id%5B1%5D=1&item_condition_id%5B2%5D=1&item_condition_id%5B3%5D=1&status_on_sale=1&price_max=16893&page=1
https://www.mercari.com/jp/search/?keyword=mamiya+kl+180+4.5&category_root=7&category_child=97&item_condition_id%5B1%5D=1&item_condition_id%5B2%5D=1&item_condition_id%5B3%5D=1&status_on_sale=1&price_max=15349&page=1
https://www.mercari.com/jp/search/?keyword=mamiya+kl+250+4.5+la&category_root=7&category_child=97&item_condition_id%5B1%5D=1&item_condition_id%5B2%5D=1&item_condition_id%5B3%5D=1&status_on_sale=1&price_max=19347&page=1
https://www.mercari.com/jp/search/?keyword=mamiya+sekor+250+5+-c+-z+-p+-4.5&category_root=7&category_child=97&item_condition_id%5B1%5D=1&item_condition_id%5B2%5D=1&item_condition_id%5B3%5D=1&status_on_sale=1&price_max=14079&page=1
https://www.mercari.com/jp/search/?keyword=mamiya+sekor+c+360+6.3+-60+-110+-55&category_root=7&category_child=97&item_condition_id%5B1%5D=1&item_condition_id%5B2%5D=1&item_condition_id%5B3%5D=1&status_on_sale=1&price_max=8501&page=1
https://www.mercari.com/jp/search/?keyword=mamiya+6+type+k&category_root=7&category_child=97&item_condition_id%5B1%5D=1&item_condition_id%5B2%5D=1&item_condition_id%5B3%5D=1&status_on_sale=1&price_max=12376&page=1
https://www.mercari.com/jp/search/?keyword=mamiya+6+automat&category_root=7&category_child=97&item_condition_id%5B1%5D=1&item_condition_id%5B2%5D=1&item_condition_id%5B3%5D=1&status_on_sale=1&price_max=17962&page=1
https://www.mercari.com/jp/search/?keyword=mamiya+c3+pro&category_root=7&category_child=97&item_condition_id%5B1%5D=1&item_condition_id%5B2%5D=1&item_condition_id%5B3%5D=1&status_on_sale=1&price_max=45340&page=1
https://www.mercari.com/jp/search/?keyword=mamiya+c22+pro&category_root=7&category_child=97&item_condition_id%5B1%5D=1&item_condition_id%5B2%5D=1&item_condition_id%5B3%5D=1&status_on_sale=1&price_max=19339&page=1
https://www.mercari.com/jp/search/?keyword=mamiya+c330+pro&category_root=7&category_child=97&item_condition_id%5B1%5D=1&item_condition_id%5B2%5D=1&item_condition_id%5B3%5D=1&status_on_sale=1&price_max=49021&page=1
https://www.mercari.com/jp/search/?keyword=mamiya+c330+pro+f&category_root=7&category_child=97&item_condition_id%5B1%5D=1&item_condition_id%5B2%5D=1&item_condition_id%5B3%5D=1&status_on_sale=1&price_max=55394&page=1
https://www.mercari.com/jp/search/?keyword=mamiya+c330+pro+s&category_root=7&category_child=97&item_condition_id%5B1%5D=1&item_condition_id%5B2%5D=1&item_condition_id%5B3%5D=1&status_on_sale=1&price_max=62951&page=1
https://www.mercari.com/jp/search/?keyword=mamiya+rb67+pro&category_root=7&category_child=97&item_condition_id%5B1%5D=1&item_condition_id%5B2%5D=1&item_condition_id%5B3%5D=1&status_on_sale=1&price_max=46970&page=1
https://www.mercari.com/jp/search/?keyword=mamiya+rb67+pro+s&category_root=7&category_child=97&item_condition_id%5B1%5D=1&item_condition_id%5B2%5D=1&item_condition_id%5B3%5D=1&status_on_sale=1&price_max=44488&page=1
https://www.mercari.com/jp/search/?keyword=mamiya+rb67+pro+gl&category_root=7&category_child=97&item_condition_id%5B1%5D=1&item_condition_id%5B2%5D=1&item_condition_id%5B3%5D=1&status_on_sale=1&price_max=32359&page=1
https://www.mercari.com/jp/search/?keyword=mamiya+rb67+pro+sd&category_root=7&category_child=97&item_condition_id%5B1%5D=1&item_condition_id%5B2%5D=1&item_condition_id%5B3%5D=1&status_on_sale=1&price_max=55151&page=1
https://www.mercari.com/jp/search/?keyword=mamiya+rz67+pro&category_root=7&category_child=97&item_condition_id%5B1%5D=1&item_condition_id%5B2%5D=1&item_condition_id%5B3%5D=1&status_on_sale=1&price_max=116481&page=1
https://www.mercari.com/jp/search/?keyword=mamiya+rz67+pro+ii&category_root=7&category_child=97&item_condition_id%5B1%5D=1&item_condition_id%5B2%5D=1&item_condition_id%5B3%5D=1&status_on_sale=1&price_max=158388&page=1
https://www.mercari.com/jp/search/?keyword=mamiya+m645+1000s&category_root=7&category_child=97&item_condition_id%5B1%5D=1&item_condition_id%5B2%5D=1&item_condition_id%5B3%5D=1&status_on_sale=1&price_max=41095&page=1
https://www.mercari.com/jp/search/?keyword=mamiya+645+super&category_root=7&category_child=97&item_condition_id%5B1%5D=1&item_condition_id%5B2%5D=1&item_condition_id%5B3%5D=1&status_on_sale=1&price_max=55752&page=1
https://www.mercari.com/jp/search/?keyword=mamiya+m645+super&category_root=7&category_child=97&item_condition_id%5B1%5D=1&item_condition_id%5B2%5D=1&item_condition_id%5B3%5D=1&status_on_sale=1&price_max=63853&page=1
https://www.mercari.com/jp/search/?keyword=mamiya+645+e&category_root=7&category_child=97&item_condition_id%5B1%5D=1&item_condition_id%5B2%5D=1&item_condition_id%5B3%5D=1&status_on_sale=1&price_max=66241&page=1
https://www.mercari.com/jp/search/?keyword=mamiya+645+af+d&category_root=7&category_child=97&item_condition_id%5B1%5D=1&item_condition_id%5B2%5D=1&item_condition_id%5B3%5D=1&status_on_sale=1&price_max=108276&page=1
https://www.mercari.com/jp/search/?keyword=new+mamiya+6&category_root=7&category_child=97&item_condition_id%5B1%5D=1&item_condition_id%5B2%5D=1&item_condition_id%5B3%5D=1&status_on_sale=1&price_max=161842&page=1
https://www.mercari.com/jp/search/?keyword=mamiya+7+-UNIVERSAL+-%E3%83%A6%E3%83%8B%E3%83%90%E3%83%BC%E3%82%B5%E3%83%AB+-MAMIYA-6&category_root=7&category_child=97&item_condition_id%5B1%5D=1&item_condition_id%5B2%5D=1&item_condition_id%5B3%5D=1&status_on_sale=1&price_max=139045&page=1
https://www.mercari.com/jp/search/?keyword=mamiya+7+ii&category_root=7&category_child=97&item_condition_id%5B1%5D=1&item_condition_id%5B2%5D=1&item_condition_id%5B3%5D=1&status_on_sale=1&price_max=278934&page=1
https://www.mercari.com/jp/search/?keyword=mamiya+35+ii+3.5&category_root=7&category_child=97&item_condition_id%5B1%5D=1&item_condition_id%5B2%5D=1&item_condition_id%5B3%5D=1&status_on_sale=1&price_max=212673&page=1
https://www.mercari.com/jp/search/?keyword=mamiya+35+ii+2.8&category_root=7&category_child=97&item_condition_id%5B1%5D=1&item_condition_id%5B2%5D=1&item_condition_id%5B3%5D=1&status_on_sale=1&price_max=109500&page=1
https://www.mercari.com/jp/search/?keyword=mamiya+35+s&category_root=7&category_child=97&item_condition_id%5B1%5D=1&item_condition_id%5B2%5D=1&item_condition_id%5B3%5D=1&status_on_sale=1&price_max=27927&page=1
https://www.mercari.com/jp/search/?keyword=mamiya+35+ruby+1.9&category_root=7&category_child=97&item_condition_id%5B1%5D=1&item_condition_id%5B2%5D=1&item_condition_id%5B3%5D=1&status_on_sale=1&price_max=3221&page=1
https://www.mercari.com/jp/search/?keyword=mamiya+35+ee+merit&category_root=7&category_child=97&item_condition_id%5B1%5D=1&item_condition_id%5B2%5D=1&item_condition_id%5B3%5D=1&status_on_sale=1&price_max=1191&page=1
https://www.mercari.com/jp/search/?keyword=mamiya+35+super+deluxe&category_root=7&category_child=97&item_condition_id%5B1%5D=1&item_condition_id%5B2%5D=1&item_condition_id%5B3%5D=1&status_on_sale=1&price_max=36077&page=1
https://www.mercari.com/jp/search/?keyword=mamiya+u&category_root=7&category_child=97&item_condition_id%5B1%5D=1&item_condition_id%5B2%5D=1&item_condition_id%5B3%5D=1&status_on_sale=1&price_max=8069&page=1
https://www.mercari.com/jp/search/?keyword=mamiya+wide&category_root=7&category_child=97&item_condition_id%5B1%5D=1&item_condition_id%5B2%5D=1&item_condition_id%5B3%5D=1&status_on_sale=1&price_max=21300&page=1
https://www.mercari.com/jp/search/?keyword=mamiya+family&category_root=7&category_child=97&item_condition_id%5B1%5D=1&item_condition_id%5B2%5D=1&item_condition_id%5B3%5D=1&status_on_sale=1&price_max=61638&page=1
https://www.mercari.com/jp/search/?keyword=mamiya+prismat+np&category_root=7&category_child=97&item_condition_id%5B1%5D=1&item_condition_id%5B2%5D=1&item_condition_id%5B3%5D=1&status_on_sale=1&price_max=16559&page=1
https://www.mercari.com/jp/search/?keyword=mamiya+dsx+500&category_root=7&category_child=97&item_condition_id%5B1%5D=1&item_condition_id%5B2%5D=1&item_condition_id%5B3%5D=1&status_on_sale=1&price_max=4380&page=1
https://www.mercari.com/jp/search/?keyword=mamiya+ze-x&category_root=7&category_child=97&item_condition_id%5B1%5D=1&item_condition_id%5B2%5D=1&item_condition_id%5B3%5D=1&status_on_sale=1&price_max=3915&page=1
https://www.mercari.com/jp/search/?keyword=mamiya+zm+quartz&category_root=7&category_child=97&item_condition_id%5B1%5D=1&item_condition_id%5B2%5D=1&item_condition_id%5B3%5D=1&status_on_sale=1&price_max=11345&page=1
https://www.mercari.com/jp/search/?keyword=mamiya+c33+pro+105+3.5&category_root=7&category_child=97&item_condition_id%5B1%5D=1&item_condition_id%5B2%5D=1&item_condition_id%5B3%5D=1&status_on_sale=1&price_max=22870&page=1
https://www.mercari.com/jp/search/?keyword=mamiya+6+k+-&category_root=7&category_child=97&item_condition_id%5B1%5D=1&item_condition_id%5B2%5D=1&item_condition_id%5B3%5D=1&status_on_sale=1&price_max=30037&page=1
https://www.mercari.com/jp/search/?keyword=mamiya+6+k+7.5+3.5&category_root=7&category_child=97&item_condition_id%5B1%5D=1&item_condition_id%5B2%5D=1&item_condition_id%5B3%5D=1&status_on_sale=1&price_max=15518&page=1
https://www.mercari.com/jp/search/?keyword=mamiya+6+v&category_root=7&category_child=97&item_condition_id%5B1%5D=1&item_condition_id%5B2%5D=1&item_condition_id%5B3%5D=1&status_on_sale=1&price_max=14801&page=1
https://www.mercari.com/jp/search/?keyword=mamiya+6+automatic&category_root=7&category_child=97&item_condition_id%5B1%5D=1&item_condition_id%5B2%5D=1&item_condition_id%5B3%5D=1&status_on_sale=1&price_max=12832&page=1
https://www.mercari.com/jp/search/?keyword=mamiya+%28universal+press+%E3%83%A6%E3%83%8B%E3%83%90%E3%83%BC%E3%82%B5%E3%83%AB%29+100+3.5&category_root=7&category_child=97&item_condition_id%5B1%5D=1&item_condition_id%5B2%5D=1&item_condition_id%5B3%5D=1&status_on_sale=1&price_max=27656&page=1
https://www.mercari.com/jp/search/?keyword=mamiya+%28universal+press+%E3%83%A6%E3%83%8B%E3%83%90%E3%83%BC%E3%82%B5%E3%83%AB%29+127+4.7&category_root=7&category_child=97&item_condition_id%5B1%5D=1&item_condition_id%5B2%5D=1&item_condition_id%5B3%5D=1&status_on_sale=1&price_max=22230&page=1
https://www.mercari.com/jp/search/?keyword=mamiya+press+super+23+-&category_root=7&category_child=97&item_condition_id%5B1%5D=1&item_condition_id%5B2%5D=1&item_condition_id%5B3%5D=1&status_on_sale=1&price_max=18545&page=1
https://www.mercari.com/jp/search/?keyword=mamiya+press+super+23+100+3.5&category_root=7&category_child=97&item_condition_id%5B1%5D=1&item_condition_id%5B2%5D=1&item_condition_id%5B3%5D=1&status_on_sale=1&price_max=22456&page=1
https://www.mercari.com/jp/search/?keyword=mamiya+rb67+pro+s+prism&category_root=7&category_child=97&item_condition_id%5B1%5D=1&item_condition_id%5B2%5D=1&item_condition_id%5B3%5D=1&status_on_sale=1&price_max=14203&page=1
https://www.mercari.com/jp/search/?keyword=mamiya+rb67+%28waist+finder+%E3%82%A6%E3%82%A8%E3%82%B9%E3%83%88%E3%83%AC%E3%83%99%E3%83%AB%29+pro+s&category_root=7&category_child=97&item_condition_id%5B1%5D=1&item_condition_id%5B2%5D=1&item_condition_id%5B3%5D=1&status_on_sale=1&price_max=9308&page=1
https://www.mercari.com/jp/search/?keyword=mamiya+645+%28waist+finder+%E3%82%A6%E3%82%A8%E3%82%B9%E3%83%88%E3%83%AC%E3%83%99%E3%83%AB%29+n+645+pro+tl&category_root=7&category_child=97&item_condition_id%5B1%5D=1&item_condition_id%5B2%5D=1&item_condition_id%5B3%5D=1&status_on_sale=1&price_max=19691&page=1
https://www.mercari.com/jp/search/?keyword=mamiya+ae+prism+finder+rz67+pro+ii&category_root=7&category_child=97&item_condition_id%5B1%5D=1&item_condition_id%5B2%5D=1&item_condition_id%5B3%5D=1&status_on_sale=1&price_max=29028&page=1
https://www.mercari.com/jp/search/?keyword=mamiya+ae+prism+finder+rz67&category_root=7&category_child=97&item_condition_id%5B1%5D=1&item_condition_id%5B2%5D=1&item_condition_id%5B3%5D=1&status_on_sale=1&price_max=21437&page=1
https://www.mercari.com/jp/search/?keyword=mamiya+cds+prism+finder+rb67&category_root=7&category_child=97&item_condition_id%5B1%5D=1&item_condition_id%5B2%5D=1&item_condition_id%5B3%5D=1&status_on_sale=1&price_max=13285&page=1
https://www.mercari.com/jp/search/?keyword=mamiya+eye+level+finder+rb67&category_root=7&category_child=97&item_condition_id%5B1%5D=1&item_condition_id%5B2%5D=1&item_condition_id%5B3%5D=1&status_on_sale=1&price_max=11049&page=1
https://www.mercari.com/jp/search/?keyword=mamiya+fd701&category_root=7&category_child=97&item_condition_id%5B1%5D=1&item_condition_id%5B2%5D=1&item_condition_id%5B3%5D=1&status_on_sale=1&price_max=7710&page=1
https://www.mercari.com/jp/search/?keyword=mamiya+pd+finder&category_root=7&category_child=97&item_condition_id%5B1%5D=1&item_condition_id%5B2%5D=1&item_condition_id%5B3%5D=1&status_on_sale=1&price_max=14948&page=1
https://www.mercari.com/jp/search/?keyword=mamiya+%28waist+finder+%E3%82%A6%E3%82%A8%E3%82%B9%E3%83%88%E3%83%AC%E3%83%99%E3%83%AB%29+645&category_root=7&category_child=97&item_condition_id%5B1%5D=1&item_condition_id%5B2%5D=1&item_condition_id%5B3%5D=1&status_on_sale=1&price_max=17205&page=1
https://www.mercari.com/jp/search/?keyword=mamiya+%28waist+finder+%E3%82%A6%E3%82%A8%E3%82%B9%E3%83%88%E3%83%AC%E3%83%99%E3%83%AB%29+m645&category_root=7&category_child=97&item_condition_id%5B1%5D=1&item_condition_id%5B2%5D=1&item_condition_id%5B3%5D=1&status_on_sale=1&price_max=16452&page=1
https://www.mercari.com/jp/search/?keyword=mamiya+%28waist+finder+%E3%82%A6%E3%82%A8%E3%82%B9%E3%83%88%E3%83%AC%E3%83%99%E3%83%AB%29+rz67+pro+ii&category_root=7&category_child=97&item_condition_id%5B1%5D=1&item_condition_id%5B2%5D=1&item_condition_id%5B3%5D=1&status_on_sale=1&price_max=15638&page=1
https://www.mercari.com/jp/search/?keyword=mamiya+%28waist+finder+%E3%82%A6%E3%82%A8%E3%82%B9%E3%83%88%E3%83%AC%E3%83%99%E3%83%AB%29+rb67+s&category_root=7&category_child=97&item_condition_id%5B1%5D=1&item_condition_id%5B2%5D=1&item_condition_id%5B3%5D=1&status_on_sale=1&price_max=9308&page=1
https://www.mercari.com/jp/search/?keyword=mamiya+rb67+pro+%28back+%E3%83%90%E3%83%83%E3%82%AF+holder+%E3%83%9B%E3%83%AB%E3%83%80%E3%83%BC%29+-%28pro+-s%29&category_root=7&category_child=97&item_condition_id%5B1%5D=1&item_condition_id%5B2%5D=1&item_condition_id%5B3%5D=1&status_on_sale=1&price_max=9171&page=1
https://www.mercari.com/jp/search/?keyword=mamiya+rb67+pro+s+120+%28back+%E3%83%90%E3%83%83%E3%82%AF+holder+%E3%83%9B%E3%83%AB%E3%83%80%E3%83%BC%29&category_root=7&category_child=97&item_condition_id%5B1%5D=1&item_condition_id%5B2%5D=1&item_condition_id%5B3%5D=1&status_on_sale=1&price_max=8255&page=1
https://www.mercari.com/jp/search/?keyword=mamiya+rb67+pro+s+220+%28back+%E3%83%90%E3%83%83%E3%82%AF+holder+%E3%83%9B%E3%83%AB%E3%83%80%E3%83%BC%29&category_root=7&category_child=97&item_condition_id%5B1%5D=1&item_condition_id%5B2%5D=1&item_condition_id%5B3%5D=1&status_on_sale=1&price_max=10686&page=1
https://www.mercari.com/jp/search/?keyword=mamiya+rb67+pro+sd+120+%28back+%E3%83%90%E3%83%83%E3%82%AF+holder+%E3%83%9B%E3%83%AB%E3%83%80%E3%83%BC%29&category_root=7&category_child=97&item_condition_id%5B1%5D=1&item_condition_id%5B2%5D=1&item_condition_id%5B3%5D=1&status_on_sale=1&price_max=10563&page=1
https://www.mercari.com/jp/search/?keyword=mamiya+rb67+6x4.5+%28back+%E3%83%90%E3%83%83%E3%82%AF+holder+%E3%83%9B%E3%83%AB%E3%83%80%E3%83%BC%29&category_root=7&category_child=97&item_condition_id%5B1%5D=1&item_condition_id%5B2%5D=1&item_condition_id%5B3%5D=1&status_on_sale=1&price_max=6943&page=1
https://www.mercari.com/jp/search/?keyword=mamiya+rb67+6x7+120+220+%28back+%E3%83%90%E3%83%83%E3%82%AF+holder+%E3%83%9B%E3%83%AB%E3%83%80%E3%83%BC%29&category_root=7&category_child=97&item_condition_id%5B1%5D=1&item_condition_id%5B2%5D=1&item_condition_id%5B3%5D=1&status_on_sale=1&price_max=10699&page=1
https://www.mercari.com/jp/search/?keyword=mamiya+rb67+6x7+pro+sd+%28back+%E3%83%90%E3%83%83%E3%82%AF+holder+%E3%83%9B%E3%83%AB%E3%83%80%E3%83%BC%29&category_root=7&category_child=97&item_condition_id%5B1%5D=1&item_condition_id%5B2%5D=1&item_condition_id%5B3%5D=1&status_on_sale=1&price_max=9807&page=1
https://www.mercari.com/jp/search/?keyword=mamiya+rb67+6x8+%28back+%E3%83%90%E3%83%83%E3%82%AF+holder+%E3%83%9B%E3%83%AB%E3%83%80%E3%83%BC%29&category_root=7&category_child=97&item_condition_id%5B1%5D=1&item_condition_id%5B2%5D=1&item_condition_id%5B3%5D=1&status_on_sale=1&price_max=9893&page=1
https://www.mercari.com/jp/search/?keyword=mamiya+rb67+6x8+pro+sd+%28back+%E3%83%90%E3%83%83%E3%82%AF+holder+%E3%83%9B%E3%83%AB%E3%83%80%E3%83%BC%29&category_root=7&category_child=97&item_condition_id%5B1%5D=1&item_condition_id%5B2%5D=1&item_condition_id%5B3%5D=1&status_on_sale=1&price_max=10189&page=1
https://www.mercari.com/jp/search/?keyword=mamiya+rz67+pro+ii+120+%28back+%E3%83%90%E3%83%83%E3%82%AF+holder+%E3%83%9B%E3%83%AB%E3%83%80%E3%83%BC%29&category_root=7&category_child=97&item_condition_id%5B1%5D=1&item_condition_id%5B2%5D=1&item_condition_id%5B3%5D=1&status_on_sale=1&price_max=10966&page=1
https://www.mercari.com/jp/search/?keyword=mamiya+m645+120+%28back+%E3%83%90%E3%83%83%E3%82%AF+holder+%E3%83%9B%E3%83%AB%E3%83%80%E3%83%BC%29&category_root=7&category_child=97&item_condition_id%5B1%5D=1&item_condition_id%5B2%5D=1&item_condition_id%5B3%5D=1&status_on_sale=1&price_max=7123&page=1
https://www.mercari.com/jp/search/?keyword=mamiya+645+pro+120+%28back+%E3%83%90%E3%83%83%E3%82%AF+holder+%E3%83%9B%E3%83%AB%E3%83%80%E3%83%BC%29&category_root=7&category_child=97&item_condition_id%5B1%5D=1&item_condition_id%5B2%5D=1&item_condition_id%5B3%5D=1&status_on_sale=1&price_max=7556&page=1
https://www.mercari.com/jp/search/?keyword=mamiya+645+super+pro+120+%28back+%E3%83%90%E3%83%83%E3%82%AF+holder+%E3%83%9B%E3%83%AB%E3%83%80%E3%83%BC%29&category_root=7&category_child=97&item_condition_id%5B1%5D=1&item_condition_id%5B2%5D=1&item_condition_id%5B3%5D=1&status_on_sale=1&price_max=7136&page=1
https://www.mercari.com/jp/search/?keyword=mamiya+rb67+pro+s+6+8+120+220&category_root=7&category_child=97&item_condition_id%5B1%5D=1&item_condition_id%5B2%5D=1&item_condition_id%5B3%5D=1&status_on_sale=1&price_max=10430&page=1
https://www.mercari.com/jp/search/?keyword=mamiya+rz67+pro+ii+120+-&category_root=7&category_child=97&item_condition_id%5B1%5D=1&item_condition_id%5B2%5D=1&item_condition_id%5B3%5D=1&status_on_sale=1&price_max=10880&page=1
https://www.mercari.com/jp/search/?keyword=mamiya+RB67+Pro+s+SD+120&category_root=7&category_child=97&item_condition_id%5B1%5D=1&item_condition_id%5B2%5D=1&item_condition_id%5B3%5D=1&status_on_sale=1&price_max=9666&page=1
https://www.mercari.com/jp/search/?keyword=Mamiya+RB67+pro+s+6+8+120+220&category_root=7&category_child=97&item_condition_id%5B1%5D=1&item_condition_id%5B2%5D=1&item_condition_id%5B3%5D=1&status_on_sale=1&price_max=10430&page=1
https://www.mercari.com/jp/search/?keyword=mamiya+ac401&category_root=7&category_child=97&item_condition_id%5B1%5D=1&item_condition_id%5B2%5D=1&item_condition_id%5B3%5D=1&status_on_sale=1&price_max=9188&page=1
https://www.mercari.com/jp/search/?keyword=mamiya+wg401&category_root=7&category_child=97&item_condition_id%5B1%5D=1&item_condition_id%5B2%5D=1&item_condition_id%5B3%5D=1&status_on_sale=1&price_max=20722&page=1
https://www.mercari.com/jp/search/?keyword=mamiya+left+grip&category_root=7&category_child=97&item_condition_id%5B1%5D=1&item_condition_id%5B2%5D=1&item_condition_id%5B3%5D=1&status_on_sale=1&price_max=9354&page=1
https://www.mercari.com/jp/search/?keyword=mamiya+rz67+l+grip+pro+ii&category_root=7&category_child=97&item_condition_id%5B1%5D=1&item_condition_id%5B2%5D=1&item_condition_id%5B3%5D=1&status_on_sale=1&price_max=22445&page=1
https://www.mercari.com/jp/search/?keyword=pentax+smc+28+3.5+-super+-m42+-50+-80+-4.7+-pentax-m+-m+-f+-28-80+-fa&category_root=7&category_child=97&item_condition_id%5B1%5D=1&item_condition_id%5B2%5D=1&item_condition_id%5B3%5D=1&status_on_sale=1&price_max=11268&page=1
https://www.mercari.com/jp/items/m38852051542/?_s=U2FsdGVkX18slO-VP_5yQZKsqACmeeZp-W5TpQU_mXcssCQlzo8tHe2tu9MaXo9KAthnn727I7ei_5YF_sOWn6mzN4dpYBJuMsIiEaE1DGdmNiFTcn9c4_qC4qqIlHCC
https://www.mercari.com/jp/search/?keyword=pentax+smc+6x7+150+2.8+-%E4%B8%AD%E5%88%A4%E3%82%AB%E3%83%A1%E3%83%A9+-%E4%B8%AD%E5%88%A4%E3%83%95%E3%82%A3%E3%83%AB%E3%83%A0&category_root=7&category_child=97&item_condition_id%5B1%5D=1&item_condition_id%5B2%5D=1&item_condition_id%5B3%5D=1&status_on_sale=1&price_max=10915&page=1
https://www.mercari.com/jp/search/?keyword=pentax+mx+-%E3%82%A2%E3%82%A4%E3%82%AB%E3%83%83%E3%83%97+-%E3%83%AC%E3%83%B3%E3%82%BA&category_root=7&category_child=97&item_condition_id%5B1%5D=1&item_condition_id%5B2%5D=1&item_condition_id%5B3%5D=1&status_on_sale=1&price_max=13621&page=1
https://www.mercari.com/jp/search/?keyword=pentax+spotmeter+v&category_root=7&category_child=97&item_condition_id%5B1%5D=1&item_condition_id%5B2%5D=1&item_condition_id%5B3%5D=1&status_on_sale=1&price_max=11510&page=1
https://www.mercari.com/jp/search/?keyword=olympus+om+mc+w+35+2+-2.8+-om1+-om-1+-om2+-om-2&category_root=7&category_child=97&item_condition_id%5B1%5D=1&item_condition_id%5B2%5D=1&item_condition_id%5B3%5D=1&status_on_sale=1&price_max=17882&page=1
https://www.mercari.com/jp/search/?keyword=olympus+om+e.zuiko+t+100+2.8+-om1+-om-1+-om2+-om-2+-om3+-om-3+-om10+-om-10&category_root=7&category_child=97&item_condition_id%5B1%5D=1&item_condition_id%5B2%5D=1&item_condition_id%5B3%5D=1&status_on_sale=1&price_max=12839&page=1
https://www.mercari.com/jp/search/?keyword=olympus+mju+ii+compact+110+-lens+-%E3%83%AC%E3%83%B3%E3%82%BA&category_root=7&category_child=97&item_condition_id%5B1%5D=1&item_condition_id%5B2%5D=1&item_condition_id%5B3%5D=1&status_on_sale=1&price_max=8937&page=1
https://www.mercari.com/jp/search/?keyword=olympus+mju+35+3.5+%28panorama+%E3%83%91%E3%83%8E%E3%83%A9%E3%83%9E%29&category_root=7&category_child=97&item_condition_id%5B1%5D=1&item_condition_id%5B2%5D=1&item_condition_id%5B3%5D=1&status_on_sale=1&price_max=10329&page=1
https://www.mercari.com/jp/search/?keyword=olympus+mju+ii+115+vf+compact+35&category_root=7&category_child=97&item_condition_id%5B1%5D=1&item_condition_id%5B2%5D=1&item_condition_id%5B3%5D=1&status_on_sale=1&price_max=10982&page=1
https://www.mercari.com/jp/search/?keyword=olympus+om-1+-zuiko+-lens+-%E3%83%AC%E3%83%B3%E3%82%BA&category_root=7&category_child=97&item_condition_id%5B1%5D=1&item_condition_id%5B2%5D=1&item_condition_id%5B3%5D=1&status_on_sale=1&price_max=5850&page=1
https://www.mercari.com/jp/search/?keyword=olympus+om-1+zuiko+50+f1.4&category_root=7&category_child=97&item_condition_id%5B1%5D=1&item_condition_id%5B2%5D=1&item_condition_id%5B3%5D=1&status_on_sale=1&price_max=18390&page=1
https://www.mercari.com/jp/search/?keyword=olympus+om2000+-lens+-%E3%83%AC%E3%83%B3%E3%82%BA&category_root=7&category_child=97&item_condition_id%5B1%5D=1&item_condition_id%5B2%5D=1&item_condition_id%5B3%5D=1&status_on_sale=1&price_max=6502&page=1
https://www.mercari.com/jp/search/?keyword=olympus+pen+d+-lens+-%E3%83%AC%E3%83%B3%E3%82%BA+-EES+-ee-2+-PEN-EE+-EE+-ef+-PEN-D2&category_root=7&category_child=97&item_condition_id%5B1%5D=1&item_condition_id%5B2%5D=1&item_condition_id%5B3%5D=1&status_on_sale=1&price_max=6354&page=1
https://www.mercari.com/jp/search/?keyword=olympus+trip+35+-lens+-%E3%83%AC%E3%83%B3%E3%82%BA+-xa+-xa2+-%CE%BC+-AF-1+-OM+-ec+-%CE%BC&category_root=7&category_child=97&item_condition_id%5B1%5D=1&item_condition_id%5B2%5D=1&item_condition_id%5B3%5D=1&status_on_sale=1&price_max=7347&page=1
https://www.mercari.com/jp/search/?keyword=olympus+trip+40+-lens+-%E3%83%AC%E3%83%B3%E3%82%BA+-xb40&category_root=7&category_child=97&item_condition_id%5B1%5D=1&item_condition_id%5B2%5D=1&item_condition_id%5B3%5D=1&status_on_sale=1&price_max=7347&page=1
https://www.mercari.com/jp/search/?keyword=olympus+sp+42+1.7+-lens+-%E3%83%AC%E3%83%B3%E3%82%BA+-gold+-%E9%BB%92+-black+-%E3%83%96%E3%83%A9%E3%83%83%E3%82%AF+-%E8%AA%AC%E6%98%8E%E6%9B%B8&category_root=7&category_child=97&item_condition_id%5B1%5D=1&item_condition_id%5B2%5D=1&item_condition_id%5B3%5D=1&status_on_sale=1&price_max=19556&page=1
https://www.mercari.com/jp/search/?keyword=olympus+sp+g+zuiko+42+1.7&category_root=7&category_child=97&item_condition_id%5B1%5D=1&item_condition_id%5B2%5D=1&item_condition_id%5B3%5D=1&status_on_sale=1&price_max=18958&page=1
https://www.mercari.com/jp/search/?keyword=nikon+nikkor+28+2.8+%28ai-s%2Cais%29&category_root=7&category_child=97&item_condition_id%5B1%5D=1&item_condition_id%5B2%5D=1&item_condition_id%5B3%5D=1&status_on_sale=1&price_max=16177&page=1
https://www.mercari.com/jp/search/?keyword=nikon+nikkor+35+1.4+%E9%9D%9E+ai&category_root=7&category_child=97&item_condition_id%5B1%5D=1&item_condition_id%5B2%5D=1&item_condition_id%5B3%5D=1&status_on_sale=1&price_max=22077&page=1
https://www.mercari.com/jp/search/?keyword=nikon+nikkor+35+2.8+ai+-%E9%9D%9E+-non+-ais+-ai-s+-%E6%94%B9&category_root=7&category_child=97&item_condition_id%5B1%5D=1&item_condition_id%5B2%5D=1&item_condition_id%5B3%5D=1&status_on_sale=1&price_max=8197&page=1
https://www.mercari.com/jp/search/?keyword=nikon+nikkor+s+auto+50+1.4+ai+%E6%94%B9&category_root=7&category_child=97&item_condition_id%5B1%5D=1&item_condition_id%5B2%5D=1&item_condition_id%5B3%5D=1&status_on_sale=1&price_max=10171&page=1
https://www.mercari.com/jp/search/?keyword=nikon+new+nikkor+50+2&category_root=7&category_child=97&item_condition_id%5B1%5D=1&item_condition_id%5B2%5D=1&item_condition_id%5B3%5D=1&status_on_sale=1&price_max=13971&page=1
https://www.mercari.com/jp/search/?keyword=nikon+nikkor+o+50+2.8&category_root=7&category_child=97&item_condition_id%5B1%5D=1&item_condition_id%5B2%5D=1&item_condition_id%5B3%5D=1&status_on_sale=1&price_max=18561&page=1
https://www.mercari.com/jp/search/?keyword=nikon+nikkor+o+c+50+2.8&category_root=7&category_child=97&item_condition_id%5B1%5D=1&item_condition_id%5B2%5D=1&item_condition_id%5B3%5D=1&status_on_sale=1&price_max=22054&page=1
https://www.mercari.com/jp/search/?keyword=nikon+nikkor+h+50+3.5&category_root=7&category_child=97&item_condition_id%5B1%5D=1&item_condition_id%5B2%5D=1&item_condition_id%5B3%5D=1&status_on_sale=1&price_max=9418&page=1
https://www.mercari.com/jp/search/?keyword=nikon+nikkor+h+c+85+1.8+non+ai+-%E9%9D%9E+-non+-ais+-ai-s+-%E6%94%B9&category_root=7&category_child=97&item_condition_id%5B1%5D=1&item_condition_id%5B2%5D=1&item_condition_id%5B3%5D=1&status_on_sale=1&price_max=10518&page=1
https://www.mercari.com/jp/search/?keyword=nikon+series+e+100mm+f2.8+%28ais+ai-s%29&category_root=7&category_child=97&item_condition_id%5B1%5D=1&item_condition_id%5B2%5D=1&item_condition_id%5B3%5D=1&status_on_sale=1&price_max=7185&page=1
https://www.mercari.com/jp/search/?keyword=nikon+nikkor+105+2.5+%28ais+ai-s%29+-&category_root=7&category_child=97&item_condition_id%5B1%5D=1&item_condition_id%5B2%5D=1&item_condition_id%5B3%5D=1&status_on_sale=1&price_max=17611&page=1
https://www.mercari.com/jp/search/?keyword=nikon+nikkor+w+135+5.6&category_root=7&category_child=97&item_condition_id%5B1%5D=1&item_condition_id%5B2%5D=1&item_condition_id%5B3%5D=1&status_on_sale=1&price_max=20840&page=1
https://www.mercari.com/jp/search/?keyword=nikon+nikkor+w+135+5.6+copal&category_root=7&category_child=97&item_condition_id%5B1%5D=1&item_condition_id%5B2%5D=1&item_condition_id%5B3%5D=1&status_on_sale=1&price_max=19967&page=1
https://www.mercari.com/jp/search/?keyword=nikon+l35+af+-tw+-l35af2+-l35aw+-l35af3&category_root=7&category_child=97&item_condition_id%5B1%5D=1&item_condition_id%5B2%5D=1&item_condition_id%5B3%5D=1&status_on_sale=1&price_max=14485&page=1
https://www.mercari.com/jp/search/?keyword=nikon+l35+af2+-tw+-l35aw+-l35af3&category_root=7&category_child=97&item_condition_id%5B1%5D=1&item_condition_id%5B2%5D=1&item_condition_id%5B3%5D=1&status_on_sale=1&price_max=11428&page=1
https://www.mercari.com/jp/search/?keyword=nikon+l35+ad+aw&category_root=7&category_child=97&item_condition_id%5B1%5D=1&item_condition_id%5B2%5D=1&item_condition_id%5B3%5D=1&status_on_sale=1&price_max=12413&page=1
https://www.mercari.com/jp/search/?keyword=nikon+nikonos+v+35+2.5+-%E3%83%96%E3%83%A9%E3%83%83%E3%82%AF+-%E9%BB%92+-%E7%B7%91+-%E3%82%B0%E3%83%AA%E3%83%BC%E3%83%B3+-%E3%82%AA%E3%83%AA%E3%83%BC%E3%83%96&category_root=7&category_child=97&item_condition_id%5B1%5D=1&item_condition_id%5B2%5D=1&item_condition_id%5B3%5D=1&status_on_sale=1&price_max=22321&page=1
https://www.mercari.com/jp/search/?keyword=nikon+fa+%28black++%E9%BB%92+%E3%83%96%E3%83%A9%E3%83%83%E3%82%AF%29+md-15+-lens+-%E3%83%AC%E3%83%B3%E3%82%BA&category_root=7&category_child=97&item_condition_id%5B1%5D=1&item_condition_id%5B2%5D=1&item_condition_id%5B3%5D=1&status_on_sale=1&price_max=20555&page=1
https://www.mercari.com/jp/search/?keyword=nikon+f2a+50+1.4+ai+-non+-%E9%9D%9E+-ais+-ais+-convert+-converted+-f2a+-f2as&category_root=7&category_child=97&item_condition_id%5B1%5D=1&item_condition_id%5B2%5D=1&item_condition_id%5B3%5D=1&status_on_sale=1&price_max=25845&page=1
https://www.mercari.com/jp/search/?keyword=nikon+f3+nikkor+50+1.8+%28ais+ai-s%29&category_root=7&category_child=97&item_condition_id%5B1%5D=1&item_condition_id%5B2%5D=1&item_condition_id%5B3%5D=1&status_on_sale=1&price_max=9559&page=1
https://www.mercari.com/jp/search/?keyword=nikon+fm+50+1.8+ai+-fm2+-fm3+-fm3+-fm3a+-%E9%9D%9E+-non+-ais+-ai-s+-%E6%94%B9&category_root=7&category_child=97&item_condition_id%5B1%5D=1&item_condition_id%5B2%5D=1&item_condition_id%5B3%5D=1&status_on_sale=1&price_max=18409&page=1
https://www.mercari.com/jp/search/?keyword=nikon+r10+-lens+-%E3%83%AC%E3%83%B3%E3%82%BA+-%E3%83%AA%E3%83%A2%E3%82%B3%E3%83%B3+-%E3%82%B7%E3%83%8D%E3%83%86%E3%82%AF%E3%83%8B%E3%83%83%E3%82%AF%E3%82%AC%E3%82%A4%E3%83%89&category_root=7&category_child=97&item_condition_id%5B1%5D=1&item_condition_id%5B2%5D=1&item_condition_id%5B3%5D=1&status_on_sale=1&price_max=20273&page=1
https://www.mercari.com/jp/search/?keyword=nikon+fieldscope+D%3D60+-%E3%83%90%E3%83%83%E3%83%86%E3%83%AA%E3%83%BC+-%E3%82%B0%E3%83%AA%E3%83%83%E3%83%97+-%E4%BA%92%E6%8F%9B+-%E3%82%A2%E3%82%A4%E3%82%AB%E3%83%83%E3%83%97+-%E3%83%90%E3%83%83%E3%83%86%E3%83%AA%E3%83%BC%E3%82%B0%E3%83%AA%E3%83%83%E3%83%97&category_root=7&category_child=97&item_condition_id%5B1%5D=1&item_condition_id%5B2%5D=1&item_condition_id%5B3%5D=1&status_on_sale=1&price_max=16210&page=1
https://www.mercari.com/jp/search/?keyword=nikon+da-1&category_root=7&category_child=97&item_condition_id%5B1%5D=1&item_condition_id%5B2%5D=1&item_condition_id%5B3%5D=1&status_on_sale=1&price_max=16250&page=1
https://www.mercari.com/jp/search/?keyword=nikon+dw-3&category_root=7&category_child=97&item_condition_id%5B1%5D=1&item_condition_id%5B2%5D=1&item_condition_id%5B3%5D=1&status_on_sale=1&price_max=9056&page=1
https://www.mercari.com/jp/search/?keyword=nikon+dw-30&category_root=7&category_child=97&item_condition_id%5B1%5D=1&item_condition_id%5B2%5D=1&item_condition_id%5B3%5D=1&status_on_sale=1&price_max=11514&page=1
https://www.mercari.com/jp/search/?keyword=minolta+md+100+2.5+-&category_root=7&category_child=97&item_condition_id%5B1%5D=1&item_condition_id%5B2%5D=1&item_condition_id%5B3%5D=1&status_on_sale=1&price_max=12636&page=1
https://www.mercari.com/jp/search/?keyword=minolta+new+md+100+2.5&category_root=7&category_child=97&item_condition_id%5B1%5D=1&item_condition_id%5B2%5D=1&item_condition_id%5B3%5D=1&status_on_sale=1&price_max=15160&page=1
https://www.mercari.com/jp/search/?keyword=minolta+autocord&category_root=7&category_child=97&item_condition_id%5B1%5D=1&item_condition_id%5B2%5D=1&item_condition_id%5B3%5D=1&status_on_sale=1&price_max=22609&page=1
https://www.mercari.com/jp/search/?keyword=minolta+hi+matic+e&category_root=7&category_child=97&item_condition_id%5B1%5D=1&item_condition_id%5B2%5D=1&item_condition_id%5B3%5D=1&status_on_sale=1&price_max=7727&page=1
https://www.mercari.com/jp/search/?keyword=minolta+autocord+rokkor+75+3.5&category_root=7&category_child=97&item_condition_id%5B1%5D=1&item_condition_id%5B2%5D=1&item_condition_id%5B3%5D=1&status_on_sale=1&price_max=18639&page=1
https://www.mercari.com/jp/search/?keyword=contax+rts+ii+-&category_root=7&category_child=97&item_condition_id%5B1%5D=1&item_condition_id%5B2%5D=1&item_condition_id%5B3%5D=1&status_on_sale=1&price_max=21760&page=1
https://www.mercari.com/jp/search/?keyword=contax+t+35+2.8+-mmj+-t2+-t3+-t4&category_root=7&category_child=97&item_condition_id%5B1%5D=1&item_condition_id%5B2%5D=1&item_condition_id%5B3%5D=1&status_on_sale=1&price_max=19725&page=1
https://www.mercari.com/jp/search/?keyword=contax+t+45+2.8+-aej+-jahre&category_root=7&category_child=97&item_condition_id%5B1%5D=1&item_condition_id%5B2%5D=1&item_condition_id%5B3%5D=1&status_on_sale=1&price_max=20534&page=1
https://www.mercari.com/jp/search/?keyword=contax+tvs+-ii+-iii&category_root=7&category_child=97&item_condition_id%5B1%5D=1&item_condition_id%5B2%5D=1&item_condition_id%5B3%5D=1&status_on_sale=1&price_max=27603&page=1
https://www.mercari.com/jp/search/?keyword=kyocera+t+proof&category_root=7&category_child=97&item_condition_id%5B1%5D=1&item_condition_id%5B2%5D=1&item_condition_id%5B3%5D=1&status_on_sale=1&price_max=45164&page=1
https://www.mercari.com/jp/search/?keyword=canon+fd+17+4&category_root=7&category_child=97&item_condition_id%5B1%5D=1&item_condition_id%5B2%5D=1&item_condition_id%5B3%5D=1&status_on_sale=1&price_max=27752&page=1
https://www.mercari.com/jp/search/?keyword=canon+fd+20+2.8&category_root=7&category_child=97&item_condition_id%5B1%5D=1&item_condition_id%5B2%5D=1&item_condition_id%5B3%5D=1&status_on_sale=1&price_max=22234&page=1
https://www.mercari.com/jp/search/?keyword=canon+fd+ssc+24+2.8&category_root=7&category_child=97&item_condition_id%5B1%5D=1&item_condition_id%5B2%5D=1&item_condition_id%5B3%5D=1&status_on_sale=1&price_max=12349&page=1
https://www.mercari.com/jp/search/?keyword=canon+fd+24+2.8+-nfd+-new&category_root=7&category_child=97&item_condition_id%5B1%5D=1&item_condition_id%5B2%5D=1&item_condition_id%5B3%5D=1&status_on_sale=1&price_max=10730&page=1
https://www.mercari.com/jp/search/?keyword=canon+new+fd+24+2.8&category_root=7&category_child=97&item_condition_id%5B1%5D=1&item_condition_id%5B2%5D=1&item_condition_id%5B3%5D=1&status_on_sale=1&price_max=11117&page=1
https://www.mercari.com/jp/search/?keyword=canon+%28new+nfd%29+24+2.8&category_root=7&category_child=97&item_condition_id%5B1%5D=1&item_condition_id%5B2%5D=1&item_condition_id%5B3%5D=1&status_on_sale=1&price_max=11117&page=1
https://www.mercari.com/jp/search/?keyword=canon+fd+ssc+24+2.8&category_root=7&category_child=97&item_condition_id%5B1%5D=1&item_condition_id%5B2%5D=1&item_condition_id%5B3%5D=1&status_on_sale=1&price_max=12349&page=1
https://www.mercari.com/jp/search/?keyword=canon+new+fd+35+2.8+-200+-70+-3.5+-%E3%81%8F%E3%82%82%E3%82%8A+-%E3%82%AB%E3%83%93+-%E3%81%8B%E3%81%B3&category_root=7&category_child=97&item_condition_id%5B1%5D=1&item_condition_id%5B2%5D=1&item_condition_id%5B3%5D=1&status_on_sale=1&price_max=12704&page=1
https://www.mercari.com/jp/search/?keyword=canon+%28new+nfd%29+35+2+-70+-105+-2.8&category_root=7&category_child=97&item_condition_id%5B1%5D=1&item_condition_id%5B2%5D=1&item_condition_id%5B3%5D=1&status_on_sale=1&price_max=22498&page=1
https://www.mercari.com/jp/search/?keyword=canon+fd+ssc+35+2+-&category_root=7&category_child=97&item_condition_id%5B1%5D=1&item_condition_id%5B2%5D=1&item_condition_id%5B3%5D=1&status_on_sale=1&price_max=23087&page=1
https://www.mercari.com/jp/search/?keyword=canon+o+fd+ssc+35+2+-&category_root=7&category_child=97&item_condition_id%5B1%5D=1&item_condition_id%5B2%5D=1&item_condition_id%5B3%5D=1&status_on_sale=1&price_max=24409&page=1
https://www.mercari.com/jp/search/?keyword=canon+fd+35+2.8+-leica+-70+-new&category_root=7&category_child=97&item_condition_id%5B1%5D=1&item_condition_id%5B2%5D=1&item_condition_id%5B3%5D=1&status_on_sale=1&price_max=18170&page=1
https://www.mercari.com/jp/search/?keyword=canon+%28new+nfd%29+35+2.8&category_root=7&category_child=97&item_condition_id%5B1%5D=1&item_condition_id%5B2%5D=1&item_condition_id%5B3%5D=1&status_on_sale=1&price_max=12704&page=1
https://www.mercari.com/jp/search/?keyword=canon+compact+macro+ef+50+2.5+-&category_root=7&category_child=97&item_condition_id%5B1%5D=1&item_condition_id%5B2%5D=1&item_condition_id%5B3%5D=1&status_on_sale=1&price_max=11194&page=1
https://www.mercari.com/jp/search/?keyword=canon+fd+ssc+85+1.8&category_root=7&category_child=97&item_condition_id%5B1%5D=1&item_condition_id%5B2%5D=1&item_condition_id%5B3%5D=1&status_on_sale=1&price_max=19328&page=1
https://www.mercari.com/jp/search/?keyword=canon+%28new+nfd%29+85+1.8&category_root=7&category_child=97&item_condition_id%5B1%5D=1&item_condition_id%5B2%5D=1&item_condition_id%5B3%5D=1&status_on_sale=1&price_max=20338&page=1
https://www.mercari.com/jp/search/?keyword=canon+7sz+-lens+-%E3%83%AC%E3%83%B3%E3%82%BA&category_root=7&category_child=97&item_condition_id%5B1%5D=1&item_condition_id%5B2%5D=1&item_condition_id%5B3%5D=1&status_on_sale=1&price_max=54901&page=1
https://www.mercari.com/jp/search/?keyword=canon+7sz+50+1.4+-lens+-%E3%83%AC%E3%83%B3%E3%82%BA&category_root=7&category_child=97&item_condition_id%5B1%5D=1&item_condition_id%5B2%5D=1&item_condition_id%5B3%5D=1&status_on_sale=1&price_max=54658&page=1
https://www.mercari.com/jp/search/?keyword=canon+a-1+-lens+-%E3%83%AC%E3%83%B3%E3%82%BA+-%E3%83%90%E3%83%83%E3%83%86%E3%83%AA%E3%83%BC%E3%83%91%E3%83%83%E3%82%AF+-%E4%BF%AE%E7%90%86+-70+-%E3%83%9E%E3%82%A6%E3%83%B3%E3%83%88%E3%82%A2%E3%83%80%E3%83%97%E3%82%BF%E3%83%BC+-%E4%BA%92%E6%8F%9B%E3%83%90%E3%83%83%E3%83%86%E3%83%AA-+-a-11+-%E3%82%BA%E3%83%BC%E3%83%A0&category_root=7&category_child=97&item_condition_id%5B1%5D=1&item_condition_id%5B2%5D=1&item_condition_id%5B3%5D=1&status_on_sale=1&price_max=10735&page=1
https://www.mercari.com/jp/search/?keyword=canon+a-1+fd+28+2.8&category_root=7&category_child=97&item_condition_id%5B1%5D=1&item_condition_id%5B2%5D=1&item_condition_id%5B3%5D=1&status_on_sale=1&price_max=17073&page=1
https://www.mercari.com/jp/search/?keyword=canon+a-1+%28new+nfd%29+28+2.8&category_root=7&category_child=97&item_condition_id%5B1%5D=1&item_condition_id%5B2%5D=1&item_condition_id%5B3%5D=1&status_on_sale=1&price_max=18079&page=1
https://www.mercari.com/jp/search/?keyword=canon+a-1+fd+ssc+50+1.4&category_root=7&category_child=97&item_condition_id%5B1%5D=1&item_condition_id%5B2%5D=1&item_condition_id%5B3%5D=1&status_on_sale=1&price_max=17113&page=1
https://www.mercari.com/jp/search/?keyword=canon+a-1+new+fd+50+1.4&category_root=7&category_child=97&item_condition_id%5B1%5D=1&item_condition_id%5B2%5D=1&item_condition_id%5B3%5D=1&status_on_sale=1&price_max=19176&page=1
https://www.mercari.com/jp/search/?keyword=canon+ae-1+%28black++%E9%BB%92+%E3%83%96%E3%83%A9%E3%83%83%E3%82%AF%29+%28new+nfd%29+35&category_root=7&category_child=97&item_condition_id%5B1%5D=1&item_condition_id%5B2%5D=1&item_condition_id%5B3%5D=1&status_on_sale=1&price_max=14454&page=1
https://www.mercari.com/jp/search/?keyword=canon+ae-1+%28black++%E9%BB%92+%E3%83%96%E3%83%A9%E3%83%83%E3%82%AF%29+50+1.4+ssc&category_root=7&category_child=97&item_condition_id%5B1%5D=1&item_condition_id%5B2%5D=1&item_condition_id%5B3%5D=1&status_on_sale=1&price_max=15163&page=1
https://www.mercari.com/jp/search/?keyword=canon+ae-1+%28new+nfd%29+50+1.4&category_root=7&category_child=97&item_condition_id%5B1%5D=1&item_condition_id%5B2%5D=1&item_condition_id%5B3%5D=1&status_on_sale=1&price_max=18406&page=1
https://www.mercari.com/jp/search/?keyword=canon+ae-1+%28black++%E9%BB%92+%E3%83%96%E3%83%A9%E3%83%83%E3%82%AF%29+fd+50+1.8&category_root=7&category_child=97&item_condition_id%5B1%5D=1&item_condition_id%5B2%5D=1&item_condition_id%5B3%5D=1&status_on_sale=1&price_max=14080&page=1
https://www.mercari.com/jp/search/?keyword=canon+ae-1+program+motor+drive+-lens+-%E3%83%AC%E3%83%B3%E3%82%BA&category_root=7&category_child=97&item_condition_id%5B1%5D=1&item_condition_id%5B2%5D=1&item_condition_id%5B3%5D=1&status_on_sale=1&price_max=14963&page=1
https://www.mercari.com/jp/search/?keyword=canon+ae-1+program+%28black++%E9%BB%92+%E3%83%96%E3%83%A9%E3%83%83%E3%82%AF%29+%28new+nfd%29+50+1.4&category_root=7&category_child=97&item_condition_id%5B1%5D=1&item_condition_id%5B2%5D=1&item_condition_id%5B3%5D=1&status_on_sale=1&price_max=20065&page=1
https://www.mercari.com/jp/search/?keyword=canon+ae-1+program+%28black++%E9%BB%92+%E3%83%96%E3%83%A9%E3%83%83%E3%82%AF%29+fd+ssc+50+1.4&category_root=7&category_child=97&item_condition_id%5B1%5D=1&item_condition_id%5B2%5D=1&item_condition_id%5B3%5D=1&status_on_sale=1&price_max=21206&page=1
https://www.mercari.com/jp/search/?keyword=canon+ae-1+program+new+fd+50+1.4+-black+-%E3%83%96%E3%83%A9%E3%83%83%E3%82%AF+-%E9%BB%92&category_root=7&category_child=97&item_condition_id%5B1%5D=1&item_condition_id%5B2%5D=1&item_condition_id%5B3%5D=1&status_on_sale=1&price_max=18643&page=1
https://www.mercari.com/jp/search/?keyword=canon+af35ml+-%E3%83%AC%E3%83%B3%E3%82%BA+-lens&category_root=7&category_child=97&item_condition_id%5B1%5D=1&item_condition_id%5B2%5D=1&item_condition_id%5B3%5D=1&status_on_sale=1&price_max=7854&page=1
https://www.mercari.com/jp/search/?keyword=canon+canonet+ql17+%28black++%E9%BB%92+%E3%83%96%E3%83%A9%E3%83%83%E3%82%AF%29+-lens+-%E3%83%AC%E3%83%B3%E3%82%BA&category_root=7&category_child=97&item_condition_id%5B1%5D=1&item_condition_id%5B2%5D=1&item_condition_id%5B3%5D=1&status_on_sale=1&price_max=22150&page=1
https://www.mercari.com/jp/search/?keyword=canon+canonet+ql17+giii+-lens+-%E3%83%AC%E3%83%B3%E3%82%BA&category_root=7&category_child=97&item_condition_id%5B1%5D=1&item_condition_id%5B2%5D=1&item_condition_id%5B3%5D=1&status_on_sale=1&price_max=18349&page=1
https://www.mercari.com/jp/search/?keyword=hasselblad+a12+ii+6+6+back+-&category_root=7&category_child=97&item_condition_id%5B1%5D=1&item_condition_id%5B2%5D=1&item_condition_id%5B3%5D=1&status_on_sale=1&price_max=17470&page=1
https://www.mercari.com/jp/search/?keyword=zenza+bronica+ps+80+2.8&category_root=7&category_child=97&item_condition_id%5B1%5D=1&item_condition_id%5B2%5D=1&item_condition_id%5B3%5D=1&status_on_sale=1&price_max=17730&page=1
https://www.mercari.com/jp/search/?keyword=zenza+bronica+gs-1+ae+rotary+finder+g&category_root=7&category_child=97&item_condition_id%5B1%5D=1&item_condition_id%5B2%5D=1&item_condition_id%5B3%5D=1&status_on_sale=1&price_max=18882&page=1
https://www.mercari.com/jp/search/?keyword=fuji+fujinon+w+135+5.6&category_root=7&category_child=97&item_condition_id%5B1%5D=1&item_condition_id%5B2%5D=1&item_condition_id%5B3%5D=1&status_on_sale=1&price_max=13439&page=1
https://www.mercari.com/jp/search/?keyword=fuji+instax+500af&category_root=7&category_child=97&item_condition_id%5B1%5D=1&item_condition_id%5B2%5D=1&item_condition_id%5B3%5D=1&status_on_sale=1&price_max=21236&page=1
https://www.mercari.com/jp/search/?keyword=kyocera+t+scope+t3+35+2.8&category_root=7&category_child=97&item_condition_id%5B1%5D=1&item_condition_id%5B2%5D=1&item_condition_id%5B3%5D=1&status_on_sale=1&price_max=19297&page=1
