2020-10-07T21:00:02+09:00
https://www.mercari.com/jp/search/?keyword=mamiya+sekor+65+3.5&category_root=7&category_child=97&item_condition_id%5B1%5D=1&item_condition_id%5B2%5D=1&item_condition_id%5B3%5D=1&status_on_sale=1&price_max=7959&page=1
https://www.mercari.com/jp/search/?keyword=mamiya+sekor+80+2.8&category_root=7&category_child=97&item_condition_id%5B1%5D=1&item_condition_id%5B2%5D=1&item_condition_id%5B3%5D=1&status_on_sale=1&price_max=18136&page=1
https://www.mercari.com/jp/search/?keyword=mamiya+sekor+80+3.7&category_root=7&category_child=97&item_condition_id%5B1%5D=1&item_condition_id%5B2%5D=1&item_condition_id%5B3%5D=1&status_on_sale=1&price_max=8194&page=1
https://www.mercari.com/jp/search/?keyword=mamiya+sekor+250+6.3&category_root=7&category_child=97&item_condition_id%5B1%5D=1&item_condition_id%5B2%5D=1&item_condition_id%5B3%5D=1&status_on_sale=1&price_max=11837&page=1
https://www.mercari.com/jp/search/?keyword=mamiya+sekor+75+5.6+-&category_root=7&category_child=97&item_condition_id%5B1%5D=1&item_condition_id%5B2%5D=1&item_condition_id%5B3%5D=1&status_on_sale=1&price_max=24923&page=1
https://www.mercari.com/jp/search/?keyword=mamiya+sekor+127+4.7&category_root=7&category_child=97&item_condition_id%5B1%5D=1&item_condition_id%5B2%5D=1&item_condition_id%5B3%5D=1&status_on_sale=1&price_max=7684&page=1
https://www.mercari.com/jp/search/?keyword=mamiya+sekor+150+5.6+-&category_root=7&category_child=97&item_condition_id%5B1%5D=1&item_condition_id%5B2%5D=1&item_condition_id%5B3%5D=1&status_on_sale=1&price_max=9531&page=1
https://www.mercari.com/jp/items/m23021028815/?_s=U2FsdGVkX19qguY6pY2hOvugYI70fQUVdqaSPG6gZ142in9wDLJqMCsylnBhAmZTzYrHzv_5L4YcUTa2uinN07Q5RTc6oQDT8TQU6L_xf5VATNLPJWHjlSJMHmCcT4Ww
https://www.mercari.com/jp/search/?keyword=mamiya+sekor+50+4.5&category_root=7&category_child=97&item_condition_id%5B1%5D=1&item_condition_id%5B2%5D=1&item_condition_id%5B3%5D=1&status_on_sale=1&price_max=21642&page=1
https://www.mercari.com/jp/search/?keyword=mamiya+sekor+65+4.5&category_root=7&category_child=97&item_condition_id%5B1%5D=1&item_condition_id%5B2%5D=1&item_condition_id%5B3%5D=1&status_on_sale=1&price_max=20163&page=1
https://www.mercari.com/jp/search/?keyword=mamiya+sekor+90+3.8&category_root=7&category_child=97&item_condition_id%5B1%5D=1&item_condition_id%5B2%5D=1&item_condition_id%5B3%5D=1&status_on_sale=1&price_max=17208&page=1
https://www.mercari.com/jp/search/?keyword=mamiya+sekor+127+3.8&category_root=7&category_child=97&item_condition_id%5B1%5D=1&item_condition_id%5B2%5D=1&item_condition_id%5B3%5D=1&status_on_sale=1&price_max=11180&page=1
https://www.mercari.com/jp/search/?keyword=mamiya+sekor+360+6.3&category_root=7&category_child=97&item_condition_id%5B1%5D=1&item_condition_id%5B2%5D=1&item_condition_id%5B3%5D=1&status_on_sale=1&price_max=8192&page=1
https://www.mercari.com/jp/search/?keyword=mamiya+sekor+nb+90+3.8&category_root=7&category_child=97&item_condition_id%5B1%5D=1&item_condition_id%5B2%5D=1&item_condition_id%5B3%5D=1&status_on_sale=1&price_max=10462&page=1
https://www.mercari.com/jp/search/?keyword=mamiya+sekor+nb+127+3.8&category_root=7&category_child=97&item_condition_id%5B1%5D=1&item_condition_id%5B2%5D=1&item_condition_id%5B3%5D=1&status_on_sale=1&price_max=13734&page=1
https://www.mercari.com/jp/search/?keyword=mamiya+sekor+fish+eye+c+37+4.5&category_root=7&category_child=97&item_condition_id%5B1%5D=1&item_condition_id%5B2%5D=1&item_condition_id%5B3%5D=1&status_on_sale=1&price_max=60057&page=1
https://www.mercari.com/jp/search/?keyword=mamiya+sekor+c+50+4.5&category_root=7&category_child=97&item_condition_id%5B1%5D=1&item_condition_id%5B2%5D=1&item_condition_id%5B3%5D=1&status_on_sale=1&price_max=22598&page=1
https://www.mercari.com/jp/search/?keyword=mamiya+sekor+c+65+4.5&category_root=7&category_child=97&item_condition_id%5B1%5D=1&item_condition_id%5B2%5D=1&item_condition_id%5B3%5D=1&status_on_sale=1&price_max=20971&page=1
https://www.mercari.com/jp/search/?keyword=mamiya+sekor+c+90+3.8&category_root=7&category_child=97&item_condition_id%5B1%5D=1&item_condition_id%5B2%5D=1&item_condition_id%5B3%5D=1&status_on_sale=1&price_max=18227&page=1
https://www.mercari.com/jp/search/?keyword=mamiya+sekor+c+127+3.8+-&category_root=7&category_child=97&item_condition_id%5B1%5D=1&item_condition_id%5B2%5D=1&item_condition_id%5B3%5D=1&status_on_sale=1&price_max=8056&page=1
https://www.mercari.com/jp/search/?keyword=mamiya+sekor+macro+c+140+4.5&category_root=7&category_child=97&item_condition_id%5B1%5D=1&item_condition_id%5B2%5D=1&item_condition_id%5B3%5D=1&status_on_sale=1&price_max=9866&page=1
https://www.mercari.com/jp/search/?keyword=mamiya+sekor+c+180+4.5&category_root=7&category_child=97&item_condition_id%5B1%5D=1&item_condition_id%5B2%5D=1&item_condition_id%5B3%5D=1&status_on_sale=1&price_max=10166&page=1
https://www.mercari.com/jp/search/?keyword=mamiya+sekor+c+360+6.3&category_root=7&category_child=97&item_condition_id%5B1%5D=1&item_condition_id%5B2%5D=1&item_condition_id%5B3%5D=1&status_on_sale=1&price_max=8501&page=1
https://www.mercari.com/jp/search/?keyword=mamiya+kl+90+3.5+l&category_root=7&category_child=97&item_condition_id%5B1%5D=1&item_condition_id%5B2%5D=1&item_condition_id%5B3%5D=1&status_on_sale=1&price_max=30385&page=1
https://www.mercari.com/jp/search/?keyword=mamiya+kl+127+3.5+l&category_root=7&category_child=97&item_condition_id%5B1%5D=1&item_condition_id%5B2%5D=1&item_condition_id%5B3%5D=1&status_on_sale=1&price_max=16383&page=1
https://www.mercari.com/jp/search/?keyword=mamiya+macro+kl+140+4.5+m%2Fl-a&category_root=7&category_child=97&item_condition_id%5B1%5D=1&item_condition_id%5B2%5D=1&item_condition_id%5B3%5D=1&status_on_sale=1&price_max=21205&page=1
https://www.mercari.com/jp/search/?keyword=mamiya+kl+180+4.5l+a&category_root=7&category_child=97&item_condition_id%5B1%5D=1&item_condition_id%5B2%5D=1&item_condition_id%5B3%5D=1&status_on_sale=1&price_max=16158&page=1
https://www.mercari.com/jp/search/?keyword=mamiya+kl+210+4.5+apo+l&category_root=7&category_child=97&item_condition_id%5B1%5D=1&item_condition_id%5B2%5D=1&item_condition_id%5B3%5D=1&status_on_sale=1&price_max=26783&page=1
https://www.mercari.com/jp/search/?keyword=mamiya+sekor+z+50+4.5&category_root=7&category_child=97&item_condition_id%5B1%5D=1&item_condition_id%5B2%5D=1&item_condition_id%5B3%5D=1&status_on_sale=1&price_max=19683&page=1
https://www.mercari.com/jp/search/?keyword=mamiya+sekor+z+65+4&category_root=7&category_child=97&item_condition_id%5B1%5D=1&item_condition_id%5B2%5D=1&item_condition_id%5B3%5D=1&status_on_sale=1&price_max=33819&page=1
https://www.mercari.com/jp/search/?keyword=mamiya+sekor+z+90+3.5w&category_root=7&category_child=97&item_condition_id%5B1%5D=1&item_condition_id%5B2%5D=1&item_condition_id%5B3%5D=1&status_on_sale=1&price_max=41093&page=1
https://www.mercari.com/jp/search/?keyword=mamiya+sekor+z+110+2.8&category_root=7&category_child=97&item_condition_id%5B1%5D=1&item_condition_id%5B2%5D=1&item_condition_id%5B3%5D=1&status_on_sale=1&price_max=58156&page=1
https://www.mercari.com/jp/search/?keyword=mamiya+sekor+z+127+3.8&category_root=7&category_child=97&item_condition_id%5B1%5D=1&item_condition_id%5B2%5D=1&item_condition_id%5B3%5D=1&status_on_sale=1&price_max=23373&page=1
https://www.mercari.com/jp/search/?keyword=mamiya+apo+sekor+z+500+6&category_root=7&category_child=97&item_condition_id%5B1%5D=1&item_condition_id%5B2%5D=1&item_condition_id%5B3%5D=1&status_on_sale=1&price_max=91835&page=1
https://www.mercari.com/jp/search/?keyword=mamiya+m65+4+l-a&category_root=7&category_child=97&item_condition_id%5B1%5D=1&item_condition_id%5B2%5D=1&item_condition_id%5B3%5D=1&status_on_sale=1&price_max=37366&page=1
https://www.mercari.com/jp/search/?keyword=mamiya+sekor+fish+eye+uld+c+24+4&category_root=7&category_child=97&item_condition_id%5B1%5D=1&item_condition_id%5B2%5D=1&item_condition_id%5B3%5D=1&status_on_sale=1&price_max=74184&page=1
https://www.mercari.com/jp/search/?keyword=mamiya+sekor+c+35+3.5&category_root=7&category_child=97&item_condition_id%5B1%5D=1&item_condition_id%5B2%5D=1&item_condition_id%5B3%5D=1&status_on_sale=1&price_max=28831&page=1
https://www.mercari.com/jp/search/?keyword=mamiya+sekor+c+s+45+2.8&category_root=7&category_child=97&item_condition_id%5B1%5D=1&item_condition_id%5B2%5D=1&item_condition_id%5B3%5D=1&status_on_sale=1&price_max=16525&page=1
https://www.mercari.com/jp/search/?keyword=mamiya+sekor+c+45+2.8&category_root=7&category_child=97&item_condition_id%5B1%5D=1&item_condition_id%5B2%5D=1&item_condition_id%5B3%5D=1&status_on_sale=1&price_max=17482&page=1
https://www.mercari.com/jp/search/?keyword=mamiya+sekor+shift+c+50+4&category_root=7&category_child=97&item_condition_id%5B1%5D=1&item_condition_id%5B2%5D=1&item_condition_id%5B3%5D=1&status_on_sale=1&price_max=28446&page=1
https://www.mercari.com/jp/search/?keyword=mamiya+sekor+c+s+55+2.8&category_root=7&category_child=97&item_condition_id%5B1%5D=1&item_condition_id%5B2%5D=1&item_condition_id%5B3%5D=1&status_on_sale=1&price_max=16621&page=1
https://www.mercari.com/jp/search/?keyword=mamiya+sekor+shift+c+50+4&category_root=7&category_child=97&item_condition_id%5B1%5D=1&item_condition_id%5B2%5D=1&item_condition_id%5B3%5D=1&status_on_sale=1&price_max=28446&page=1
https://www.mercari.com/jp/search/?keyword=mamiya+sekor+c+55+2.8&category_root=7&category_child=97&item_condition_id%5B1%5D=1&item_condition_id%5B2%5D=1&item_condition_id%5B3%5D=1&status_on_sale=1&price_max=16415&page=1
https://www.mercari.com/jp/search/?keyword=mamiya+sekor+c+e+70+2.8&category_root=7&category_child=97&item_condition_id%5B1%5D=1&item_condition_id%5B2%5D=1&item_condition_id%5B3%5D=1&status_on_sale=1&price_max=19158&page=1
https://www.mercari.com/jp/search/?keyword=mamiya+sekor+c+70+2.8&category_root=7&category_child=97&item_condition_id%5B1%5D=1&item_condition_id%5B2%5D=1&item_condition_id%5B3%5D=1&status_on_sale=1&price_max=19736&page=1
https://www.mercari.com/jp/search/?keyword=mamiya+sekor+c+80+1.9&category_root=7&category_child=97&item_condition_id%5B1%5D=1&item_condition_id%5B2%5D=1&item_condition_id%5B3%5D=1&status_on_sale=1&price_max=40867&page=1
https://www.mercari.com/jp/search/?keyword=mamiya+sekor+c+80+2.8&category_root=7&category_child=97&item_condition_id%5B1%5D=1&item_condition_id%5B2%5D=1&item_condition_id%5B3%5D=1&status_on_sale=1&price_max=18613&page=1
https://www.mercari.com/jp/search/?keyword=mamiya+sekor+macro+c+80+4&category_root=7&category_child=97&item_condition_id%5B1%5D=1&item_condition_id%5B2%5D=1&item_condition_id%5B3%5D=1&status_on_sale=1&price_max=14229&page=1
https://www.mercari.com/jp/search/?keyword=mamiya+sekor+c+110+2.8&category_root=7&category_child=97&item_condition_id%5B1%5D=1&item_condition_id%5B2%5D=1&item_condition_id%5B3%5D=1&status_on_sale=1&price_max=27486&page=1
https://www.mercari.com/jp/search/?keyword=mamiya+sekor+c+150+3.5&category_root=7&category_child=97&item_condition_id%5B1%5D=1&item_condition_id%5B2%5D=1&item_condition_id%5B3%5D=1&status_on_sale=1&price_max=8067&page=1
https://www.mercari.com/jp/items/m65103940914/?_s=U2FsdGVkX1-VlNUU9CQACvDUz2XXl-cfNAI-MjsLkMrAd8VP3kVNrAEwMCeHSZU7eZxJGuBhxhV3kEKlodwWG-vOr_SXsZRzkTnZTleXz2ikzTyYzeDNu3Yuv-dP_Fj_
https://www.mercari.com/jp/items/m59414967233/?_s=U2FsdGVkX186xWYJ19Xo8gAtpi5FBH9EMiQE7GFvOPin4jdgRJTV62rxogxQ7t-fDeb8NRiM0Pwk5PiA9FRkEE0T1q5TMcy6L88FDn0MEiJv5r43MYIYOpCVkq4px8DV
https://www.mercari.com/jp/search/?keyword=mamiya+sekor+c+500+5.6&category_root=7&category_child=97&item_condition_id%5B1%5D=1&item_condition_id%5B2%5D=1&item_condition_id%5B3%5D=1&status_on_sale=1&price_max=20954&page=1
https://www.mercari.com/jp/search/?keyword=mamiya+sekor+c+zoom+75-150+4.5&category_root=7&category_child=97&item_condition_id%5B1%5D=1&item_condition_id%5B2%5D=1&item_condition_id%5B3%5D=1&status_on_sale=1&price_max=4352&page=1
https://www.mercari.com/jp/search/?keyword=mamiya+sekor+c+35+3.5+n&category_root=7&category_child=97&item_condition_id%5B1%5D=1&item_condition_id%5B2%5D=1&item_condition_id%5B3%5D=1&status_on_sale=1&price_max=28702&page=1
https://www.mercari.com/jp/search/?keyword=mamiya+sekor+c+45+2.8+n&category_root=7&category_child=97&item_condition_id%5B1%5D=1&item_condition_id%5B2%5D=1&item_condition_id%5B3%5D=1&status_on_sale=1&price_max=18702&page=1
https://www.mercari.com/jp/search/?keyword=mamiya+sekor+c+55+2.8+n&category_root=7&category_child=97&item_condition_id%5B1%5D=1&item_condition_id%5B2%5D=1&item_condition_id%5B3%5D=1&status_on_sale=1&price_max=17697&page=1
https://www.mercari.com/jp/search/?keyword=mamiya+sekor+c+80+1.9+n&category_root=7&category_child=97&item_condition_id%5B1%5D=1&item_condition_id%5B2%5D=1&item_condition_id%5B3%5D=1&status_on_sale=1&price_max=41820&page=1
https://www.mercari.com/jp/search/?keyword=mamiya+sekor+c+80+2.8+n&category_root=7&category_child=97&item_condition_id%5B1%5D=1&item_condition_id%5B2%5D=1&item_condition_id%5B3%5D=1&status_on_sale=1&price_max=17912&page=1
https://www.mercari.com/jp/search/?keyword=mamiya+sekor+macro+c+80+4+n&category_root=7&category_child=97&item_condition_id%5B1%5D=1&item_condition_id%5B2%5D=1&item_condition_id%5B3%5D=1&status_on_sale=1&price_max=14370&page=1
https://www.mercari.com/jp/search/?keyword=mamiya+sekor+c+150+3.5+n&category_root=7&category_child=97&item_condition_id%5B1%5D=1&item_condition_id%5B2%5D=1&item_condition_id%5B3%5D=1&status_on_sale=1&price_max=8688&page=1
https://www.mercari.com/jp/search/?keyword=mamiya+sekor+c+zoom+55-110+4.5+n&category_root=7&category_child=97&item_condition_id%5B1%5D=1&item_condition_id%5B2%5D=1&item_condition_id%5B3%5D=1&status_on_sale=1&price_max=9436&page=1
https://www.mercari.com/jp/search/?keyword=mamiya+macro+a+120+4&category_root=7&category_child=97&item_condition_id%5B1%5D=1&item_condition_id%5B2%5D=1&item_condition_id%5B3%5D=1&status_on_sale=1&price_max=27850&page=1
https://www.mercari.com/jp/search/?keyword=mamiya+a+150+2.8&category_root=7&category_child=97&item_condition_id%5B1%5D=1&item_condition_id%5B2%5D=1&item_condition_id%5B3%5D=1&status_on_sale=1&price_max=20119&page=1
https://www.mercari.com/jp/search/?keyword=mamiya+af+55+2.8&category_root=7&category_child=97&item_condition_id%5B1%5D=1&item_condition_id%5B2%5D=1&item_condition_id%5B3%5D=1&status_on_sale=1&price_max=24921&page=1
https://www.mercari.com/jp/search/?keyword=mamiya+zoom+af+55-110+4.5&category_root=7&category_child=97&item_condition_id%5B1%5D=1&item_condition_id%5B2%5D=1&item_condition_id%5B3%5D=1&status_on_sale=1&price_max=21434&page=1
https://www.mercari.com/jp/search/?keyword=mamiya+zoom+af+105-210+4.5&category_root=7&category_child=97&item_condition_id%5B1%5D=1&item_condition_id%5B2%5D=1&item_condition_id%5B3%5D=1&status_on_sale=1&price_max=18263&page=1
https://www.mercari.com/jp/search/?keyword=mamiya+g+50+4+l&category_root=7&category_child=97&item_condition_id%5B1%5D=1&item_condition_id%5B2%5D=1&item_condition_id%5B3%5D=1&status_on_sale=1&price_max=71004&page=1
https://www.mercari.com/jp/search/?keyword=mamiya+g+150+4.5+l&category_root=7&category_child=97&item_condition_id%5B1%5D=1&item_condition_id%5B2%5D=1&item_condition_id%5B3%5D=1&status_on_sale=1&price_max=22906&page=1
https://www.mercari.com/jp/items/m15211717540/?_s=U2FsdGVkX1_KSrF1_I4vVGdKfmQj_ve12zZidYTex7EUfkAKI7t5QyubzxM0tWz4QV4P8jJtTjGUBOsCNg2fJheckBt1qB-dwcYUefD9neFRDQA85sfH9cunJXApA5Rp
https://www.mercari.com/jp/search/?keyword=mamiya+n+65+4+l&category_root=7&category_child=97&item_condition_id%5B1%5D=1&item_condition_id%5B2%5D=1&item_condition_id%5B3%5D=1&status_on_sale=1&price_max=64784&page=1
https://www.mercari.com/jp/search/?keyword=mamiya+n+80+4+l&category_root=7&category_child=97&item_condition_id%5B1%5D=1&item_condition_id%5B2%5D=1&item_condition_id%5B3%5D=1&status_on_sale=1&price_max=78555&page=1
https://www.mercari.com/jp/search/?keyword=mamiya+n+150+4.5+l&category_root=7&category_child=97&item_condition_id%5B1%5D=1&item_condition_id%5B2%5D=1&item_condition_id%5B3%5D=1&status_on_sale=1&price_max=29989&page=1
https://www.mercari.com/jp/items/m50520511990/?_s=U2FsdGVkX18Hs1EC4P2CxkNfvx2xS3qYGQFv0xwPVzB2C3deV3qZC9pdoCpPAlBWgYyoMubiZ1N61y_C1IyijEikv9hodEvtm8qylz84l4HVf4WGipTh9Msml-QUIp-b
https://www.mercari.com/jp/search/?keyword=mamiya+n+210+8+l&category_root=7&category_child=97&item_condition_id%5B1%5D=1&item_condition_id%5B2%5D=1&item_condition_id%5B3%5D=1&status_on_sale=1&price_max=161553&page=1
https://www.mercari.com/jp/search/?keyword=mamiya+auto+sekor+cs+135+2.8&category_root=7&category_child=97&item_condition_id%5B1%5D=1&item_condition_id%5B2%5D=1&item_condition_id%5B3%5D=1&status_on_sale=1&price_max=1874&page=1
https://www.mercari.com/jp/search/?keyword=mamiya+sekor+e+28+2.8&category_root=7&category_child=97&item_condition_id%5B1%5D=1&item_condition_id%5B2%5D=1&item_condition_id%5B3%5D=1&status_on_sale=1&price_max=1187&page=1
https://www.mercari.com/jp/search/?keyword=mamiya+sekor+e+35+2.8&category_root=7&category_child=97&item_condition_id%5B1%5D=1&item_condition_id%5B2%5D=1&item_condition_id%5B3%5D=1&status_on_sale=1&price_max=1187&page=1
https://www.mercari.com/jp/search/?keyword=mamiya+sekor+e+135+3.5&category_root=7&category_child=97&item_condition_id%5B1%5D=1&item_condition_id%5B2%5D=1&item_condition_id%5B3%5D=1&status_on_sale=1&price_max=989&page=1
https://www.mercari.com/jp/search/?keyword=mamiya+sekor+c+35+3.5&category_root=7&category_child=97&item_condition_id%5B1%5D=1&item_condition_id%5B2%5D=1&item_condition_id%5B3%5D=1&status_on_sale=1&price_max=28831&page=1
https://www.mercari.com/jp/search/?keyword=mamiya+sekor+c+45+2.8+-s+-n&category_root=7&category_child=97&item_condition_id%5B1%5D=1&item_condition_id%5B2%5D=1&item_condition_id%5B3%5D=1&status_on_sale=1&price_max=16215&page=1
https://www.mercari.com/jp/search/?keyword=mamiya+sekor+c+45+2.8+n&category_root=7&category_child=97&item_condition_id%5B1%5D=1&item_condition_id%5B2%5D=1&item_condition_id%5B3%5D=1&status_on_sale=1&price_max=18702&page=1
https://www.mercari.com/jp/search/?keyword=mamiya+sekor+c+45+2.8+s&category_root=7&category_child=97&item_condition_id%5B1%5D=1&item_condition_id%5B2%5D=1&item_condition_id%5B3%5D=1&status_on_sale=1&price_max=16525&page=1
https://www.mercari.com/jp/search/?keyword=mamiya+sekor+c+50+4.5&category_root=7&category_child=97&item_condition_id%5B1%5D=1&item_condition_id%5B2%5D=1&item_condition_id%5B3%5D=1&status_on_sale=1&price_max=22598&page=1
https://www.mercari.com/jp/search/?keyword=mamiya+sekor+n+50+4.5&category_root=7&category_child=97&item_condition_id%5B1%5D=1&item_condition_id%5B2%5D=1&item_condition_id%5B3%5D=1&status_on_sale=1&price_max=23857&page=1
https://www.mercari.com/jp/search/?keyword=mamiya+sekor+z+50+4.5&category_root=7&category_child=97&item_condition_id%5B1%5D=1&item_condition_id%5B2%5D=1&item_condition_id%5B3%5D=1&status_on_sale=1&price_max=19683&page=1
https://www.mercari.com/jp/search/?keyword=mamiya+sekor+50+4.5+-c+-m+-p+-z&category_root=7&category_child=97&item_condition_id%5B1%5D=1&item_condition_id%5B2%5D=1&item_condition_id%5B3%5D=1&status_on_sale=1&price_max=21603&page=1
https://www.mercari.com/jp/search/?keyword=mamiya+sekor+c+55+2.8&category_root=7&category_child=97&item_condition_id%5B1%5D=1&item_condition_id%5B2%5D=1&item_condition_id%5B3%5D=1&status_on_sale=1&price_max=14903&page=1
https://www.mercari.com/jp/search/?keyword=mamiya+sekor+c+55+2.8+n&category_root=7&category_child=97&item_condition_id%5B1%5D=1&item_condition_id%5B2%5D=1&item_condition_id%5B3%5D=1&status_on_sale=1&price_max=17691&page=1
https://www.mercari.com/jp/search/?keyword=mamiya+sekor+55+4.5+-c+-m+-p+-z&category_root=7&category_child=97&item_condition_id%5B1%5D=1&item_condition_id%5B2%5D=1&item_condition_id%5B3%5D=1&status_on_sale=1&price_max=10518&page=1
https://www.mercari.com/jp/search/?keyword=mamiya+sekor+c+55+2.8&category_root=7&category_child=97&item_condition_id%5B1%5D=1&item_condition_id%5B2%5D=1&item_condition_id%5B3%5D=1&status_on_sale=1&price_max=14903&page=1
https://www.mercari.com/jp/search/?keyword=mamiya+sekor+c+55+2.8+n&category_root=7&category_child=97&item_condition_id%5B1%5D=1&item_condition_id%5B2%5D=1&item_condition_id%5B3%5D=1&status_on_sale=1&price_max=17691&page=1
https://www.mercari.com/jp/search/?keyword=mamiya+sekor+65+3.5+blue+dot&category_root=7&category_child=97&item_condition_id%5B1%5D=1&item_condition_id%5B2%5D=1&item_condition_id%5B3%5D=1&status_on_sale=1&price_max=15440&page=1
https://www.mercari.com/jp/search/?keyword=mamiya+sekor+c+65+4.5&category_root=7&category_child=97&item_condition_id%5B1%5D=1&item_condition_id%5B2%5D=1&item_condition_id%5B3%5D=1&status_on_sale=1&price_max=21091&page=1
https://www.mercari.com/jp/search/?keyword=mamiya+sekor+65+6.3+super+-c+-z+-p&category_root=7&category_child=97&item_condition_id%5B1%5D=1&item_condition_id%5B2%5D=1&item_condition_id%5B3%5D=1&status_on_sale=1&price_max=17011&page=1
https://www.mercari.com/jp/search/?keyword=mamiya+sekor+c+e+70+2.8&category_root=7&category_child=97&item_condition_id%5B1%5D=1&item_condition_id%5B2%5D=1&item_condition_id%5B3%5D=1&status_on_sale=1&price_max=19158&page=1
https://www.mercari.com/jp/search/?keyword=mamiya+sekor+c+80+2.8+-&category_root=7&category_child=97&item_condition_id%5B1%5D=1&item_condition_id%5B2%5D=1&item_condition_id%5B3%5D=1&status_on_sale=1&price_max=18820&page=1
https://www.mercari.com/jp/search/?keyword=mamiya+sekor+c+80+2.8+blue+dot&category_root=7&category_child=97&item_condition_id%5B1%5D=1&item_condition_id%5B2%5D=1&item_condition_id%5B3%5D=1&status_on_sale=1&price_max=21665&page=1
https://www.mercari.com/jp/search/?keyword=mamiya+sekor+c+80+2.8+n&category_root=7&category_child=97&item_condition_id%5B1%5D=1&item_condition_id%5B2%5D=1&item_condition_id%5B3%5D=1&status_on_sale=1&price_max=17781&page=1
https://www.mercari.com/jp/search/?keyword=mamiya+sekor+c+80+2.8+n+1000s&category_root=7&category_child=97&item_condition_id%5B1%5D=1&item_condition_id%5B2%5D=1&item_condition_id%5B3%5D=1&status_on_sale=1&price_max=18174&page=1
https://www.mercari.com/jp/search/?keyword=mamiya+sekor+c+80+2.8+super+pro+1000s&category_root=7&category_child=97&item_condition_id%5B1%5D=1&item_condition_id%5B2%5D=1&item_condition_id%5B3%5D=1&status_on_sale=1&price_max=18041&page=1
https://www.mercari.com/jp/search/?keyword=mamiya+sekor+c+90+3.8&category_root=7&category_child=97&item_condition_id%5B1%5D=1&item_condition_id%5B2%5D=1&item_condition_id%5B3%5D=1&status_on_sale=1&price_max=18227&page=1
https://www.mercari.com/jp/search/?keyword=mamiya+sekor+100+2.8+-c+-p+-z+-ds&category_root=7&category_child=97&item_condition_id%5B1%5D=1&item_condition_id%5B2%5D=1&item_condition_id%5B3%5D=1&status_on_sale=1&price_max=27298&page=1
https://www.mercari.com/jp/search/?keyword=mamiya+sekor+100+3.5+-c+-p+-z+-ds&category_root=7&category_child=97&item_condition_id%5B1%5D=1&item_condition_id%5B2%5D=1&item_condition_id%5B3%5D=1&status_on_sale=1&price_max=8024&page=1
https://www.mercari.com/jp/search/?keyword=mamiya+a+120+4&category_root=7&category_child=97&item_condition_id%5B1%5D=1&item_condition_id%5B2%5D=1&item_condition_id%5B3%5D=1&status_on_sale=1&price_max=27850&page=1
https://www.mercari.com/jp/search/?keyword=Mamiya+kl+127+3.5+l&category_root=7&category_child=97&item_condition_id%5B1%5D=1&item_condition_id%5B2%5D=1&item_condition_id%5B3%5D=1&status_on_sale=1&price_max=16383&page=1
https://www.mercari.com/jp/search/?keyword=mamiya+sekor+127+3.8+-c+-p+-z&category_root=7&category_child=97&item_condition_id%5B1%5D=1&item_condition_id%5B2%5D=1&item_condition_id%5B3%5D=1&status_on_sale=1&price_max=8712&page=1
https://www.mercari.com/jp/search/?keyword=mamiya+sekor+c+127+3.8&category_root=7&category_child=97&item_condition_id%5B1%5D=1&item_condition_id%5B2%5D=1&item_condition_id%5B3%5D=1&status_on_sale=1&price_max=8056&page=1
https://www.mercari.com/jp/search/?keyword=mamiya+sekor+nb+127+3.8&category_root=7&category_child=97&item_condition_id%5B1%5D=1&item_condition_id%5B2%5D=1&item_condition_id%5B3%5D=1&status_on_sale=1&price_max=13734&page=1
https://www.mercari.com/jp/search/?keyword=mamiya+%28kl+k%2Fl%29+127+3.5&category_root=7&category_child=97&item_condition_id%5B1%5D=1&item_condition_id%5B2%5D=1&item_condition_id%5B3%5D=1&status_on_sale=1&price_max=16383&page=1
https://www.mercari.com/jp/search/?keyword=mamiya+sekor+p+127+4.7&category_root=7&category_child=97&item_condition_id%5B1%5D=1&item_condition_id%5B2%5D=1&item_condition_id%5B3%5D=1&status_on_sale=1&price_max=7684&page=1
https://www.mercari.com/jp/search/?keyword=mamiya+sekor+135+4.5+blue+-c+-z+-p&category_root=7&category_child=97&item_condition_id%5B1%5D=1&item_condition_id%5B2%5D=1&item_condition_id%5B3%5D=1&status_on_sale=1&price_max=14020&page=1
https://www.mercari.com/jp/search/?keyword=mamiya+sekor+c+140+4.5&category_root=7&category_child=97&item_condition_id%5B1%5D=1&item_condition_id%5B2%5D=1&item_condition_id%5B3%5D=1&status_on_sale=1&price_max=9866&page=1
https://www.mercari.com/jp/search/?keyword=mamiya+sekor+z+140+4.5+w&category_root=7&category_child=97&item_condition_id%5B1%5D=1&item_condition_id%5B2%5D=1&item_condition_id%5B3%5D=1&status_on_sale=1&price_max=8488&page=1
https://www.mercari.com/jp/search/?keyword=mamiya+sekor+c+150+3.5+n&category_root=7&category_child=97&item_condition_id%5B1%5D=1&item_condition_id%5B2%5D=1&item_condition_id%5B3%5D=1&status_on_sale=1&price_max=8688&page=1
https://www.mercari.com/jp/search/?keyword=mamiya+sekor+c+180+4.5&category_root=7&category_child=97&item_condition_id%5B1%5D=1&item_condition_id%5B2%5D=1&item_condition_id%5B3%5D=1&status_on_sale=1&price_max=4352&page=1
https://www.mercari.com/jp/search/?keyword=mamiya+sekor+c+180+4.5&category_root=7&category_child=97&item_condition_id%5B1%5D=1&item_condition_id%5B2%5D=1&item_condition_id%5B3%5D=1&status_on_sale=1&price_max=9293&page=1
https://www.mercari.com/jp/search/?keyword=mamiya+kl+180+4.5+l-a&category_root=7&category_child=97&item_condition_id%5B1%5D=1&item_condition_id%5B2%5D=1&item_condition_id%5B3%5D=1&status_on_sale=1&price_max=16158&page=1
https://www.mercari.com/jp/search/?keyword=mamiya+kl+180+4.5&category_root=7&category_child=97&item_condition_id%5B1%5D=1&item_condition_id%5B2%5D=1&item_condition_id%5B3%5D=1&status_on_sale=1&price_max=14680&page=1
https://www.mercari.com/jp/search/?keyword=mamiya+kl+250+4.5+la&category_root=7&category_child=97&item_condition_id%5B1%5D=1&item_condition_id%5B2%5D=1&item_condition_id%5B3%5D=1&status_on_sale=1&price_max=19347&page=1
https://www.mercari.com/jp/search/?keyword=mamiya+sekor+250+5+-c+-z+-p+-4.5&category_root=7&category_child=97&item_condition_id%5B1%5D=1&item_condition_id%5B2%5D=1&item_condition_id%5B3%5D=1&status_on_sale=1&price_max=14079&page=1
https://www.mercari.com/jp/search/?keyword=mamiya+sekor+c+360+6.3+-60+-110+-55&category_root=7&category_child=97&item_condition_id%5B1%5D=1&item_condition_id%5B2%5D=1&item_condition_id%5B3%5D=1&status_on_sale=1&price_max=8501&page=1
https://www.mercari.com/jp/search/?keyword=mamiya+6+type+k&category_root=7&category_child=97&item_condition_id%5B1%5D=1&item_condition_id%5B2%5D=1&item_condition_id%5B3%5D=1&status_on_sale=1&price_max=12376&page=1
https://www.mercari.com/jp/search/?keyword=mamiya+6+automat&category_root=7&category_child=97&item_condition_id%5B1%5D=1&item_condition_id%5B2%5D=1&item_condition_id%5B3%5D=1&status_on_sale=1&price_max=17962&page=1
https://www.mercari.com/jp/search/?keyword=mamiya+c3+pro&category_root=7&category_child=97&item_condition_id%5B1%5D=1&item_condition_id%5B2%5D=1&item_condition_id%5B3%5D=1&status_on_sale=1&price_max=45340&page=1
https://www.mercari.com/jp/search/?keyword=mamiya+c22+pro&category_root=7&category_child=97&item_condition_id%5B1%5D=1&item_condition_id%5B2%5D=1&item_condition_id%5B3%5D=1&status_on_sale=1&price_max=19339&page=1
https://www.mercari.com/jp/search/?keyword=mamiya+c330+pro&category_root=7&category_child=97&item_condition_id%5B1%5D=1&item_condition_id%5B2%5D=1&item_condition_id%5B3%5D=1&status_on_sale=1&price_max=49399&page=1
https://www.mercari.com/jp/search/?keyword=mamiya+c330+pro+f&category_root=7&category_child=97&item_condition_id%5B1%5D=1&item_condition_id%5B2%5D=1&item_condition_id%5B3%5D=1&status_on_sale=1&price_max=56312&page=1
https://www.mercari.com/jp/search/?keyword=mamiya+c330+pro+s&category_root=7&category_child=97&item_condition_id%5B1%5D=1&item_condition_id%5B2%5D=1&item_condition_id%5B3%5D=1&status_on_sale=1&price_max=62951&page=1
https://www.mercari.com/jp/search/?keyword=mamiya+rb67+pro&category_root=7&category_child=97&item_condition_id%5B1%5D=1&item_condition_id%5B2%5D=1&item_condition_id%5B3%5D=1&status_on_sale=1&price_max=47388&page=1
https://www.mercari.com/jp/items/m85310175207/?_s=U2FsdGVkX1-4m0XKpyxDTq-AXpJWufSKv6yfU_c0lioIywux5_Wc2oFT76OTqxc6iYReXmMZLrynK0dK4TCWYjshFKqkKZ6P7l5A1RNf4n1AR3JOK7pT0-xM6TM9P5h0
https://www.mercari.com/jp/search/?keyword=mamiya+rb67+pro+s&category_root=7&category_child=97&item_condition_id%5B1%5D=1&item_condition_id%5B2%5D=1&item_condition_id%5B3%5D=1&status_on_sale=1&price_max=44735&page=1
https://www.mercari.com/jp/search/?keyword=mamiya+rb67+pro+gl&category_root=7&category_child=97&item_condition_id%5B1%5D=1&item_condition_id%5B2%5D=1&item_condition_id%5B3%5D=1&status_on_sale=1&price_max=32359&page=1
https://www.mercari.com/jp/search/?keyword=mamiya+rb67+pro+sd&category_root=7&category_child=97&item_condition_id%5B1%5D=1&item_condition_id%5B2%5D=1&item_condition_id%5B3%5D=1&status_on_sale=1&price_max=55253&page=1
https://www.mercari.com/jp/search/?keyword=mamiya+rz67+pro&category_root=7&category_child=97&item_condition_id%5B1%5D=1&item_condition_id%5B2%5D=1&item_condition_id%5B3%5D=1&status_on_sale=1&price_max=117131&page=1
https://www.mercari.com/jp/items/m69832442435/?_s=U2FsdGVkX18FhLL-Vmndetgs3RXg5hNTdRIua4WhbPnZE2XZA5a0VgDyZF3YYcT8AzzGCKeSY3QuMql_41DN_G7THMRdHuxU0ERHsoXg8kxI-EN07bT-wEc4ZV_t9UkJ
https://www.mercari.com/jp/items/m46145320280/?_s=U2FsdGVkX1_4jq60X7dpkexHAm6lx1vXMqY-2vujxqEe62QZs0TiAol-0cGGSJRqmMMFq6EOAWqzyqT7xvtFkLtAEDUaLG0FzXxxUf4RslwcxiJIMibCNglBSp9BX0q6
https://www.mercari.com/jp/items/m29951860512/?_s=U2FsdGVkX1_oGpFusbQOJsuDEHgJfaUor3-TgEt1gzPvPYTDOPlwWWJk8U8YIbEIAMfD5l_RSuuoYdeivRh-NH-tkclQjPMNkDY35mMq-Ecx9uCtAfw7gOG6V7sL-Qwv
https://www.mercari.com/jp/items/m68914127177/?_s=U2FsdGVkX18IneaAgWYMl2bXTXdKxE0lZdUIOfPmuaj4j__EzUkQ-NHcy4D9VNdY_Y2SW6yD8Kxzg5vnOFxojiKhbwffXcJfB3sVxLGQ6aZ0GbJujGrsT758_Bjq7quc
https://www.mercari.com/jp/items/m29079099776/?_s=U2FsdGVkX1-kC_ENpiFA9m0sl1L-IAcovpSsqCw4TBavZpO41potalVDlJyKQyayFrEu1JpqzVM5NFZ-xy0MOGah3yMhYZxMAcztciYU2jFwUvBQ_d5keVWbNO-ENdYa
https://www.mercari.com/jp/items/m80062717085/?_s=U2FsdGVkX1-KKeST8rka48TEEqSBE6wSe_RhKQ1lVE81cUkEAG49onJ3-h2td20hzcEpQVjx3dO6pt7OQlRwbiZuqemUR-QcTvdXbpd51_n2YMNxpSV9A-EO_1pRNCUc
https://www.mercari.com/jp/search/?keyword=mamiya+rz67+pro+ii&category_root=7&category_child=97&item_condition_id%5B1%5D=1&item_condition_id%5B2%5D=1&item_condition_id%5B3%5D=1&status_on_sale=1&price_max=157831&page=1
https://www.mercari.com/jp/search/?keyword=mamiya+m645+1000s&category_root=7&category_child=97&item_condition_id%5B1%5D=1&item_condition_id%5B2%5D=1&item_condition_id%5B3%5D=1&status_on_sale=1&price_max=41095&page=1
https://www.mercari.com/jp/search/?keyword=mamiya+645+super&category_root=7&category_child=97&item_condition_id%5B1%5D=1&item_condition_id%5B2%5D=1&item_condition_id%5B3%5D=1&status_on_sale=1&price_max=55752&page=1
https://www.mercari.com/jp/items/m30809002386/?_s=U2FsdGVkX18AFIFlDmD-Y7NZNYW93_GRj3QmNvpZ59almGrRPHZjU4vXIiGmxk-bqTJMLXbDc7kCzVBNkfPEfgXre_peyseMpvtv3oUt-BSE1dYweyCkzHgGhvihlQj8
https://www.mercari.com/jp/items/m47910382886/?_s=U2FsdGVkX1_t1uIqInv9iCGZrfbSWLbT0ntV1-D9XVHXlL8IGzVBkChMakJrsyU1DHRJSDC_te6385z83k4COCu0otWgjLCI7wnstFnz1XSVxnl_3-9PcVW7PbQ6nnDS
https://www.mercari.com/jp/items/m57594202657/?_s=U2FsdGVkX1-nljTBrv13OaFlMSNm5nowi9XIl3oq5EGAp97XYsVUO56VrcnMVxJ7YLU0tqyNHmAIkS1dYtnU3gSsV7brFCJAW2QoQ9Ff-Ks62UurA7wjjVxQcIPTWqzm
https://www.mercari.com/jp/search/?keyword=mamiya+m645+super&category_root=7&category_child=97&item_condition_id%5B1%5D=1&item_condition_id%5B2%5D=1&item_condition_id%5B3%5D=1&status_on_sale=1&price_max=63853&page=1
https://www.mercari.com/jp/search/?keyword=mamiya+645+e&category_root=7&category_child=97&item_condition_id%5B1%5D=1&item_condition_id%5B2%5D=1&item_condition_id%5B3%5D=1&status_on_sale=1&price_max=66241&page=1
https://www.mercari.com/jp/search/?keyword=mamiya+645+af+d&category_root=7&category_child=97&item_condition_id%5B1%5D=1&item_condition_id%5B2%5D=1&item_condition_id%5B3%5D=1&status_on_sale=1&price_max=108276&page=1
https://www.mercari.com/jp/search/?keyword=new+mamiya+6&category_root=7&category_child=97&item_condition_id%5B1%5D=1&item_condition_id%5B2%5D=1&item_condition_id%5B3%5D=1&status_on_sale=1&price_max=161842&page=1
https://www.mercari.com/jp/search/?keyword=mamiya+7+-UNIVERSAL+-%E3%83%A6%E3%83%8B%E3%83%90%E3%83%BC%E3%82%B5%E3%83%AB+-MAMIYA-6&category_root=7&category_child=97&item_condition_id%5B1%5D=1&item_condition_id%5B2%5D=1&item_condition_id%5B3%5D=1&status_on_sale=1&price_max=139045&page=1
https://www.mercari.com/jp/items/m79066832640/?_s=U2FsdGVkX1-3RsiWvm8oQg3Lt38SBu2octfLVEnuA4_Aq_ePn74PFDrVo3Cf2RYSnV9jGAEB_Yq-a-8DtbLYECrlKDs7GNgeoYUUg51hcg9ZrWKcLurLPZ6fAXGF0mfX
https://www.mercari.com/jp/items/m57028672791/?_s=U2FsdGVkX18Eo2ASvMJSm9jjoCIl6rDzm_gJ7WM5sGpYQhsAoAHOUN_po08kBF652T_tOs49BmFZE__BZByCUNFL1SxJOiMEAVwKiw991gDOU7tKubwfZTyClpLWwdhB
https://www.mercari.com/jp/items/m83499517538/?_s=U2FsdGVkX18tUHQpdPW0TbESsM1n2DB_aCcuuXRaOGLFhu7LdHA2ylJwyApEnkEytYs0v2fuNYAP2HPMeTVN_N5TrTAUQCUYXd5jNq-AnLDeSPpkLz_rd2eb81fd3QFz
https://www.mercari.com/jp/items/m43985019450/?_s=U2FsdGVkX19aUX9Eyjagu9MbNGI9MW4-GDZHQZGCjm905D5EDx3caq9a2NVTbbJeLcghPi6zPOLRC1g29vUFm1f9OZu-Awp7Q6zzG8jwoYZ6i3wDl8Bpyv5_-7bPYnuB
https://www.mercari.com/jp/items/m11113549459/?_s=U2FsdGVkX19Ui0sm9zQvqZYgkQabap_Boj9vdqhfrle5fbKhEzO8QGlmmWKQVC5XZM6T6cCCsOCogj__wr6hzo-5LlgD7Y3NukBq6px55QoSggeLDBSJzoOltPWNqST-
https://www.mercari.com/jp/items/m90035462705/?_s=U2FsdGVkX19OzYMbRv-P0ebKbN3VdK08UL0bAE26H-l55iVSF0yQNLRSuTf5qEEIa1oE7iXOb-Z7-S5Fy_jN-hUOEv98AdS1_b_d-ev8uw9vaJlr-DOM8PERUiFBjnBS
https://www.mercari.com/jp/items/m45601255686/?_s=U2FsdGVkX19CJwk1KP9_IaHq2YAUe4ZSQRG6cuIYL3ghTpplnDoRvidtcM-sLCMgivSFwoBnL--nVrwBr9KDPU78CeVzrEtfutyjFR3riaATnA3TndYfJW86H7wL98jX
https://www.mercari.com/jp/items/m84567371161/?_s=U2FsdGVkX1_aLYtXMskw-JfIF_SFyF8JWhTRVgprfWLUpQ8bmR2-qSS7WkePVWhK6-VuOr-GiFuRl3YnhvQlxZlmf-uloI3FPQZYNX6LTD2j32TEhUZNcyA2VPhyHNGu
https://www.mercari.com/jp/items/m89040673493/?_s=U2FsdGVkX19YQOYbWb_JBF26bljqIoIiLE_TKGzXYFPw5xLnnStSEsNekHk-fmoN37TW6xsW5surqNU3a0BnVV_ShFmdRswwbMxEaIvqB-1EJxCNV2iCLybewsyR4B0z
https://www.mercari.com/jp/search/?keyword=mamiya+7+ii&category_root=7&category_child=97&item_condition_id%5B1%5D=1&item_condition_id%5B2%5D=1&item_condition_id%5B3%5D=1&status_on_sale=1&price_max=278934&page=1
https://www.mercari.com/jp/search/?keyword=mamiya+35+ii+3.5&category_root=7&category_child=97&item_condition_id%5B1%5D=1&item_condition_id%5B2%5D=1&item_condition_id%5B3%5D=1&status_on_sale=1&price_max=212673&page=1
https://www.mercari.com/jp/search/?keyword=mamiya+35+ii+2.8&category_root=7&category_child=97&item_condition_id%5B1%5D=1&item_condition_id%5B2%5D=1&item_condition_id%5B3%5D=1&status_on_sale=1&price_max=109500&page=1
https://www.mercari.com/jp/search/?keyword=mamiya+35+s&category_root=7&category_child=97&item_condition_id%5B1%5D=1&item_condition_id%5B2%5D=1&item_condition_id%5B3%5D=1&status_on_sale=1&price_max=27927&page=1
https://www.mercari.com/jp/search/?keyword=mamiya+35+ruby+1.9&category_root=7&category_child=97&item_condition_id%5B1%5D=1&item_condition_id%5B2%5D=1&item_condition_id%5B3%5D=1&status_on_sale=1&price_max=3221&page=1
https://www.mercari.com/jp/search/?keyword=mamiya+35+ee+merit&category_root=7&category_child=97&item_condition_id%5B1%5D=1&item_condition_id%5B2%5D=1&item_condition_id%5B3%5D=1&status_on_sale=1&price_max=1191&page=1
https://www.mercari.com/jp/search/?keyword=mamiya+35+super+deluxe&category_root=7&category_child=97&item_condition_id%5B1%5D=1&item_condition_id%5B2%5D=1&item_condition_id%5B3%5D=1&status_on_sale=1&price_max=36077&page=1
https://www.mercari.com/jp/search/?keyword=mamiya+u&category_root=7&category_child=97&item_condition_id%5B1%5D=1&item_condition_id%5B2%5D=1&item_condition_id%5B3%5D=1&status_on_sale=1&price_max=8069&page=1
https://www.mercari.com/jp/items/m49545601700/?_s=U2FsdGVkX18GNakZOPoWWrpBK3EGf7cD8ShnZWbPRotA50wxOL3BC3Gryg7AfozsJ8k50k-lHVhjLtfy5Fph0gTgQjLXJoijim_-akdd-GEkF9kwEnkMcaZ0Yww-BqCW
https://www.mercari.com/jp/items/m87264785735/?_s=U2FsdGVkX19X9mY3yrWvzR_ASMYnRxR6ivbHEUKouDclWzKEmLDU_uIchyE0M6mX62wljZHtrUwVBhzrIAUNuaA1ZxPEJ8AH5iEZv9R6FkrcMnBT4Dmr61HfEXhMBR1N
https://www.mercari.com/jp/items/m28053032966/?_s=U2FsdGVkX19mswZWIkZSsxoFPockI-C4MmiaPDfH-Qk8j9DpwiEl0wKzyKms_jW-lMGmr-2VRxGo2cTNrjIggzZHBxXbzRSaBElvShJPSRehQ_p7VEYs78qVDCtnjnEr
https://www.mercari.com/jp/search/?keyword=mamiya+wide&category_root=7&category_child=97&item_condition_id%5B1%5D=1&item_condition_id%5B2%5D=1&item_condition_id%5B3%5D=1&status_on_sale=1&price_max=21300&page=1
https://www.mercari.com/jp/search/?keyword=mamiya+family&category_root=7&category_child=97&item_condition_id%5B1%5D=1&item_condition_id%5B2%5D=1&item_condition_id%5B3%5D=1&status_on_sale=1&price_max=61638&page=1
https://www.mercari.com/jp/search/?keyword=mamiya+prismat+np&category_root=7&category_child=97&item_condition_id%5B1%5D=1&item_condition_id%5B2%5D=1&item_condition_id%5B3%5D=1&status_on_sale=1&price_max=16559&page=1
https://www.mercari.com/jp/search/?keyword=mamiya+dsx+500&category_root=7&category_child=97&item_condition_id%5B1%5D=1&item_condition_id%5B2%5D=1&item_condition_id%5B3%5D=1&status_on_sale=1&price_max=4380&page=1
https://www.mercari.com/jp/search/?keyword=mamiya+ze-x&category_root=7&category_child=97&item_condition_id%5B1%5D=1&item_condition_id%5B2%5D=1&item_condition_id%5B3%5D=1&status_on_sale=1&price_max=3915&page=1
https://www.mercari.com/jp/search/?keyword=mamiya+zm+quartz&category_root=7&category_child=97&item_condition_id%5B1%5D=1&item_condition_id%5B2%5D=1&item_condition_id%5B3%5D=1&status_on_sale=1&price_max=11345&page=1
https://www.mercari.com/jp/search/?keyword=mamiya+c33+pro+105+3.5&category_root=7&category_child=97&item_condition_id%5B1%5D=1&item_condition_id%5B2%5D=1&item_condition_id%5B3%5D=1&status_on_sale=1&price_max=22870&page=1
https://www.mercari.com/jp/search/?keyword=mamiya+6+k+-&category_root=7&category_child=97&item_condition_id%5B1%5D=1&item_condition_id%5B2%5D=1&item_condition_id%5B3%5D=1&status_on_sale=1&price_max=30037&page=1
https://www.mercari.com/jp/search/?keyword=mamiya+6+k+7.5+3.5&category_root=7&category_child=97&item_condition_id%5B1%5D=1&item_condition_id%5B2%5D=1&item_condition_id%5B3%5D=1&status_on_sale=1&price_max=15518&page=1
https://www.mercari.com/jp/search/?keyword=mamiya+6+v&category_root=7&category_child=97&item_condition_id%5B1%5D=1&item_condition_id%5B2%5D=1&item_condition_id%5B3%5D=1&status_on_sale=1&price_max=14801&page=1
https://www.mercari.com/jp/search/?keyword=mamiya+6+automatic&category_root=7&category_child=97&item_condition_id%5B1%5D=1&item_condition_id%5B2%5D=1&item_condition_id%5B3%5D=1&status_on_sale=1&price_max=12832&page=1
https://www.mercari.com/jp/search/?keyword=mamiya+%28universal+press+%E3%83%A6%E3%83%8B%E3%83%90%E3%83%BC%E3%82%B5%E3%83%AB%29+100+3.5&category_root=7&category_child=97&item_condition_id%5B1%5D=1&item_condition_id%5B2%5D=1&item_condition_id%5B3%5D=1&status_on_sale=1&price_max=27851&page=1
https://www.mercari.com/jp/search/?keyword=mamiya+%28universal+press+%E3%83%A6%E3%83%8B%E3%83%90%E3%83%BC%E3%82%B5%E3%83%AB%29+127+4.7&category_root=7&category_child=97&item_condition_id%5B1%5D=1&item_condition_id%5B2%5D=1&item_condition_id%5B3%5D=1&status_on_sale=1&price_max=22648&page=1
https://www.mercari.com/jp/search/?keyword=mamiya+press+super+23+-&category_root=7&category_child=97&item_condition_id%5B1%5D=1&item_condition_id%5B2%5D=1&item_condition_id%5B3%5D=1&status_on_sale=1&price_max=18545&page=1
https://www.mercari.com/jp/search/?keyword=mamiya+press+super+23+100+3.5&category_root=7&category_child=97&item_condition_id%5B1%5D=1&item_condition_id%5B2%5D=1&item_condition_id%5B3%5D=1&status_on_sale=1&price_max=22456&page=1
https://www.mercari.com/jp/search/?keyword=mamiya+rb67+pro+s+prism&category_root=7&category_child=97&item_condition_id%5B1%5D=1&item_condition_id%5B2%5D=1&item_condition_id%5B3%5D=1&status_on_sale=1&price_max=14203&page=1
https://www.mercari.com/jp/search/?keyword=mamiya+rb67+%28waist+finder+%E3%82%A6%E3%82%A8%E3%82%B9%E3%83%88%E3%83%AC%E3%83%99%E3%83%AB%29+pro+s&category_root=7&category_child=97&item_condition_id%5B1%5D=1&item_condition_id%5B2%5D=1&item_condition_id%5B3%5D=1&status_on_sale=1&price_max=9308&page=1
https://www.mercari.com/jp/search/?keyword=mamiya+645+%28waist+finder+%E3%82%A6%E3%82%A8%E3%82%B9%E3%83%88%E3%83%AC%E3%83%99%E3%83%AB%29+n+645+pro+tl&category_root=7&category_child=97&item_condition_id%5B1%5D=1&item_condition_id%5B2%5D=1&item_condition_id%5B3%5D=1&status_on_sale=1&price_max=19691&page=1
https://www.mercari.com/jp/search/?keyword=mamiya+ae+prism+finder+rz67+pro+ii&category_root=7&category_child=97&item_condition_id%5B1%5D=1&item_condition_id%5B2%5D=1&item_condition_id%5B3%5D=1&status_on_sale=1&price_max=29028&page=1
https://www.mercari.com/jp/search/?keyword=mamiya+ae+prism+finder+rz67&category_root=7&category_child=97&item_condition_id%5B1%5D=1&item_condition_id%5B2%5D=1&item_condition_id%5B3%5D=1&status_on_sale=1&price_max=21437&page=1
https://www.mercari.com/jp/search/?keyword=mamiya+cds+prism+finder+rb67&category_root=7&category_child=97&item_condition_id%5B1%5D=1&item_condition_id%5B2%5D=1&item_condition_id%5B3%5D=1&status_on_sale=1&price_max=13285&page=1
https://www.mercari.com/jp/search/?keyword=mamiya+eye+level+finder+rb67&category_root=7&category_child=97&item_condition_id%5B1%5D=1&item_condition_id%5B2%5D=1&item_condition_id%5B3%5D=1&status_on_sale=1&price_max=11085&page=1
https://www.mercari.com/jp/search/?keyword=mamiya+fd701&category_root=7&category_child=97&item_condition_id%5B1%5D=1&item_condition_id%5B2%5D=1&item_condition_id%5B3%5D=1&status_on_sale=1&price_max=7710&page=1
https://www.mercari.com/jp/search/?keyword=mamiya+pd+finder&category_root=7&category_child=97&item_condition_id%5B1%5D=1&item_condition_id%5B2%5D=1&item_condition_id%5B3%5D=1&status_on_sale=1&price_max=14948&page=1
https://www.mercari.com/jp/search/?keyword=mamiya+%28waist+finder+%E3%82%A6%E3%82%A8%E3%82%B9%E3%83%88%E3%83%AC%E3%83%99%E3%83%AB%29+645&category_root=7&category_child=97&item_condition_id%5B1%5D=1&item_condition_id%5B2%5D=1&item_condition_id%5B3%5D=1&status_on_sale=1&price_max=17205&page=1
https://www.mercari.com/jp/search/?keyword=mamiya+%28waist+finder+%E3%82%A6%E3%82%A8%E3%82%B9%E3%83%88%E3%83%AC%E3%83%99%E3%83%AB%29+m645&category_root=7&category_child=97&item_condition_id%5B1%5D=1&item_condition_id%5B2%5D=1&item_condition_id%5B3%5D=1&status_on_sale=1&price_max=16452&page=1
https://www.mercari.com/jp/search/?keyword=mamiya+%28waist+finder+%E3%82%A6%E3%82%A8%E3%82%B9%E3%83%88%E3%83%AC%E3%83%99%E3%83%AB%29+rz67+pro+ii&category_root=7&category_child=97&item_condition_id%5B1%5D=1&item_condition_id%5B2%5D=1&item_condition_id%5B3%5D=1&status_on_sale=1&price_max=15638&page=1
https://www.mercari.com/jp/search/?keyword=mamiya+%28waist+finder+%E3%82%A6%E3%82%A8%E3%82%B9%E3%83%88%E3%83%AC%E3%83%99%E3%83%AB%29+rb67+s&category_root=7&category_child=97&item_condition_id%5B1%5D=1&item_condition_id%5B2%5D=1&item_condition_id%5B3%5D=1&status_on_sale=1&price_max=9308&page=1
https://www.mercari.com/jp/search/?keyword=mamiya+rb67+pro+%28back+%E3%83%90%E3%83%83%E3%82%AF+holder+%E3%83%9B%E3%83%AB%E3%83%80%E3%83%BC%29+-%28pro+-s%29&category_root=7&category_child=97&item_condition_id%5B1%5D=1&item_condition_id%5B2%5D=1&item_condition_id%5B3%5D=1&status_on_sale=1&price_max=9063&page=1
https://www.mercari.com/jp/search/?keyword=mamiya+rb67+pro+s+120+%28back+%E3%83%90%E3%83%83%E3%82%AF+holder+%E3%83%9B%E3%83%AB%E3%83%80%E3%83%BC%29&category_root=7&category_child=97&item_condition_id%5B1%5D=1&item_condition_id%5B2%5D=1&item_condition_id%5B3%5D=1&status_on_sale=1&price_max=8370&page=1
https://www.mercari.com/jp/search/?keyword=mamiya+rb67+pro+s+220+%28back+%E3%83%90%E3%83%83%E3%82%AF+holder+%E3%83%9B%E3%83%AB%E3%83%80%E3%83%BC%29&category_root=7&category_child=97&item_condition_id%5B1%5D=1&item_condition_id%5B2%5D=1&item_condition_id%5B3%5D=1&status_on_sale=1&price_max=10686&page=1
https://www.mercari.com/jp/search/?keyword=mamiya+rb67+pro+sd+120+%28back+%E3%83%90%E3%83%83%E3%82%AF+holder+%E3%83%9B%E3%83%AB%E3%83%80%E3%83%BC%29&category_root=7&category_child=97&item_condition_id%5B1%5D=1&item_condition_id%5B2%5D=1&item_condition_id%5B3%5D=1&status_on_sale=1&price_max=10563&page=1
https://www.mercari.com/jp/search/?keyword=mamiya+rb67+6x4.5+%28back+%E3%83%90%E3%83%83%E3%82%AF+holder+%E3%83%9B%E3%83%AB%E3%83%80%E3%83%BC%29&category_root=7&category_child=97&item_condition_id%5B1%5D=1&item_condition_id%5B2%5D=1&item_condition_id%5B3%5D=1&status_on_sale=1&price_max=6943&page=1
https://www.mercari.com/jp/search/?keyword=mamiya+rb67+6x7+120+220+%28back+%E3%83%90%E3%83%83%E3%82%AF+holder+%E3%83%9B%E3%83%AB%E3%83%80%E3%83%BC%29&category_root=7&category_child=97&item_condition_id%5B1%5D=1&item_condition_id%5B2%5D=1&item_condition_id%5B3%5D=1&status_on_sale=1&price_max=10699&page=1
https://www.mercari.com/jp/search/?keyword=mamiya+rb67+6x7+pro+sd+%28back+%E3%83%90%E3%83%83%E3%82%AF+holder+%E3%83%9B%E3%83%AB%E3%83%80%E3%83%BC%29&category_root=7&category_child=97&item_condition_id%5B1%5D=1&item_condition_id%5B2%5D=1&item_condition_id%5B3%5D=1&status_on_sale=1&price_max=9807&page=1
https://www.mercari.com/jp/search/?keyword=mamiya+rb67+6x8+%28back+%E3%83%90%E3%83%83%E3%82%AF+holder+%E3%83%9B%E3%83%AB%E3%83%80%E3%83%BC%29&category_root=7&category_child=97&item_condition_id%5B1%5D=1&item_condition_id%5B2%5D=1&item_condition_id%5B3%5D=1&status_on_sale=1&price_max=9893&page=1
https://www.mercari.com/jp/search/?keyword=mamiya+rb67+6x8+pro+sd+%28back+%E3%83%90%E3%83%83%E3%82%AF+holder+%E3%83%9B%E3%83%AB%E3%83%80%E3%83%BC%29&category_root=7&category_child=97&item_condition_id%5B1%5D=1&item_condition_id%5B2%5D=1&item_condition_id%5B3%5D=1&status_on_sale=1&price_max=10189&page=1
https://www.mercari.com/jp/search/?keyword=mamiya+rz67+pro+ii+120+%28back+%E3%83%90%E3%83%83%E3%82%AF+holder+%E3%83%9B%E3%83%AB%E3%83%80%E3%83%BC%29&category_root=7&category_child=97&item_condition_id%5B1%5D=1&item_condition_id%5B2%5D=1&item_condition_id%5B3%5D=1&status_on_sale=1&price_max=10966&page=1
https://www.mercari.com/jp/search/?keyword=mamiya+m645+120+%28back+%E3%83%90%E3%83%83%E3%82%AF+holder+%E3%83%9B%E3%83%AB%E3%83%80%E3%83%BC%29&category_root=7&category_child=97&item_condition_id%5B1%5D=1&item_condition_id%5B2%5D=1&item_condition_id%5B3%5D=1&status_on_sale=1&price_max=7123&page=1
https://www.mercari.com/jp/search/?keyword=mamiya+645+pro+120+%28back+%E3%83%90%E3%83%83%E3%82%AF+holder+%E3%83%9B%E3%83%AB%E3%83%80%E3%83%BC%29&category_root=7&category_child=97&item_condition_id%5B1%5D=1&item_condition_id%5B2%5D=1&item_condition_id%5B3%5D=1&status_on_sale=1&price_max=7487&page=1
https://www.mercari.com/jp/search/?keyword=mamiya+645+super+pro+120+%28back+%E3%83%90%E3%83%83%E3%82%AF+holder+%E3%83%9B%E3%83%AB%E3%83%80%E3%83%BC%29&category_root=7&category_child=97&item_condition_id%5B1%5D=1&item_condition_id%5B2%5D=1&item_condition_id%5B3%5D=1&status_on_sale=1&price_max=7136&page=1
https://www.mercari.com/jp/search/?keyword=mamiya+rb67+pro+s+6+8+120+220&category_root=7&category_child=97&item_condition_id%5B1%5D=1&item_condition_id%5B2%5D=1&item_condition_id%5B3%5D=1&status_on_sale=1&price_max=10430&page=1
https://www.mercari.com/jp/search/?keyword=mamiya+rz67+pro+ii+120+-&category_root=7&category_child=97&item_condition_id%5B1%5D=1&item_condition_id%5B2%5D=1&item_condition_id%5B3%5D=1&status_on_sale=1&price_max=10880&page=1
https://www.mercari.com/jp/search/?keyword=mamiya+RB67+Pro+s+SD+120&category_root=7&category_child=97&item_condition_id%5B1%5D=1&item_condition_id%5B2%5D=1&item_condition_id%5B3%5D=1&status_on_sale=1&price_max=9666&page=1
https://www.mercari.com/jp/search/?keyword=Mamiya+RB67+pro+s+6+8+120+220&category_root=7&category_child=97&item_condition_id%5B1%5D=1&item_condition_id%5B2%5D=1&item_condition_id%5B3%5D=1&status_on_sale=1&price_max=10430&page=1
https://www.mercari.com/jp/search/?keyword=mamiya+ac401&category_root=7&category_child=97&item_condition_id%5B1%5D=1&item_condition_id%5B2%5D=1&item_condition_id%5B3%5D=1&status_on_sale=1&price_max=9188&page=1
https://www.mercari.com/jp/search/?keyword=mamiya+wg401&category_root=7&category_child=97&item_condition_id%5B1%5D=1&item_condition_id%5B2%5D=1&item_condition_id%5B3%5D=1&status_on_sale=1&price_max=21248&page=1
https://www.mercari.com/jp/search/?keyword=mamiya+left+grip&category_root=7&category_child=97&item_condition_id%5B1%5D=1&item_condition_id%5B2%5D=1&item_condition_id%5B3%5D=1&status_on_sale=1&price_max=9354&page=1
https://www.mercari.com/jp/search/?keyword=mamiya+rz67+l+grip+pro+ii&category_root=7&category_child=97&item_condition_id%5B1%5D=1&item_condition_id%5B2%5D=1&item_condition_id%5B3%5D=1&status_on_sale=1&price_max=22445&page=1
https://www.mercari.com/jp/search/?keyword=pentax+smc+28+3.5+-super+-m42+-50+-80+-4.7+-pentax-m+-m+-f+-28-80+-fa&category_root=7&category_child=97&item_condition_id%5B1%5D=1&item_condition_id%5B2%5D=1&item_condition_id%5B3%5D=1&status_on_sale=1&price_max=11268&page=1
https://www.mercari.com/jp/items/m92222461529/?_s=U2FsdGVkX1-jJ132R8Z0yp69ZIEMiZgnQpWWh7-HKt9zfYNQQ_nSbsBGoDBKEg-u4ljVnqsJbukxFrabIDEct2xGtXfq-pJidPgQKFoy-9iHoacalTWtp1WYlAdyMY1y
https://www.mercari.com/jp/items/m40283962230/?_s=U2FsdGVkX18dHpkauCJrXcx1xV3XM1z7mY_nTuQKYo7wkkIkluo_s8LHeyUp62QcGlJTdVXUKdz9WXEdHa_6Jet3_WMmDCFrUcWoZcAgU014emmwvF71kU5RWXBhrajr
https://www.mercari.com/jp/items/m96131356116/?_s=U2FsdGVkX1-QQkdaMNgVvfckMVOK9wKPESzbzlQZM2K--Q0SU6tR7r2VumWVu75RI6wwQTswZUZlyexXB1YY0lXuTXgbCjKJSJJsy9PiFPEYFKGNZihwDJ1ud_2x0HfY
https://www.mercari.com/jp/items/m30624733475/?_s=U2FsdGVkX19wNrMaG9ugPYrQs7YyLceflBmMEcAQlHby09_RFJiTMm7M5i9cAnUTLc0GgY8ak1NBwYuitVQ_blWKkkc58d6voiq7Kd5hQdq4Hkd9kymk_Gn_nWKAUFBK
https://www.mercari.com/jp/items/m71150515744/?_s=U2FsdGVkX18EsCKKsxDe_zVCCsp_d0iD1FcX35M-DVphMRfqppWiEROb3XgKe1ZM0Q3CNw6OlvOHfXmPE0y9tTe7H_lhAPuWSJDxxWiB-L5R6o4vaoTaRXiGtVDxEAig
https://www.mercari.com/jp/items/m97253328641/?_s=U2FsdGVkX18VtknWf60pneaAid7bsL-wgcH38UVpvGuYV1Lhu6tjk-LOFfC0o0qtSWafxcdGRky0SW1zEnp4q6j5Rk5QpRDYoiROQvaFGL5g-9U9-49XarsXr056jF0C
https://www.mercari.com/jp/items/m83097746104/?_s=U2FsdGVkX19yTWXhULkNQb363uwefRzxtZkNbaU4pO-7aYR4CVDpDjG7mTxx-81nzfsJlyt2uZY-mVQIpvZ_ED6XWdKd4EpOfXAXWf6ebusdIf9Kr4BEuO4Dry4Havau
https://www.mercari.com/jp/search/?keyword=pentax+smc+6x7+150+2.8+-%E4%B8%AD%E5%88%A4%E3%82%AB%E3%83%A1%E3%83%A9+-%E4%B8%AD%E5%88%A4%E3%83%95%E3%82%A3%E3%83%AB%E3%83%A0&category_root=7&category_child=97&item_condition_id%5B1%5D=1&item_condition_id%5B2%5D=1&item_condition_id%5B3%5D=1&status_on_sale=1&price_max=10915&page=1
https://www.mercari.com/jp/search/?keyword=pentax+mx+-%E3%82%A2%E3%82%A4%E3%82%AB%E3%83%83%E3%83%97+-%E3%83%AC%E3%83%B3%E3%82%BA&category_root=7&category_child=97&item_condition_id%5B1%5D=1&item_condition_id%5B2%5D=1&item_condition_id%5B3%5D=1&status_on_sale=1&price_max=13621&page=1
https://www.mercari.com/jp/items/m78887562583/?_s=U2FsdGVkX1_XwsKNlgFRQO5VI91dfmeiXuUhvgUhqumUHf1NBafG5qAyKU7FSpCVVbifoIdXN6iZtgwn3s_IE_pM9V5rC4OXmvfA6GumWf84UJjhIUTz_Q0kcyYOIIQY
https://www.mercari.com/jp/items/m53253514084/?_s=U2FsdGVkX19TzJaA2pUn7V9yY_ssWiid6oG15aQqVBSZjYhketQdkYoYpKGXDDZ8MnoRb_o8HmSjD-eSCB8xEGfj0-9tTjxRL5UMiHp2w9urWO4olLFFVjn_yaU4HfA8
https://www.mercari.com/jp/items/m81425899100/?_s=U2FsdGVkX18-XT99zMu_ppjS6tShBAwGnTlcXevBXpuPbyLhDR0ifcNHzp_i-fNQFpOnw-llnJLcFUQMgqVMwD5IVnT9a3i3L7bkH2QH9cwAiR64SFVMtfC1YhoQdodc
https://www.mercari.com/jp/search/?keyword=pentax+spotmeter+v&category_root=7&category_child=97&item_condition_id%5B1%5D=1&item_condition_id%5B2%5D=1&item_condition_id%5B3%5D=1&status_on_sale=1&price_max=11510&page=1
https://www.mercari.com/jp/search/?keyword=olympus+om+mc+w+35+2+-2.8+-om1+-om-1+-om2+-om-2&category_root=7&category_child=97&item_condition_id%5B1%5D=1&item_condition_id%5B2%5D=1&item_condition_id%5B3%5D=1&status_on_sale=1&price_max=18026&page=1
https://www.mercari.com/jp/search/?keyword=olympus+om+e.zuiko+t+100+2.8+-om1+-om-1+-om2+-om-2+-om3+-om-3+-om10+-om-10&category_root=7&category_child=97&item_condition_id%5B1%5D=1&item_condition_id%5B2%5D=1&item_condition_id%5B3%5D=1&status_on_sale=1&price_max=12839&page=1
https://www.mercari.com/jp/search/?keyword=olympus+mju+ii+compact+110+-lens+-%E3%83%AC%E3%83%B3%E3%82%BA&category_root=7&category_child=97&item_condition_id%5B1%5D=1&item_condition_id%5B2%5D=1&item_condition_id%5B3%5D=1&status_on_sale=1&price_max=8937&page=1
https://www.mercari.com/jp/search/?keyword=olympus+mju+35+3.5+%28panorama+%E3%83%91%E3%83%8E%E3%83%A9%E3%83%9E%29&category_root=7&category_child=97&item_condition_id%5B1%5D=1&item_condition_id%5B2%5D=1&item_condition_id%5B3%5D=1&status_on_sale=1&price_max=10329&page=1
https://www.mercari.com/jp/search/?keyword=olympus+mju+ii+115+vf+compact+35&category_root=7&category_child=97&item_condition_id%5B1%5D=1&item_condition_id%5B2%5D=1&item_condition_id%5B3%5D=1&status_on_sale=1&price_max=10982&page=1
https://www.mercari.com/jp/search/?keyword=olympus+om-1+-zuiko+-lens+-%E3%83%AC%E3%83%B3%E3%82%BA&category_root=7&category_child=97&item_condition_id%5B1%5D=1&item_condition_id%5B2%5D=1&item_condition_id%5B3%5D=1&status_on_sale=1&price_max=6328&page=1
https://www.mercari.com/jp/items/m33665439218/?_s=U2FsdGVkX1_tmUlzyalSTN8OG_FQFvJTYi3UNdq5vIBPAEn44hN7KhQZwO9KmB0BxX8ez2P8OcB64I3rgasn9VwZH6Yj_78ssAZbQcIxEo7PR2Fr1BnrASE0I8PP5ysM
https://www.mercari.com/jp/items/m59342046924/?_s=U2FsdGVkX19i00MHmxPJvAGIkXYDC0romTzCNn2dYRkGI7lcivsPeFaTH-hM6jmmtLk5m9RBg6dRXGjsmir259djj9JBCeyvMxXA82e_PCbgogh_0UWgb6iQqYetezEU
https://www.mercari.com/jp/items/m37345861442/?_s=U2FsdGVkX1-sVOEr5oHsGtEAKepBvI0XHR2iX_xeBn-8lUeEp99gIK2aNlH7lVRLEPq0RfKhyA5JXIZzNkwvRkeSeMkPSxpZ5TYcYZ8pWtQylZxLC0OSM0v5iOqsqtrJ
https://www.mercari.com/jp/items/m23251851130/?_s=U2FsdGVkX19WysziEuAHsZf1RtFcxakyfqLhvcjs6Bvgo_kPNN5lOZn7hGgjZzy5PdH4dXI3yDfnhCxvI8V81lVvYh_UDureEeq2GWzzuBi7FKWa9BufBh7sa04shQ_B
https://www.mercari.com/jp/search/?keyword=olympus+om-1+zuiko+50+f1.4&category_root=7&category_child=97&item_condition_id%5B1%5D=1&item_condition_id%5B2%5D=1&item_condition_id%5B3%5D=1&status_on_sale=1&price_max=18454&page=1
https://www.mercari.com/jp/search/?keyword=olympus+om2000+-lens+-%E3%83%AC%E3%83%B3%E3%82%BA&category_root=7&category_child=97&item_condition_id%5B1%5D=1&item_condition_id%5B2%5D=1&item_condition_id%5B3%5D=1&status_on_sale=1&price_max=6502&page=1
https://www.mercari.com/jp/items/m38313543609/?_s=U2FsdGVkX1_dZrKjmWisK4xSa21f2mH4dbQJwHBk9URLIgnAFlUNJHJhz-YLBem9ulIOP5_HsYtcduIMAFrtBxSzCKi97GNpN8lIyU0YV26VkhxkKHSIKtMjgQvDmA_B
https://www.mercari.com/jp/items/m92713092534/?_s=U2FsdGVkX18Ts8J-7-kJHCFNvWKUF64MOf1uQx5ueS0csz_ctWJ-XEA0prJeEcnGXXkTsN3I1-h0S2KQ2mhkwvNuPDwbbfFPgxVMFOvHcG2lmHcdWPcgrHz7GRUybvqh
https://www.mercari.com/jp/items/m76378136621/?_s=U2FsdGVkX19ET1etdr2y-2jyvJNNqkBuKoUd45YR8zVP0gPHsfXjAukSkqQqSWYrclrqevxCelw3F3O1-dU0WxJXmy-GXEn6Ce55iTnu2pguTxN2hij1nEvTTJaq-6NU
https://www.mercari.com/jp/search/?keyword=olympus+pen+d+-lens+-%E3%83%AC%E3%83%B3%E3%82%BA+-EES+-ee-2+-PEN-EE+-EE+-ef+-PEN-D2&category_root=7&category_child=97&item_condition_id%5B1%5D=1&item_condition_id%5B2%5D=1&item_condition_id%5B3%5D=1&status_on_sale=1&price_max=6354&page=1
https://www.mercari.com/jp/items/m98052850330/?_s=U2FsdGVkX1_k5LzYB_EGq-YytpqaQyJsFABrrV5lv2vh1NODIDzX-J1k1AdgyfxVMUMX0Jb5Ego1CQ57AT_AvHUMiguF6xbs3dVRjCNHSdBaOjhQtPG0rwn-dZyPoeG9
https://www.mercari.com/jp/search/?keyword=olympus+trip+35+-lens+-%E3%83%AC%E3%83%B3%E3%82%BA+-xa+-xa2+-%CE%BC+-AF-1+-OM+-ec+-%CE%BC&category_root=7&category_child=97&item_condition_id%5B1%5D=1&item_condition_id%5B2%5D=1&item_condition_id%5B3%5D=1&status_on_sale=1&price_max=7347&page=1
https://www.mercari.com/jp/search/?keyword=olympus+trip+40+-lens+-%E3%83%AC%E3%83%B3%E3%82%BA+-xb40&category_root=7&category_child=97&item_condition_id%5B1%5D=1&item_condition_id%5B2%5D=1&item_condition_id%5B3%5D=1&status_on_sale=1&price_max=7347&page=1
https://www.mercari.com/jp/search/?keyword=olympus+sp+42+1.7+-lens+-%E3%83%AC%E3%83%B3%E3%82%BA+-gold+-%E9%BB%92+-black+-%E3%83%96%E3%83%A9%E3%83%83%E3%82%AF+-%E8%AA%AC%E6%98%8E%E6%9B%B8&category_root=7&category_child=97&item_condition_id%5B1%5D=1&item_condition_id%5B2%5D=1&item_condition_id%5B3%5D=1&status_on_sale=1&price_max=19556&page=1
https://www.mercari.com/jp/search/?keyword=olympus+sp+g+zuiko+42+1.7&category_root=7&category_child=97&item_condition_id%5B1%5D=1&item_condition_id%5B2%5D=1&item_condition_id%5B3%5D=1&status_on_sale=1&price_max=18958&page=1
https://www.mercari.com/jp/search/?keyword=nikon+nikkor+28+2.8+%28ai-s%2Cais%29&category_root=7&category_child=97&item_condition_id%5B1%5D=1&item_condition_id%5B2%5D=1&item_condition_id%5B3%5D=1&status_on_sale=1&price_max=16177&page=1
https://www.mercari.com/jp/search/?keyword=nikon+nikkor+35+1.4+%E9%9D%9E+ai&category_root=7&category_child=97&item_condition_id%5B1%5D=1&item_condition_id%5B2%5D=1&item_condition_id%5B3%5D=1&status_on_sale=1&price_max=22077&page=1
https://www.mercari.com/jp/search/?keyword=nikon+nikkor+35+2.8+ai+-%E9%9D%9E+-non+-ais+-ai-s+-%E6%94%B9&category_root=7&category_child=97&item_condition_id%5B1%5D=1&item_condition_id%5B2%5D=1&item_condition_id%5B3%5D=1&status_on_sale=1&price_max=8197&page=1
https://www.mercari.com/jp/search/?keyword=nikon+nikkor+s+auto+50+1.4+ai+%E6%94%B9&category_root=7&category_child=97&item_condition_id%5B1%5D=1&item_condition_id%5B2%5D=1&item_condition_id%5B3%5D=1&status_on_sale=1&price_max=10171&page=1
https://www.mercari.com/jp/search/?keyword=nikon+new+nikkor+50+2&category_root=7&category_child=97&item_condition_id%5B1%5D=1&item_condition_id%5B2%5D=1&item_condition_id%5B3%5D=1&status_on_sale=1&price_max=13971&page=1
https://www.mercari.com/jp/search/?keyword=nikon+nikkor+o+50+2.8&category_root=7&category_child=97&item_condition_id%5B1%5D=1&item_condition_id%5B2%5D=1&item_condition_id%5B3%5D=1&status_on_sale=1&price_max=18561&page=1
https://www.mercari.com/jp/search/?keyword=nikon+nikkor+o+c+50+2.8&category_root=7&category_child=97&item_condition_id%5B1%5D=1&item_condition_id%5B2%5D=1&item_condition_id%5B3%5D=1&status_on_sale=1&price_max=22054&page=1
https://www.mercari.com/jp/search/?keyword=nikon+nikkor+h+50+3.5&category_root=7&category_child=97&item_condition_id%5B1%5D=1&item_condition_id%5B2%5D=1&item_condition_id%5B3%5D=1&status_on_sale=1&price_max=9418&page=1
https://www.mercari.com/jp/search/?keyword=nikon+nikkor+h+c+85+1.8+non+ai+-%E9%9D%9E+-non+-ais+-ai-s+-%E6%94%B9&category_root=7&category_child=97&item_condition_id%5B1%5D=1&item_condition_id%5B2%5D=1&item_condition_id%5B3%5D=1&status_on_sale=1&price_max=10518&page=1
https://www.mercari.com/jp/search/?keyword=nikon+series+e+100mm+f2.8+%28ais+ai-s%29&category_root=7&category_child=97&item_condition_id%5B1%5D=1&item_condition_id%5B2%5D=1&item_condition_id%5B3%5D=1&status_on_sale=1&price_max=7148&page=1
https://www.mercari.com/jp/search/?keyword=nikon+nikkor+105+2.5+%28ais+ai-s%29+-&category_root=7&category_child=97&item_condition_id%5B1%5D=1&item_condition_id%5B2%5D=1&item_condition_id%5B3%5D=1&status_on_sale=1&price_max=17611&page=1
https://www.mercari.com/jp/search/?keyword=nikon+nikkor+w+135+5.6&category_root=7&category_child=97&item_condition_id%5B1%5D=1&item_condition_id%5B2%5D=1&item_condition_id%5B3%5D=1&status_on_sale=1&price_max=20840&page=1
https://www.mercari.com/jp/search/?keyword=nikon+nikkor+w+135+5.6+copal&category_root=7&category_child=97&item_condition_id%5B1%5D=1&item_condition_id%5B2%5D=1&item_condition_id%5B3%5D=1&status_on_sale=1&price_max=19967&page=1
https://www.mercari.com/jp/search/?keyword=nikon+l35+af+-tw+-l35af2+-l35aw+-l35af3&category_root=7&category_child=97&item_condition_id%5B1%5D=1&item_condition_id%5B2%5D=1&item_condition_id%5B3%5D=1&status_on_sale=1&price_max=14502&page=1
https://www.mercari.com/jp/search/?keyword=nikon+l35+af2+-tw+-l35aw+-l35af3&category_root=7&category_child=97&item_condition_id%5B1%5D=1&item_condition_id%5B2%5D=1&item_condition_id%5B3%5D=1&status_on_sale=1&price_max=11428&page=1
https://www.mercari.com/jp/search/?keyword=nikon+l35+ad+aw&category_root=7&category_child=97&item_condition_id%5B1%5D=1&item_condition_id%5B2%5D=1&item_condition_id%5B3%5D=1&status_on_sale=1&price_max=12413&page=1
https://www.mercari.com/jp/search/?keyword=nikon+nikonos+v+35+2.5+-%E3%83%96%E3%83%A9%E3%83%83%E3%82%AF+-%E9%BB%92+-%E7%B7%91+-%E3%82%B0%E3%83%AA%E3%83%BC%E3%83%B3+-%E3%82%AA%E3%83%AA%E3%83%BC%E3%83%96&category_root=7&category_child=97&item_condition_id%5B1%5D=1&item_condition_id%5B2%5D=1&item_condition_id%5B3%5D=1&status_on_sale=1&price_max=22321&page=1
https://www.mercari.com/jp/search/?keyword=nikon+fa+%28black++%E9%BB%92+%E3%83%96%E3%83%A9%E3%83%83%E3%82%AF%29+md-15+-lens+-%E3%83%AC%E3%83%B3%E3%82%BA&category_root=7&category_child=97&item_condition_id%5B1%5D=1&item_condition_id%5B2%5D=1&item_condition_id%5B3%5D=1&status_on_sale=1&price_max=20555&page=1
https://www.mercari.com/jp/search/?keyword=nikon+f2a+50+1.4+ai+-non+-%E9%9D%9E+-ais+-ais+-convert+-converted+-f2a+-f2as&category_root=7&category_child=97&item_condition_id%5B1%5D=1&item_condition_id%5B2%5D=1&item_condition_id%5B3%5D=1&status_on_sale=1&price_max=25845&page=1
https://www.mercari.com/jp/search/?keyword=nikon+f3+nikkor+50+1.8+%28ais+ai-s%29&category_root=7&category_child=97&item_condition_id%5B1%5D=1&item_condition_id%5B2%5D=1&item_condition_id%5B3%5D=1&status_on_sale=1&price_max=9559&page=1
https://www.mercari.com/jp/search/?keyword=nikon+fm+50+1.8+ai+-fm2+-fm3+-fm3+-fm3a+-%E9%9D%9E+-non+-ais+-ai-s+-%E6%94%B9&category_root=7&category_child=97&item_condition_id%5B1%5D=1&item_condition_id%5B2%5D=1&item_condition_id%5B3%5D=1&status_on_sale=1&price_max=18409&page=1
https://www.mercari.com/jp/search/?keyword=nikon+r10+-lens+-%E3%83%AC%E3%83%B3%E3%82%BA+-%E3%83%AA%E3%83%A2%E3%82%B3%E3%83%B3+-%E3%82%B7%E3%83%8D%E3%83%86%E3%82%AF%E3%83%8B%E3%83%83%E3%82%AF%E3%82%AC%E3%82%A4%E3%83%89&category_root=7&category_child=97&item_condition_id%5B1%5D=1&item_condition_id%5B2%5D=1&item_condition_id%5B3%5D=1&status_on_sale=1&price_max=20273&page=1
https://www.mercari.com/jp/search/?keyword=nikon+fieldscope+D%3D60+-%E3%83%90%E3%83%83%E3%83%86%E3%83%AA%E3%83%BC+-%E3%82%B0%E3%83%AA%E3%83%83%E3%83%97+-%E4%BA%92%E6%8F%9B+-%E3%82%A2%E3%82%A4%E3%82%AB%E3%83%83%E3%83%97+-%E3%83%90%E3%83%83%E3%83%86%E3%83%AA%E3%83%BC%E3%82%B0%E3%83%AA%E3%83%83%E3%83%97&category_root=7&category_child=97&item_condition_id%5B1%5D=1&item_condition_id%5B2%5D=1&item_condition_id%5B3%5D=1&status_on_sale=1&price_max=16210&page=1
https://www.mercari.com/jp/search/?keyword=nikon+da-1&category_root=7&category_child=97&item_condition_id%5B1%5D=1&item_condition_id%5B2%5D=1&item_condition_id%5B3%5D=1&status_on_sale=1&price_max=16250&page=1
https://www.mercari.com/jp/search/?keyword=nikon+dw-3&category_root=7&category_child=97&item_condition_id%5B1%5D=1&item_condition_id%5B2%5D=1&item_condition_id%5B3%5D=1&status_on_sale=1&price_max=9056&page=1
https://www.mercari.com/jp/search/?keyword=nikon+dw-30&category_root=7&category_child=97&item_condition_id%5B1%5D=1&item_condition_id%5B2%5D=1&item_condition_id%5B3%5D=1&status_on_sale=1&price_max=11514&page=1
https://www.mercari.com/jp/search/?keyword=minolta+md+100+2.5+-&category_root=7&category_child=97&item_condition_id%5B1%5D=1&item_condition_id%5B2%5D=1&item_condition_id%5B3%5D=1&status_on_sale=1&price_max=12636&page=1
https://www.mercari.com/jp/search/?keyword=minolta+new+md+100+2.5&category_root=7&category_child=97&item_condition_id%5B1%5D=1&item_condition_id%5B2%5D=1&item_condition_id%5B3%5D=1&status_on_sale=1&price_max=15160&page=1
https://www.mercari.com/jp/search/?keyword=minolta+autocord&category_root=7&category_child=97&item_condition_id%5B1%5D=1&item_condition_id%5B2%5D=1&item_condition_id%5B3%5D=1&status_on_sale=1&price_max=22609&page=1
https://www.mercari.com/jp/items/m93410858521/?_s=U2FsdGVkX1_u-s1eiZZERUtilhF4Y25IUVFcNKiYH6nNeennOk5S2HOfbKl6nyIZP07PvV7c7CFfYajc5tRHwB8OU6Jg0GFae1sHAMNBkKX5GqVBF0Le1rMV7P6UGo-y
https://www.mercari.com/jp/search/?keyword=minolta+hi+matic+e&category_root=7&category_child=97&item_condition_id%5B1%5D=1&item_condition_id%5B2%5D=1&item_condition_id%5B3%5D=1&status_on_sale=1&price_max=7727&page=1
https://www.mercari.com/jp/items/m76588430986/?_s=U2FsdGVkX1_fEjyuBIFjDy3ghu5wEEiNNuZJb8L2F8thVjrOJqN6mgtPJHxe3u9qWkV6Wss5klXqCDcVVeNiRdQ3iHUffCIM1Bj9lLIlHgKuXVf_d6IaZADK85bA21rO
https://www.mercari.com/jp/items/m83690996553/?_s=U2FsdGVkX18bcvy9hw4Dm5GF3myrCTZFcsxD2fR07AxrblrLDKn6zcrmiVWd5edIw8bHjLnOt-hFQGVnNIX27kpIGj6s0GbZY7JkXKwWQDDUobaEsTn22FemcM-WXAH2
https://www.mercari.com/jp/search/?keyword=minolta+autocord+rokkor+75+3.5&category_root=7&category_child=97&item_condition_id%5B1%5D=1&item_condition_id%5B2%5D=1&item_condition_id%5B3%5D=1&status_on_sale=1&price_max=18639&page=1
https://www.mercari.com/jp/search/?keyword=contax+rts+ii+-&category_root=7&category_child=97&item_condition_id%5B1%5D=1&item_condition_id%5B2%5D=1&item_condition_id%5B3%5D=1&status_on_sale=1&price_max=21760&page=1
https://www.mercari.com/jp/search/?keyword=contax+t+35+2.8+-mmj+-t2+-t3+-t4&category_root=7&category_child=97&item_condition_id%5B1%5D=1&item_condition_id%5B2%5D=1&item_condition_id%5B3%5D=1&status_on_sale=1&price_max=19725&page=1
https://www.mercari.com/jp/search/?keyword=contax+t+45+2.8+-aej+-jahre&category_root=7&category_child=97&item_condition_id%5B1%5D=1&item_condition_id%5B2%5D=1&item_condition_id%5B3%5D=1&status_on_sale=1&price_max=20534&page=1
https://www.mercari.com/jp/search/?keyword=contax+tvs+-ii+-iii&category_root=7&category_child=97&item_condition_id%5B1%5D=1&item_condition_id%5B2%5D=1&item_condition_id%5B3%5D=1&status_on_sale=1&price_max=27486&page=1
https://www.mercari.com/jp/items/m76722786965/?_s=U2FsdGVkX1_9hwWSK9G2y8S07LjRes9dAh7vietxhTEagjUFUQBN7LrCh3YZhiSmfMbeIdqIYB5q5zbgPCPD9qf3XFUl7iXsmysiBIEV0QXLqfSMTcRVYc2Fr1T6eblZ
https://www.mercari.com/jp/items/m98604397981/?_s=U2FsdGVkX18Mf53puFfXM49mbQbpuwt2rL3LtI0V2GFW4YSDzm6vPsY0NH43D6oDfnlUn60eATLHde3_JRsvCuIIbSJpLECYwRaGgNOvnVugezepmjOsOnY_83wunAwF
https://www.mercari.com/jp/items/m63323820962/?_s=U2FsdGVkX1_4dHH1VwOfdzjVP1TDUvGpv2bvLdPlJnhU3TY33RgdePNGZG1pmQxwZaRgrMrlRFw2nQbbPYRi7RQh17rlgeUojUJMEfmwicO1gxZhSs8mAtUERNLEYsww
https://www.mercari.com/jp/items/m93270007965/?_s=U2FsdGVkX1_i7gFwkRV6I6XnQoea9o1a_j8PYKfGNDr9EyITj17D4D8CiC3qD3yCDboABmDU0WCe5xB_-R1wpUSlIK3YAkcWLy-Iych1U8B2VcXJCDV5-Omilnc4hd5P
https://www.mercari.com/jp/items/m30952503287/?_s=U2FsdGVkX1-S8THIDzwFVOEkNX9EOQ3_aH7c8UdizD6OSYJPCFiS1K5fAb1-YmOH7mXJ1y01sQM_JmaDdG_q0pmPvEJ9PkXDZ3GiW3S0L1ZJCd3CGasHhLgtN1rcAKyF
https://www.mercari.com/jp/search/?keyword=kyocera+t+proof&category_root=7&category_child=97&item_condition_id%5B1%5D=1&item_condition_id%5B2%5D=1&item_condition_id%5B3%5D=1&status_on_sale=1&price_max=45164&page=1
https://www.mercari.com/jp/search/?keyword=canon+fd+17+4&category_root=7&category_child=97&item_condition_id%5B1%5D=1&item_condition_id%5B2%5D=1&item_condition_id%5B3%5D=1&status_on_sale=1&price_max=27752&page=1
https://www.mercari.com/jp/search/?keyword=canon+fd+20+2.8&category_root=7&category_child=97&item_condition_id%5B1%5D=1&item_condition_id%5B2%5D=1&item_condition_id%5B3%5D=1&status_on_sale=1&price_max=22234&page=1
https://www.mercari.com/jp/items/m40580654795/?_s=U2FsdGVkX1-wPQYJ5Yk_JiLxQ3WyeDShxwnfsZ_ZKm1RZlv4RtF3Y2kPj3vvjfo8auDPY3b7wdPOKAq1vHEnLJz2k2Lii_4C6bOgNIZSFrxaPoNU-ftntuy8ZCXXN5QF
https://www.mercari.com/jp/search/?keyword=canon+fd+ssc+24+2.8&category_root=7&category_child=97&item_condition_id%5B1%5D=1&item_condition_id%5B2%5D=1&item_condition_id%5B3%5D=1&status_on_sale=1&price_max=12349&page=1
https://www.mercari.com/jp/search/?keyword=canon+fd+24+2.8+-nfd+-new&category_root=7&category_child=97&item_condition_id%5B1%5D=1&item_condition_id%5B2%5D=1&item_condition_id%5B3%5D=1&status_on_sale=1&price_max=10711&page=1
https://www.mercari.com/jp/search/?keyword=canon+new+fd+24+2.8&category_root=7&category_child=97&item_condition_id%5B1%5D=1&item_condition_id%5B2%5D=1&item_condition_id%5B3%5D=1&status_on_sale=1&price_max=11117&page=1
https://www.mercari.com/jp/search/?keyword=canon+%28new+nfd%29+24+2.8&category_root=7&category_child=97&item_condition_id%5B1%5D=1&item_condition_id%5B2%5D=1&item_condition_id%5B3%5D=1&status_on_sale=1&price_max=11117&page=1
https://www.mercari.com/jp/search/?keyword=canon+fd+ssc+24+2.8&category_root=7&category_child=97&item_condition_id%5B1%5D=1&item_condition_id%5B2%5D=1&item_condition_id%5B3%5D=1&status_on_sale=1&price_max=12349&page=1
https://www.mercari.com/jp/search/?keyword=canon+new+fd+35+2.8+-200+-70+-3.5+-%E3%81%8F%E3%82%82%E3%82%8A+-%E3%82%AB%E3%83%93+-%E3%81%8B%E3%81%B3&category_root=7&category_child=97&item_condition_id%5B1%5D=1&item_condition_id%5B2%5D=1&item_condition_id%5B3%5D=1&status_on_sale=1&price_max=12704&page=1
https://www.mercari.com/jp/items/m82814846548/?_s=U2FsdGVkX19Kk6Cz8xlCSLyiiMLHfDtmFYPcdN65Ycg32z1fUNtmxq89xoL1YXiF6ZwvBTrKX1cdN9npDSKBkq_Zeu4iJOGRFJyl72Ar_TwZx4IgFuWOTUnp2Svrz7H7
https://www.mercari.com/jp/search/?keyword=canon+%28new+nfd%29+35+2+-70+-105+-2.8&category_root=7&category_child=97&item_condition_id%5B1%5D=1&item_condition_id%5B2%5D=1&item_condition_id%5B3%5D=1&status_on_sale=1&price_max=22498&page=1
https://www.mercari.com/jp/search/?keyword=canon+fd+ssc+35+2+-&category_root=7&category_child=97&item_condition_id%5B1%5D=1&item_condition_id%5B2%5D=1&item_condition_id%5B3%5D=1&status_on_sale=1&price_max=23031&page=1
https://www.mercari.com/jp/search/?keyword=canon+o+fd+ssc+35+2+-&category_root=7&category_child=97&item_condition_id%5B1%5D=1&item_condition_id%5B2%5D=1&item_condition_id%5B3%5D=1&status_on_sale=1&price_max=24409&page=1
https://www.mercari.com/jp/search/?keyword=canon+fd+35+2.8+-leica+-70+-new&category_root=7&category_child=97&item_condition_id%5B1%5D=1&item_condition_id%5B2%5D=1&item_condition_id%5B3%5D=1&status_on_sale=1&price_max=18170&page=1
https://www.mercari.com/jp/items/m85408099017/?_s=U2FsdGVkX191KrHDGP-3k8-lK7EhXfXFucpsDUx9C6hr-pO9obOH6KPy5ClJf2F9TY5W1YXAUT_kFck10ZAfBHExIJwe33KOeAw9xwDg1C64k07sSyB0pr8Gu_6-8m4x
https://www.mercari.com/jp/search/?keyword=canon+%28new+nfd%29+35+2.8&category_root=7&category_child=97&item_condition_id%5B1%5D=1&item_condition_id%5B2%5D=1&item_condition_id%5B3%5D=1&status_on_sale=1&price_max=12704&page=1
https://www.mercari.com/jp/search/?keyword=canon+compact+macro+ef+50+2.5+-&category_root=7&category_child=97&item_condition_id%5B1%5D=1&item_condition_id%5B2%5D=1&item_condition_id%5B3%5D=1&status_on_sale=1&price_max=11194&page=1
https://www.mercari.com/jp/search/?keyword=canon+fd+ssc+85+1.8&category_root=7&category_child=97&item_condition_id%5B1%5D=1&item_condition_id%5B2%5D=1&item_condition_id%5B3%5D=1&status_on_sale=1&price_max=19328&page=1
https://www.mercari.com/jp/search/?keyword=canon+%28new+nfd%29+85+1.8&category_root=7&category_child=97&item_condition_id%5B1%5D=1&item_condition_id%5B2%5D=1&item_condition_id%5B3%5D=1&status_on_sale=1&price_max=20338&page=1
https://www.mercari.com/jp/search/?keyword=canon+fd+200+1.8&category_root=7&category_child=97&item_condition_id%5B1%5D=1&item_condition_id%5B2%5D=1&item_condition_id%5B3%5D=1&status_on_sale=1&price_max=4941&page=1
https://www.mercari.com/jp/search/?keyword=canon+7sz+-lens+-%E3%83%AC%E3%83%B3%E3%82%BA&category_root=7&category_child=97&item_condition_id%5B1%5D=1&item_condition_id%5B2%5D=1&item_condition_id%5B3%5D=1&status_on_sale=1&price_max=54901&page=1
https://www.mercari.com/jp/search/?keyword=canon+7sz+50+1.4+-lens+-%E3%83%AC%E3%83%B3%E3%82%BA&category_root=7&category_child=97&item_condition_id%5B1%5D=1&item_condition_id%5B2%5D=1&item_condition_id%5B3%5D=1&status_on_sale=1&price_max=54658&page=1
https://www.mercari.com/jp/search/?keyword=canon+a-1+-lens+-%E3%83%AC%E3%83%B3%E3%82%BA+-%E3%83%90%E3%83%83%E3%83%86%E3%83%AA%E3%83%BC%E3%83%91%E3%83%83%E3%82%AF+-%E4%BF%AE%E7%90%86+-70+-%E3%83%9E%E3%82%A6%E3%83%B3%E3%83%88%E3%82%A2%E3%83%80%E3%83%97%E3%82%BF%E3%83%BC+-%E4%BA%92%E6%8F%9B%E3%83%90%E3%83%83%E3%83%86%E3%83%AA-+-a-11+-%E3%82%BA%E3%83%BC%E3%83%A0&category_root=7&category_child=97&item_condition_id%5B1%5D=1&item_condition_id%5B2%5D=1&item_condition_id%5B3%5D=1&status_on_sale=1&price_max=10735&page=1
https://www.mercari.com/jp/items/m37609388697/?_s=U2FsdGVkX1_fhE_r7_z1I9g-rhyAX_pA32hlNe9iw_xnR9vqrgg0Gxq1xxpXunYRmbWB4nKNu5-YubGP5IoaO4UikWxtfnD2-yXUbgnH48xfduqOG38haWOC5NvDxIVN
https://www.mercari.com/jp/items/m34631131149/?_s=U2FsdGVkX1_BMCWIr7n-hoOXbd42ZtkY-QfkkF9wrKj7DVrNPsxRLQBNo-acYarzK8-R167AWL1wKLuBIjWwAS9AHaRbhHOPhaewvKY708pHTXts_-IvqbqcoqLfgVzS
https://www.mercari.com/jp/items/m47282651026/?_s=U2FsdGVkX1_kyO81DsjS6PXx-w4iD8Xymh3PDmO1M1dtg-WkmQR6vdDS0kuN7h2j0fJxIEX0jQ6ui56Exiqx5vF5kALqv31HThu9tECLrPdB8tC4mF10L1259mbp5ZGK
https://www.mercari.com/jp/items/m49226239003/?_s=U2FsdGVkX18U-d88wtE9M9GApkcBK46FdhmYHr5UPQOJUZsp5aX_4ya8wV0JE9zEuhfhYtHwbvWPld9yJdlC4Jc8kt0Xpl_jHaWvQxMLkDDrLE_QG5B3FxfGOKF6d44t
https://www.mercari.com/jp/items/m88282990398/?_s=U2FsdGVkX1_W4Vli_Qxu3ZBGm5dBKxcksMcEXSm9MyEoX83BVXcYwDxFpA0UhZLcxvOLJQGQOXUVZS3HSi9OvL0hA56InCFz1Uc4pxBt8m_--s32uUprbQtqufXr6iJ_
https://www.mercari.com/jp/items/m18685158025/?_s=U2FsdGVkX1_8jHaozog5fi5pVJqngZTNmzk40JwfK8vzxcOE0MnRR_UzIzItdbBYPFM8lskti3tR2pBTXkOz-Dm9CDd1LeL2UehgRSDqx1cE4AlwKR6-E2gbtEE1gqIq
https://www.mercari.com/jp/search/?keyword=canon+a-1+fd+28+2.8&category_root=7&category_child=97&item_condition_id%5B1%5D=1&item_condition_id%5B2%5D=1&item_condition_id%5B3%5D=1&status_on_sale=1&price_max=17073&page=1
https://www.mercari.com/jp/search/?keyword=canon+a-1+%28new+nfd%29+28+2.8&category_root=7&category_child=97&item_condition_id%5B1%5D=1&item_condition_id%5B2%5D=1&item_condition_id%5B3%5D=1&status_on_sale=1&price_max=18079&page=1
https://www.mercari.com/jp/search/?keyword=canon+a-1+fd+ssc+50+1.4&category_root=7&category_child=97&item_condition_id%5B1%5D=1&item_condition_id%5B2%5D=1&item_condition_id%5B3%5D=1&status_on_sale=1&price_max=17113&page=1
https://www.mercari.com/jp/search/?keyword=canon+a-1+new+fd+50+1.4&category_root=7&category_child=97&item_condition_id%5B1%5D=1&item_condition_id%5B2%5D=1&item_condition_id%5B3%5D=1&status_on_sale=1&price_max=19171&page=1
https://www.mercari.com/jp/search/?keyword=canon+ae-1+%28black++%E9%BB%92+%E3%83%96%E3%83%A9%E3%83%83%E3%82%AF%29+%28new+nfd%29+35&category_root=7&category_child=97&item_condition_id%5B1%5D=1&item_condition_id%5B2%5D=1&item_condition_id%5B3%5D=1&status_on_sale=1&price_max=14454&page=1
https://www.mercari.com/jp/search/?keyword=canon+ae-1+%28black++%E9%BB%92+%E3%83%96%E3%83%A9%E3%83%83%E3%82%AF%29+50+1.4+ssc&category_root=7&category_child=97&item_condition_id%5B1%5D=1&item_condition_id%5B2%5D=1&item_condition_id%5B3%5D=1&status_on_sale=1&price_max=15163&page=1
https://www.mercari.com/jp/search/?keyword=canon+ae-1+%28new+nfd%29+50+1.4&category_root=7&category_child=97&item_condition_id%5B1%5D=1&item_condition_id%5B2%5D=1&item_condition_id%5B3%5D=1&status_on_sale=1&price_max=18406&page=1
https://www.mercari.com/jp/search/?keyword=canon+ae-1+%28black++%E9%BB%92+%E3%83%96%E3%83%A9%E3%83%83%E3%82%AF%29+fd+50+1.8&category_root=7&category_child=97&item_condition_id%5B1%5D=1&item_condition_id%5B2%5D=1&item_condition_id%5B3%5D=1&status_on_sale=1&price_max=14101&page=1
https://www.mercari.com/jp/search/?keyword=canon+ae-1+program+motor+drive+-lens+-%E3%83%AC%E3%83%B3%E3%82%BA&category_root=7&category_child=97&item_condition_id%5B1%5D=1&item_condition_id%5B2%5D=1&item_condition_id%5B3%5D=1&status_on_sale=1&price_max=14963&page=1
https://www.mercari.com/jp/search/?keyword=canon+ae-1+program+%28black++%E9%BB%92+%E3%83%96%E3%83%A9%E3%83%83%E3%82%AF%29+%28new+nfd%29+50+1.4&category_root=7&category_child=97&item_condition_id%5B1%5D=1&item_condition_id%5B2%5D=1&item_condition_id%5B3%5D=1&status_on_sale=1&price_max=20065&page=1
https://www.mercari.com/jp/search/?keyword=canon+ae-1+program+%28black++%E9%BB%92+%E3%83%96%E3%83%A9%E3%83%83%E3%82%AF%29+fd+ssc+50+1.4&category_root=7&category_child=97&item_condition_id%5B1%5D=1&item_condition_id%5B2%5D=1&item_condition_id%5B3%5D=1&status_on_sale=1&price_max=21206&page=1
https://www.mercari.com/jp/search/?keyword=canon+ae-1+program+new+fd+50+1.4+-black+-%E3%83%96%E3%83%A9%E3%83%83%E3%82%AF+-%E9%BB%92&category_root=7&category_child=97&item_condition_id%5B1%5D=1&item_condition_id%5B2%5D=1&item_condition_id%5B3%5D=1&status_on_sale=1&price_max=18643&page=1
https://www.mercari.com/jp/search/?keyword=canon+af35ml+-%E3%83%AC%E3%83%B3%E3%82%BA+-lens&category_root=7&category_child=97&item_condition_id%5B1%5D=1&item_condition_id%5B2%5D=1&item_condition_id%5B3%5D=1&status_on_sale=1&price_max=7854&page=1
https://www.mercari.com/jp/items/m72352476306/?_s=U2FsdGVkX19b8ejXEzvQR7-Ky8RmPeP484rynyWbZ4YJPVl3vRzPgwLMcuyL2GMctVG3GYC43ys0QTe-uZxEV7aSbMJciV4RvhYfJvFxj08k6Gi0dxCtNx3wYeth-iCs
https://www.mercari.com/jp/search/?keyword=canon+canonet+ql17+%28black++%E9%BB%92+%E3%83%96%E3%83%A9%E3%83%83%E3%82%AF%29+-lens+-%E3%83%AC%E3%83%B3%E3%82%BA&category_root=7&category_child=97&item_condition_id%5B1%5D=1&item_condition_id%5B2%5D=1&item_condition_id%5B3%5D=1&status_on_sale=1&price_max=22150&page=1
https://www.mercari.com/jp/search/?keyword=canon+canonet+ql17+giii+-lens+-%E3%83%AC%E3%83%B3%E3%82%BA&category_root=7&category_child=97&item_condition_id%5B1%5D=1&item_condition_id%5B2%5D=1&item_condition_id%5B3%5D=1&status_on_sale=1&price_max=18577&page=1
https://www.mercari.com/jp/search/?keyword=hasselblad+a12+ii+6+6+back+-&category_root=7&category_child=97&item_condition_id%5B1%5D=1&item_condition_id%5B2%5D=1&item_condition_id%5B3%5D=1&status_on_sale=1&price_max=17451&page=1
https://www.mercari.com/jp/search/?keyword=zenza+bronica+ps+80+2.8&category_root=7&category_child=97&item_condition_id%5B1%5D=1&item_condition_id%5B2%5D=1&item_condition_id%5B3%5D=1&status_on_sale=1&price_max=17730&page=1
https://www.mercari.com/jp/search/?keyword=zenza+bronica+gs-1+ae+rotary+finder+g&category_root=7&category_child=97&item_condition_id%5B1%5D=1&item_condition_id%5B2%5D=1&item_condition_id%5B3%5D=1&status_on_sale=1&price_max=18882&page=1
https://www.mercari.com/jp/search/?keyword=fuji+fujinon+w+135+5.6&category_root=7&category_child=97&item_condition_id%5B1%5D=1&item_condition_id%5B2%5D=1&item_condition_id%5B3%5D=1&status_on_sale=1&price_max=13439&page=1
https://www.mercari.com/jp/search/?keyword=fuji+instax+500af&category_root=7&category_child=97&item_condition_id%5B1%5D=1&item_condition_id%5B2%5D=1&item_condition_id%5B3%5D=1&status_on_sale=1&price_max=21236&page=1
https://www.mercari.com/jp/search/?keyword=kyocera+t+scope+t3+35+2.8&category_root=7&category_child=97&item_condition_id%5B1%5D=1&item_condition_id%5B2%5D=1&item_condition_id%5B3%5D=1&status_on_sale=1&price_max=19297&page=1
