2020-10-07T16:00:01+09:00
https://www.mercari.com/jp/search/?keyword=mamiya+sekor+65+3.5&category_root=7&category_child=97&item_condition_id%5B1%5D=1&item_condition_id%5B2%5D=1&item_condition_id%5B3%5D=1&status_on_sale=1&price_max=7961&page=1
https://www.mercari.com/jp/search/?keyword=mamiya+sekor+80+2.8&category_root=7&category_child=97&item_condition_id%5B1%5D=1&item_condition_id%5B2%5D=1&item_condition_id%5B3%5D=1&status_on_sale=1&price_max=18140&page=1
https://www.mercari.com/jp/search/?keyword=mamiya+sekor+80+3.7&category_root=7&category_child=97&item_condition_id%5B1%5D=1&item_condition_id%5B2%5D=1&item_condition_id%5B3%5D=1&status_on_sale=1&price_max=8195&page=1
https://www.mercari.com/jp/search/?keyword=mamiya+sekor+250+6.3&category_root=7&category_child=97&item_condition_id%5B1%5D=1&item_condition_id%5B2%5D=1&item_condition_id%5B3%5D=1&status_on_sale=1&price_max=11840&page=1
https://www.mercari.com/jp/search/?keyword=mamiya+sekor+75+5.6+-&category_root=7&category_child=97&item_condition_id%5B1%5D=1&item_condition_id%5B2%5D=1&item_condition_id%5B3%5D=1&status_on_sale=1&price_max=24929&page=1
https://www.mercari.com/jp/search/?keyword=mamiya+sekor+127+4.7&category_root=7&category_child=97&item_condition_id%5B1%5D=1&item_condition_id%5B2%5D=1&item_condition_id%5B3%5D=1&status_on_sale=1&price_max=7686&page=1
https://www.mercari.com/jp/search/?keyword=mamiya+sekor+150+5.6&category_root=7&category_child=97&item_condition_id%5B1%5D=1&item_condition_id%5B2%5D=1&item_condition_id%5B3%5D=1&status_on_sale=1&price_max=9533&page=1
https://www.mercari.com/jp/search/?keyword=mamiya+sekor+50+4.5&category_root=7&category_child=97&item_condition_id%5B1%5D=1&item_condition_id%5B2%5D=1&item_condition_id%5B3%5D=1&status_on_sale=1&price_max=21647&page=1
https://www.mercari.com/jp/search/?keyword=mamiya+sekor+65+4.5&category_root=7&category_child=97&item_condition_id%5B1%5D=1&item_condition_id%5B2%5D=1&item_condition_id%5B3%5D=1&status_on_sale=1&price_max=20167&page=1
https://www.mercari.com/jp/search/?keyword=mamiya+sekor+90+3.8&category_root=7&category_child=97&item_condition_id%5B1%5D=1&item_condition_id%5B2%5D=1&item_condition_id%5B3%5D=1&status_on_sale=1&price_max=17211&page=1
https://www.mercari.com/jp/search/?keyword=mamiya+sekor+127+3.8&category_root=7&category_child=97&item_condition_id%5B1%5D=1&item_condition_id%5B2%5D=1&item_condition_id%5B3%5D=1&status_on_sale=1&price_max=11183&page=1
https://www.mercari.com/jp/search/?keyword=mamiya+sekor+360+6.3&category_root=7&category_child=97&item_condition_id%5B1%5D=1&item_condition_id%5B2%5D=1&item_condition_id%5B3%5D=1&status_on_sale=1&price_max=8194&page=1
https://www.mercari.com/jp/search/?keyword=mamiya+sekor+nb+90+3.8&category_root=7&category_child=97&item_condition_id%5B1%5D=1&item_condition_id%5B2%5D=1&item_condition_id%5B3%5D=1&status_on_sale=1&price_max=10464&page=1
https://www.mercari.com/jp/search/?keyword=mamiya+sekor+nb+127+3.8&category_root=7&category_child=97&item_condition_id%5B1%5D=1&item_condition_id%5B2%5D=1&item_condition_id%5B3%5D=1&status_on_sale=1&price_max=13737&page=1
https://www.mercari.com/jp/search/?keyword=mamiya+sekor+fish+eye+c+37+4.5&category_root=7&category_child=97&item_condition_id%5B1%5D=1&item_condition_id%5B2%5D=1&item_condition_id%5B3%5D=1&status_on_sale=1&price_max=60070&page=1
https://www.mercari.com/jp/search/?keyword=mamiya+sekor+c+50+4.5&category_root=7&category_child=97&item_condition_id%5B1%5D=1&item_condition_id%5B2%5D=1&item_condition_id%5B3%5D=1&status_on_sale=1&price_max=22603&page=1
https://www.mercari.com/jp/search/?keyword=mamiya+sekor+c+65+4.5&category_root=7&category_child=97&item_condition_id%5B1%5D=1&item_condition_id%5B2%5D=1&item_condition_id%5B3%5D=1&status_on_sale=1&price_max=20975&page=1
https://www.mercari.com/jp/search/?keyword=mamiya+sekor+c+90+3.8&category_root=7&category_child=97&item_condition_id%5B1%5D=1&item_condition_id%5B2%5D=1&item_condition_id%5B3%5D=1&status_on_sale=1&price_max=18231&page=1
https://www.mercari.com/jp/search/?keyword=mamiya+sekor+c+127+3.8+-&category_root=7&category_child=97&item_condition_id%5B1%5D=1&item_condition_id%5B2%5D=1&item_condition_id%5B3%5D=1&status_on_sale=1&price_max=8058&page=1
https://www.mercari.com/jp/search/?keyword=mamiya+sekor+macro+c+140+4.5&category_root=7&category_child=97&item_condition_id%5B1%5D=1&item_condition_id%5B2%5D=1&item_condition_id%5B3%5D=1&status_on_sale=1&price_max=9868&page=1
https://www.mercari.com/jp/search/?keyword=mamiya+sekor+c+180+4.5&category_root=7&category_child=97&item_condition_id%5B1%5D=1&item_condition_id%5B2%5D=1&item_condition_id%5B3%5D=1&status_on_sale=1&price_max=10168&page=1
https://www.mercari.com/jp/search/?keyword=mamiya+sekor+c+360+6.3&category_root=7&category_child=97&item_condition_id%5B1%5D=1&item_condition_id%5B2%5D=1&item_condition_id%5B3%5D=1&status_on_sale=1&price_max=8503&page=1
https://www.mercari.com/jp/search/?keyword=mamiya+kl+90+3.5+l&category_root=7&category_child=97&item_condition_id%5B1%5D=1&item_condition_id%5B2%5D=1&item_condition_id%5B3%5D=1&status_on_sale=1&price_max=30391&page=1
https://www.mercari.com/jp/search/?keyword=mamiya+kl+127+3.5+l&category_root=7&category_child=97&item_condition_id%5B1%5D=1&item_condition_id%5B2%5D=1&item_condition_id%5B3%5D=1&status_on_sale=1&price_max=16387&page=1
https://www.mercari.com/jp/search/?keyword=mamiya+macro+kl+140+4.5+m%2Fl-a&category_root=7&category_child=97&item_condition_id%5B1%5D=1&item_condition_id%5B2%5D=1&item_condition_id%5B3%5D=1&status_on_sale=1&price_max=21211&page=1
https://www.mercari.com/jp/search/?keyword=mamiya+kl+180+4.5l+a&category_root=7&category_child=97&item_condition_id%5B1%5D=1&item_condition_id%5B2%5D=1&item_condition_id%5B3%5D=1&status_on_sale=1&price_max=16161&page=1
https://www.mercari.com/jp/search/?keyword=mamiya+kl+210+4.5+apo+l&category_root=7&category_child=97&item_condition_id%5B1%5D=1&item_condition_id%5B2%5D=1&item_condition_id%5B3%5D=1&status_on_sale=1&price_max=26788&page=1
https://www.mercari.com/jp/search/?keyword=mamiya+sekor+z+50+4.5&category_root=7&category_child=97&item_condition_id%5B1%5D=1&item_condition_id%5B2%5D=1&item_condition_id%5B3%5D=1&status_on_sale=1&price_max=19687&page=1
https://www.mercari.com/jp/search/?keyword=mamiya+sekor+z+65+4&category_root=7&category_child=97&item_condition_id%5B1%5D=1&item_condition_id%5B2%5D=1&item_condition_id%5B3%5D=1&status_on_sale=1&price_max=33828&page=1
https://www.mercari.com/jp/search/?keyword=mamiya+sekor+z+90+3.5w&category_root=7&category_child=97&item_condition_id%5B1%5D=1&item_condition_id%5B2%5D=1&item_condition_id%5B3%5D=1&status_on_sale=1&price_max=41102&page=1
https://www.mercari.com/jp/search/?keyword=mamiya+sekor+z+110+2.8&category_root=7&category_child=97&item_condition_id%5B1%5D=1&item_condition_id%5B2%5D=1&item_condition_id%5B3%5D=1&status_on_sale=1&price_max=56735&page=1
https://www.mercari.com/jp/search/?keyword=mamiya+sekor+z+127+3.8&category_root=7&category_child=97&item_condition_id%5B1%5D=1&item_condition_id%5B2%5D=1&item_condition_id%5B3%5D=1&status_on_sale=1&price_max=23378&page=1
https://www.mercari.com/jp/search/?keyword=mamiya+apo+sekor+z+500+6&category_root=7&category_child=97&item_condition_id%5B1%5D=1&item_condition_id%5B2%5D=1&item_condition_id%5B3%5D=1&status_on_sale=1&price_max=91855&page=1
https://www.mercari.com/jp/search/?keyword=mamiya+m65+4+l-a&category_root=7&category_child=97&item_condition_id%5B1%5D=1&item_condition_id%5B2%5D=1&item_condition_id%5B3%5D=1&status_on_sale=1&price_max=37376&page=1
https://www.mercari.com/jp/search/?keyword=mamiya+sekor+fish+eye+uld+c+24+4&category_root=7&category_child=97&item_condition_id%5B1%5D=1&item_condition_id%5B2%5D=1&item_condition_id%5B3%5D=1&status_on_sale=1&price_max=74200&page=1
https://www.mercari.com/jp/search/?keyword=mamiya+sekor+c+35+3.5&category_root=7&category_child=97&item_condition_id%5B1%5D=1&item_condition_id%5B2%5D=1&item_condition_id%5B3%5D=1&status_on_sale=1&price_max=28837&page=1
https://www.mercari.com/jp/search/?keyword=mamiya+sekor+c+s+45+2.8&category_root=7&category_child=97&item_condition_id%5B1%5D=1&item_condition_id%5B2%5D=1&item_condition_id%5B3%5D=1&status_on_sale=1&price_max=16529&page=1
https://www.mercari.com/jp/search/?keyword=mamiya+sekor+c+45+2.8&category_root=7&category_child=97&item_condition_id%5B1%5D=1&item_condition_id%5B2%5D=1&item_condition_id%5B3%5D=1&status_on_sale=1&price_max=17486&page=1
https://www.mercari.com/jp/search/?keyword=mamiya+sekor+shift+c+50+4&category_root=7&category_child=97&item_condition_id%5B1%5D=1&item_condition_id%5B2%5D=1&item_condition_id%5B3%5D=1&status_on_sale=1&price_max=28454&page=1
https://www.mercari.com/jp/search/?keyword=mamiya+sekor+c+s+55+2.8&category_root=7&category_child=97&item_condition_id%5B1%5D=1&item_condition_id%5B2%5D=1&item_condition_id%5B3%5D=1&status_on_sale=1&price_max=16625&page=1
https://www.mercari.com/jp/search/?keyword=mamiya+sekor+shift+c+50+4&category_root=7&category_child=97&item_condition_id%5B1%5D=1&item_condition_id%5B2%5D=1&item_condition_id%5B3%5D=1&status_on_sale=1&price_max=28454&page=1
https://www.mercari.com/jp/search/?keyword=mamiya+sekor+c+55+2.8&category_root=7&category_child=97&item_condition_id%5B1%5D=1&item_condition_id%5B2%5D=1&item_condition_id%5B3%5D=1&status_on_sale=1&price_max=16419&page=1
https://www.mercari.com/jp/search/?keyword=mamiya+sekor+c+e+70+2.8&category_root=7&category_child=97&item_condition_id%5B1%5D=1&item_condition_id%5B2%5D=1&item_condition_id%5B3%5D=1&status_on_sale=1&price_max=19162&page=1
https://www.mercari.com/jp/search/?keyword=mamiya+sekor+c+70+2.8&category_root=7&category_child=97&item_condition_id%5B1%5D=1&item_condition_id%5B2%5D=1&item_condition_id%5B3%5D=1&status_on_sale=1&price_max=19740&page=1
https://www.mercari.com/jp/search/?keyword=mamiya+sekor+c+80+1.9&category_root=7&category_child=97&item_condition_id%5B1%5D=1&item_condition_id%5B2%5D=1&item_condition_id%5B3%5D=1&status_on_sale=1&price_max=40876&page=1
https://www.mercari.com/jp/search/?keyword=mamiya+sekor+c+80+2.8&category_root=7&category_child=97&item_condition_id%5B1%5D=1&item_condition_id%5B2%5D=1&item_condition_id%5B3%5D=1&status_on_sale=1&price_max=18635&page=1
https://www.mercari.com/jp/search/?keyword=mamiya+sekor+macro+c+80+4&category_root=7&category_child=97&item_condition_id%5B1%5D=1&item_condition_id%5B2%5D=1&item_condition_id%5B3%5D=1&status_on_sale=1&price_max=14235&page=1
https://www.mercari.com/jp/search/?keyword=mamiya+sekor+c+110+2.8&category_root=7&category_child=97&item_condition_id%5B1%5D=1&item_condition_id%5B2%5D=1&item_condition_id%5B3%5D=1&status_on_sale=1&price_max=27492&page=1
https://www.mercari.com/jp/search/?keyword=mamiya+sekor+c+150+3.5&category_root=7&category_child=97&item_condition_id%5B1%5D=1&item_condition_id%5B2%5D=1&item_condition_id%5B3%5D=1&status_on_sale=1&price_max=8069&page=1
https://www.mercari.com/jp/search/?keyword=mamiya+sekor+c+500+5.6&category_root=7&category_child=97&item_condition_id%5B1%5D=1&item_condition_id%5B2%5D=1&item_condition_id%5B3%5D=1&status_on_sale=1&price_max=20958&page=1
https://www.mercari.com/jp/search/?keyword=mamiya+sekor+c+zoom+75-150+4.5&category_root=7&category_child=97&item_condition_id%5B1%5D=1&item_condition_id%5B2%5D=1&item_condition_id%5B3%5D=1&status_on_sale=1&price_max=4353&page=1
https://www.mercari.com/jp/search/?keyword=mamiya+sekor+c+35+3.5+n&category_root=7&category_child=97&item_condition_id%5B1%5D=1&item_condition_id%5B2%5D=1&item_condition_id%5B3%5D=1&status_on_sale=1&price_max=28708&page=1
https://www.mercari.com/jp/search/?keyword=mamiya+sekor+c+45+2.8+n&category_root=7&category_child=97&item_condition_id%5B1%5D=1&item_condition_id%5B2%5D=1&item_condition_id%5B3%5D=1&status_on_sale=1&price_max=18706&page=1
https://www.mercari.com/jp/search/?keyword=mamiya+sekor+c+55+2.8+n&category_root=7&category_child=97&item_condition_id%5B1%5D=1&item_condition_id%5B2%5D=1&item_condition_id%5B3%5D=1&status_on_sale=1&price_max=17695&page=1
https://www.mercari.com/jp/search/?keyword=mamiya+sekor+c+80+1.9+n&category_root=7&category_child=97&item_condition_id%5B1%5D=1&item_condition_id%5B2%5D=1&item_condition_id%5B3%5D=1&status_on_sale=1&price_max=41829&page=1
https://www.mercari.com/jp/search/?keyword=mamiya+sekor+c+80+2.8+n&category_root=7&category_child=97&item_condition_id%5B1%5D=1&item_condition_id%5B2%5D=1&item_condition_id%5B3%5D=1&status_on_sale=1&price_max=17859&page=1
https://www.mercari.com/jp/search/?keyword=mamiya+sekor+macro+c+80+4+n&category_root=7&category_child=97&item_condition_id%5B1%5D=1&item_condition_id%5B2%5D=1&item_condition_id%5B3%5D=1&status_on_sale=1&price_max=14374&page=1
https://www.mercari.com/jp/search/?keyword=mamiya+sekor+c+150+3.5+n&category_root=7&category_child=97&item_condition_id%5B1%5D=1&item_condition_id%5B2%5D=1&item_condition_id%5B3%5D=1&status_on_sale=1&price_max=8690&page=1
https://www.mercari.com/jp/search/?keyword=mamiya+sekor+c+zoom+55-110+4.5+n&category_root=7&category_child=97&item_condition_id%5B1%5D=1&item_condition_id%5B2%5D=1&item_condition_id%5B3%5D=1&status_on_sale=1&price_max=9438&page=1
https://www.mercari.com/jp/search/?keyword=mamiya+macro+a+120+4&category_root=7&category_child=97&item_condition_id%5B1%5D=1&item_condition_id%5B2%5D=1&item_condition_id%5B3%5D=1&status_on_sale=1&price_max=27856&page=1
https://www.mercari.com/jp/search/?keyword=mamiya+a+150+2.8&category_root=7&category_child=97&item_condition_id%5B1%5D=1&item_condition_id%5B2%5D=1&item_condition_id%5B3%5D=1&status_on_sale=1&price_max=20124&page=1
https://www.mercari.com/jp/search/?keyword=mamiya+af+55+2.8&category_root=7&category_child=97&item_condition_id%5B1%5D=1&item_condition_id%5B2%5D=1&item_condition_id%5B3%5D=1&status_on_sale=1&price_max=24926&page=1
https://www.mercari.com/jp/search/?keyword=mamiya+zoom+af+55-110+4.5&category_root=7&category_child=97&item_condition_id%5B1%5D=1&item_condition_id%5B2%5D=1&item_condition_id%5B3%5D=1&status_on_sale=1&price_max=21439&page=1
https://www.mercari.com/jp/search/?keyword=mamiya+zoom+af+105-210+4.5&category_root=7&category_child=97&item_condition_id%5B1%5D=1&item_condition_id%5B2%5D=1&item_condition_id%5B3%5D=1&status_on_sale=1&price_max=18267&page=1
https://www.mercari.com/jp/search/?keyword=mamiya+g+50+4+l&category_root=7&category_child=97&item_condition_id%5B1%5D=1&item_condition_id%5B2%5D=1&item_condition_id%5B3%5D=1&status_on_sale=1&price_max=71019&page=1
https://www.mercari.com/jp/search/?keyword=mamiya+g+150+4.5+l&category_root=7&category_child=97&item_condition_id%5B1%5D=1&item_condition_id%5B2%5D=1&item_condition_id%5B3%5D=1&status_on_sale=1&price_max=22911&page=1
https://www.mercari.com/jp/search/?keyword=mamiya+n+65+4+l&category_root=7&category_child=97&item_condition_id%5B1%5D=1&item_condition_id%5B2%5D=1&item_condition_id%5B3%5D=1&status_on_sale=1&price_max=64798&page=1
https://www.mercari.com/jp/search/?keyword=mamiya+n+80+4+l&category_root=7&category_child=97&item_condition_id%5B1%5D=1&item_condition_id%5B2%5D=1&item_condition_id%5B3%5D=1&status_on_sale=1&price_max=78572&page=1
https://www.mercari.com/jp/search/?keyword=mamiya+n+150+4.5+l&category_root=7&category_child=97&item_condition_id%5B1%5D=1&item_condition_id%5B2%5D=1&item_condition_id%5B3%5D=1&status_on_sale=1&price_max=29995&page=1
https://www.mercari.com/jp/search/?keyword=mamiya+n+210+8+l&category_root=7&category_child=97&item_condition_id%5B1%5D=1&item_condition_id%5B2%5D=1&item_condition_id%5B3%5D=1&status_on_sale=1&price_max=161586&page=1
https://www.mercari.com/jp/search/?keyword=mamiya+auto+sekor+cs+135+2.8&category_root=7&category_child=97&item_condition_id%5B1%5D=1&item_condition_id%5B2%5D=1&item_condition_id%5B3%5D=1&status_on_sale=1&price_max=1875&page=1
https://www.mercari.com/jp/search/?keyword=mamiya+sekor+e+28+2.8&category_root=7&category_child=97&item_condition_id%5B1%5D=1&item_condition_id%5B2%5D=1&item_condition_id%5B3%5D=1&status_on_sale=1&price_max=1188&page=1
https://www.mercari.com/jp/search/?keyword=mamiya+sekor+e+35+2.8&category_root=7&category_child=97&item_condition_id%5B1%5D=1&item_condition_id%5B2%5D=1&item_condition_id%5B3%5D=1&status_on_sale=1&price_max=1188&page=1
https://www.mercari.com/jp/search/?keyword=mamiya+sekor+e+135+3.5&category_root=7&category_child=97&item_condition_id%5B1%5D=1&item_condition_id%5B2%5D=1&item_condition_id%5B3%5D=1&status_on_sale=1&price_max=990&page=1
https://www.mercari.com/jp/search/?keyword=mamiya+sekor+c+35+3.5&category_root=7&category_child=97&item_condition_id%5B1%5D=1&item_condition_id%5B2%5D=1&item_condition_id%5B3%5D=1&status_on_sale=1&price_max=28837&page=1
https://www.mercari.com/jp/search/?keyword=mamiya+sekor+c+45+2.8+-s+-n&category_root=7&category_child=97&item_condition_id%5B1%5D=1&item_condition_id%5B2%5D=1&item_condition_id%5B3%5D=1&status_on_sale=1&price_max=16219&page=1
https://www.mercari.com/jp/search/?keyword=mamiya+sekor+c+45+2.8+n&category_root=7&category_child=97&item_condition_id%5B1%5D=1&item_condition_id%5B2%5D=1&item_condition_id%5B3%5D=1&status_on_sale=1&price_max=18706&page=1
https://www.mercari.com/jp/search/?keyword=mamiya+sekor+c+45+2.8+s&category_root=7&category_child=97&item_condition_id%5B1%5D=1&item_condition_id%5B2%5D=1&item_condition_id%5B3%5D=1&status_on_sale=1&price_max=16529&page=1
https://www.mercari.com/jp/search/?keyword=mamiya+sekor+c+50+4.5&category_root=7&category_child=97&item_condition_id%5B1%5D=1&item_condition_id%5B2%5D=1&item_condition_id%5B3%5D=1&status_on_sale=1&price_max=22603&page=1
https://www.mercari.com/jp/search/?keyword=mamiya+sekor+n+50+4.5&category_root=7&category_child=97&item_condition_id%5B1%5D=1&item_condition_id%5B2%5D=1&item_condition_id%5B3%5D=1&status_on_sale=1&price_max=23863&page=1
https://www.mercari.com/jp/search/?keyword=mamiya+sekor+z+50+4.5&category_root=7&category_child=97&item_condition_id%5B1%5D=1&item_condition_id%5B2%5D=1&item_condition_id%5B3%5D=1&status_on_sale=1&price_max=19687&page=1
https://www.mercari.com/jp/search/?keyword=mamiya+sekor+50+4.5+-c+-m+-p+-z&category_root=7&category_child=97&item_condition_id%5B1%5D=1&item_condition_id%5B2%5D=1&item_condition_id%5B3%5D=1&status_on_sale=1&price_max=21608&page=1
https://www.mercari.com/jp/search/?keyword=mamiya+sekor+c+55+2.8&category_root=7&category_child=97&item_condition_id%5B1%5D=1&item_condition_id%5B2%5D=1&item_condition_id%5B3%5D=1&status_on_sale=1&price_max=14906&page=1
https://www.mercari.com/jp/search/?keyword=mamiya+sekor+c+55+2.8+n&category_root=7&category_child=97&item_condition_id%5B1%5D=1&item_condition_id%5B2%5D=1&item_condition_id%5B3%5D=1&status_on_sale=1&price_max=17695&page=1
https://www.mercari.com/jp/search/?keyword=mamiya+sekor+55+4.5+-c+-m+-p+-z&category_root=7&category_child=97&item_condition_id%5B1%5D=1&item_condition_id%5B2%5D=1&item_condition_id%5B3%5D=1&status_on_sale=1&price_max=10520&page=1
https://www.mercari.com/jp/search/?keyword=mamiya+sekor+c+55+2.8&category_root=7&category_child=97&item_condition_id%5B1%5D=1&item_condition_id%5B2%5D=1&item_condition_id%5B3%5D=1&status_on_sale=1&price_max=14906&page=1
https://www.mercari.com/jp/search/?keyword=mamiya+sekor+c+55+2.8+n&category_root=7&category_child=97&item_condition_id%5B1%5D=1&item_condition_id%5B2%5D=1&item_condition_id%5B3%5D=1&status_on_sale=1&price_max=17695&page=1
https://www.mercari.com/jp/search/?keyword=mamiya+sekor+65+3.5+blue+dot&category_root=7&category_child=97&item_condition_id%5B1%5D=1&item_condition_id%5B2%5D=1&item_condition_id%5B3%5D=1&status_on_sale=1&price_max=15444&page=1
https://www.mercari.com/jp/search/?keyword=mamiya+sekor+c+65+4.5&category_root=7&category_child=97&item_condition_id%5B1%5D=1&item_condition_id%5B2%5D=1&item_condition_id%5B3%5D=1&status_on_sale=1&price_max=21096&page=1
https://www.mercari.com/jp/search/?keyword=mamiya+sekor+65+6.3+super+-c+-z+-p&category_root=7&category_child=97&item_condition_id%5B1%5D=1&item_condition_id%5B2%5D=1&item_condition_id%5B3%5D=1&status_on_sale=1&price_max=17015&page=1
https://www.mercari.com/jp/search/?keyword=mamiya+sekor+c+e+70+2.8&category_root=7&category_child=97&item_condition_id%5B1%5D=1&item_condition_id%5B2%5D=1&item_condition_id%5B3%5D=1&status_on_sale=1&price_max=19162&page=1
https://www.mercari.com/jp/search/?keyword=mamiya+sekor+c+80+2.8+-&category_root=7&category_child=97&item_condition_id%5B1%5D=1&item_condition_id%5B2%5D=1&item_condition_id%5B3%5D=1&status_on_sale=1&price_max=18824&page=1
https://www.mercari.com/jp/search/?keyword=mamiya+sekor+c+80+2.8+blue+dot&category_root=7&category_child=97&item_condition_id%5B1%5D=1&item_condition_id%5B2%5D=1&item_condition_id%5B3%5D=1&status_on_sale=1&price_max=21670&page=1
https://www.mercari.com/jp/search/?keyword=mamiya+sekor+c+80+2.8+n&category_root=7&category_child=97&item_condition_id%5B1%5D=1&item_condition_id%5B2%5D=1&item_condition_id%5B3%5D=1&status_on_sale=1&price_max=17719&page=1
https://www.mercari.com/jp/search/?keyword=mamiya+sekor+c+80+2.8+n+1000s&category_root=7&category_child=97&item_condition_id%5B1%5D=1&item_condition_id%5B2%5D=1&item_condition_id%5B3%5D=1&status_on_sale=1&price_max=18125&page=1
https://www.mercari.com/jp/search/?keyword=mamiya+sekor+c+80+2.8+super+pro+1000s&category_root=7&category_child=97&item_condition_id%5B1%5D=1&item_condition_id%5B2%5D=1&item_condition_id%5B3%5D=1&status_on_sale=1&price_max=18003&page=1
https://www.mercari.com/jp/search/?keyword=mamiya+sekor+c+90+3.8&category_root=7&category_child=97&item_condition_id%5B1%5D=1&item_condition_id%5B2%5D=1&item_condition_id%5B3%5D=1&status_on_sale=1&price_max=18231&page=1
https://www.mercari.com/jp/search/?keyword=mamiya+sekor+100+2.8+-c+-p+-z+-ds&category_root=7&category_child=97&item_condition_id%5B1%5D=1&item_condition_id%5B2%5D=1&item_condition_id%5B3%5D=1&status_on_sale=1&price_max=27304&page=1
https://www.mercari.com/jp/search/?keyword=mamiya+sekor+100+3.5+-c+-p+-z+-ds&category_root=7&category_child=97&item_condition_id%5B1%5D=1&item_condition_id%5B2%5D=1&item_condition_id%5B3%5D=1&status_on_sale=1&price_max=8026&page=1
https://www.mercari.com/jp/search/?keyword=mamiya+a+120+4&category_root=7&category_child=97&item_condition_id%5B1%5D=1&item_condition_id%5B2%5D=1&item_condition_id%5B3%5D=1&status_on_sale=1&price_max=27856&page=1
https://www.mercari.com/jp/search/?keyword=Mamiya+kl+127+3.5+l&category_root=7&category_child=97&item_condition_id%5B1%5D=1&item_condition_id%5B2%5D=1&item_condition_id%5B3%5D=1&status_on_sale=1&price_max=16387&page=1
https://www.mercari.com/jp/search/?keyword=mamiya+sekor+127+3.8+-c+-p+-z&category_root=7&category_child=97&item_condition_id%5B1%5D=1&item_condition_id%5B2%5D=1&item_condition_id%5B3%5D=1&status_on_sale=1&price_max=8714&page=1
https://www.mercari.com/jp/search/?keyword=mamiya+sekor+c+127+3.8&category_root=7&category_child=97&item_condition_id%5B1%5D=1&item_condition_id%5B2%5D=1&item_condition_id%5B3%5D=1&status_on_sale=1&price_max=8058&page=1
https://www.mercari.com/jp/search/?keyword=mamiya+sekor+nb+127+3.8&category_root=7&category_child=97&item_condition_id%5B1%5D=1&item_condition_id%5B2%5D=1&item_condition_id%5B3%5D=1&status_on_sale=1&price_max=13737&page=1
https://www.mercari.com/jp/search/?keyword=mamiya+%28kl+k%2Fl%29+127+3.5&category_root=7&category_child=97&item_condition_id%5B1%5D=1&item_condition_id%5B2%5D=1&item_condition_id%5B3%5D=1&status_on_sale=1&price_max=16387&page=1
https://www.mercari.com/jp/search/?keyword=mamiya+sekor+p+127+4.7&category_root=7&category_child=97&item_condition_id%5B1%5D=1&item_condition_id%5B2%5D=1&item_condition_id%5B3%5D=1&status_on_sale=1&price_max=7686&page=1
https://www.mercari.com/jp/search/?keyword=mamiya+sekor+135+4.5+blue+-c+-z+-p&category_root=7&category_child=97&item_condition_id%5B1%5D=1&item_condition_id%5B2%5D=1&item_condition_id%5B3%5D=1&status_on_sale=1&price_max=14024&page=1
https://www.mercari.com/jp/search/?keyword=mamiya+sekor+c+140+4.5&category_root=7&category_child=97&item_condition_id%5B1%5D=1&item_condition_id%5B2%5D=1&item_condition_id%5B3%5D=1&status_on_sale=1&price_max=9868&page=1
https://www.mercari.com/jp/search/?keyword=mamiya+sekor+z+140+4.5+w&category_root=7&category_child=97&item_condition_id%5B1%5D=1&item_condition_id%5B2%5D=1&item_condition_id%5B3%5D=1&status_on_sale=1&price_max=8490&page=1
https://www.mercari.com/jp/search/?keyword=mamiya+sekor+c+150+3.5+n&category_root=7&category_child=97&item_condition_id%5B1%5D=1&item_condition_id%5B2%5D=1&item_condition_id%5B3%5D=1&status_on_sale=1&price_max=8690&page=1
https://www.mercari.com/jp/search/?keyword=mamiya+sekor+c+180+4.5&category_root=7&category_child=97&item_condition_id%5B1%5D=1&item_condition_id%5B2%5D=1&item_condition_id%5B3%5D=1&status_on_sale=1&price_max=4353&page=1
https://www.mercari.com/jp/search/?keyword=mamiya+sekor+c+180+4.5&category_root=7&category_child=97&item_condition_id%5B1%5D=1&item_condition_id%5B2%5D=1&item_condition_id%5B3%5D=1&status_on_sale=1&price_max=9295&page=1
https://www.mercari.com/jp/search/?keyword=mamiya+kl+180+4.5+l-a&category_root=7&category_child=97&item_condition_id%5B1%5D=1&item_condition_id%5B2%5D=1&item_condition_id%5B3%5D=1&status_on_sale=1&price_max=16161&page=1
https://www.mercari.com/jp/search/?keyword=mamiya+kl+180+4.5&category_root=7&category_child=97&item_condition_id%5B1%5D=1&item_condition_id%5B2%5D=1&item_condition_id%5B3%5D=1&status_on_sale=1&price_max=14683&page=1
https://www.mercari.com/jp/search/?keyword=mamiya+kl+250+4.5+la&category_root=7&category_child=97&item_condition_id%5B1%5D=1&item_condition_id%5B2%5D=1&item_condition_id%5B3%5D=1&status_on_sale=1&price_max=19351&page=1
https://www.mercari.com/jp/search/?keyword=mamiya+sekor+250+5+-c+-z+-p+-4.5&category_root=7&category_child=97&item_condition_id%5B1%5D=1&item_condition_id%5B2%5D=1&item_condition_id%5B3%5D=1&status_on_sale=1&price_max=14082&page=1
https://www.mercari.com/jp/search/?keyword=mamiya+sekor+c+360+6.3+-60+-110+-55&category_root=7&category_child=97&item_condition_id%5B1%5D=1&item_condition_id%5B2%5D=1&item_condition_id%5B3%5D=1&status_on_sale=1&price_max=8503&page=1
https://www.mercari.com/jp/search/?keyword=mamiya+6+type+k&category_root=7&category_child=97&item_condition_id%5B1%5D=1&item_condition_id%5B2%5D=1&item_condition_id%5B3%5D=1&status_on_sale=1&price_max=12379&page=1
https://www.mercari.com/jp/search/?keyword=mamiya+6+automat&category_root=7&category_child=97&item_condition_id%5B1%5D=1&item_condition_id%5B2%5D=1&item_condition_id%5B3%5D=1&status_on_sale=1&price_max=17966&page=1
https://www.mercari.com/jp/search/?keyword=mamiya+c3+pro&category_root=7&category_child=97&item_condition_id%5B1%5D=1&item_condition_id%5B2%5D=1&item_condition_id%5B3%5D=1&status_on_sale=1&price_max=45353&page=1
https://www.mercari.com/jp/search/?keyword=mamiya+c22+pro&category_root=7&category_child=97&item_condition_id%5B1%5D=1&item_condition_id%5B2%5D=1&item_condition_id%5B3%5D=1&status_on_sale=1&price_max=19343&page=1
https://www.mercari.com/jp/search/?keyword=mamiya+c330+pro&category_root=7&category_child=97&item_condition_id%5B1%5D=1&item_condition_id%5B2%5D=1&item_condition_id%5B3%5D=1&status_on_sale=1&price_max=49418&page=1
https://www.mercari.com/jp/search/?keyword=mamiya+c330+pro+f&category_root=7&category_child=97&item_condition_id%5B1%5D=1&item_condition_id%5B2%5D=1&item_condition_id%5B3%5D=1&status_on_sale=1&price_max=56335&page=1
https://www.mercari.com/jp/search/?keyword=mamiya+c330+pro+s&category_root=7&category_child=97&item_condition_id%5B1%5D=1&item_condition_id%5B2%5D=1&item_condition_id%5B3%5D=1&status_on_sale=1&price_max=62981&page=1
https://www.mercari.com/jp/search/?keyword=mamiya+rb67+pro&category_root=7&category_child=97&item_condition_id%5B1%5D=1&item_condition_id%5B2%5D=1&item_condition_id%5B3%5D=1&status_on_sale=1&price_max=47083&page=1
https://www.mercari.com/jp/search/?keyword=mamiya+rb67+pro+s&category_root=7&category_child=97&item_condition_id%5B1%5D=1&item_condition_id%5B2%5D=1&item_condition_id%5B3%5D=1&status_on_sale=1&price_max=44188&page=1
https://www.mercari.com/jp/search/?keyword=mamiya+rb67+pro+gl&category_root=7&category_child=97&item_condition_id%5B1%5D=1&item_condition_id%5B2%5D=1&item_condition_id%5B3%5D=1&status_on_sale=1&price_max=32366&page=1
https://www.mercari.com/jp/search/?keyword=mamiya+rb67+pro+sd&category_root=7&category_child=97&item_condition_id%5B1%5D=1&item_condition_id%5B2%5D=1&item_condition_id%5B3%5D=1&status_on_sale=1&price_max=56732&page=1
https://www.mercari.com/jp/search/?keyword=mamiya+rz67+pro&category_root=7&category_child=97&item_condition_id%5B1%5D=1&item_condition_id%5B2%5D=1&item_condition_id%5B3%5D=1&status_on_sale=1&price_max=119853&page=1
https://www.mercari.com/jp/search/?keyword=mamiya+rz67+pro+ii&category_root=7&category_child=97&item_condition_id%5B1%5D=1&item_condition_id%5B2%5D=1&item_condition_id%5B3%5D=1&status_on_sale=1&price_max=158888&page=1
https://www.mercari.com/jp/search/?keyword=mamiya+m645+-%E3%82%A2%E3%83%80%E3%83%97%E3%82%BF%E3%83%BC+-%E3%83%AC%E3%83%B3%E3%82%BA%E3%83%95%E3%83%BC%E3%83%89+-%E3%82%B4%E3%83%A0%E3%83%A9%E3%83%90%E3%83%BC&category_root=7&category_child=97&item_condition_id%5B1%5D=1&item_condition_id%5B2%5D=1&item_condition_id%5B3%5D=1&status_on_sale=1&price_max=39997&page=1
https://www.mercari.com/jp/search/?keyword=mamiya+m645+1000s&category_root=7&category_child=97&item_condition_id%5B1%5D=1&item_condition_id%5B2%5D=1&item_condition_id%5B3%5D=1&status_on_sale=1&price_max=41109&page=1
https://www.mercari.com/jp/search/?keyword=mamiya+645+super&category_root=7&category_child=97&item_condition_id%5B1%5D=1&item_condition_id%5B2%5D=1&item_condition_id%5B3%5D=1&status_on_sale=1&price_max=55777&page=1
https://www.mercari.com/jp/search/?keyword=mamiya+m645+super&category_root=7&category_child=97&item_condition_id%5B1%5D=1&item_condition_id%5B2%5D=1&item_condition_id%5B3%5D=1&status_on_sale=1&price_max=63878&page=1
https://www.mercari.com/jp/search/?keyword=mamiya+645+e&category_root=7&category_child=97&item_condition_id%5B1%5D=1&item_condition_id%5B2%5D=1&item_condition_id%5B3%5D=1&status_on_sale=1&price_max=66256&page=1
https://www.mercari.com/jp/search/?keyword=mamiya+645+af+d&category_root=7&category_child=97&item_condition_id%5B1%5D=1&item_condition_id%5B2%5D=1&item_condition_id%5B3%5D=1&status_on_sale=1&price_max=108309&page=1
https://www.mercari.com/jp/search/?keyword=new+mamiya+6&category_root=7&category_child=97&item_condition_id%5B1%5D=1&item_condition_id%5B2%5D=1&item_condition_id%5B3%5D=1&status_on_sale=1&price_max=161877&page=1
https://www.mercari.com/jp/search/?keyword=mamiya+7+-UNIVERSAL+-%E3%83%A6%E3%83%8B%E3%83%90%E3%83%BC%E3%82%B5%E3%83%AB+-MAMIYA-6&category_root=7&category_child=97&item_condition_id%5B1%5D=1&item_condition_id%5B2%5D=1&item_condition_id%5B3%5D=1&status_on_sale=1&price_max=139089&page=1
https://www.mercari.com/jp/search/?keyword=mamiya+7+ii&category_root=7&category_child=97&item_condition_id%5B1%5D=1&item_condition_id%5B2%5D=1&item_condition_id%5B3%5D=1&status_on_sale=1&price_max=279027&page=1
https://www.mercari.com/jp/search/?keyword=mamiya+35+ii+3.5&category_root=7&category_child=97&item_condition_id%5B1%5D=1&item_condition_id%5B2%5D=1&item_condition_id%5B3%5D=1&status_on_sale=1&price_max=212718&page=1
https://www.mercari.com/jp/search/?keyword=mamiya+35+ii+2.8&category_root=7&category_child=97&item_condition_id%5B1%5D=1&item_condition_id%5B2%5D=1&item_condition_id%5B3%5D=1&status_on_sale=1&price_max=109523&page=1
https://www.mercari.com/jp/search/?keyword=mamiya+35+s&category_root=7&category_child=97&item_condition_id%5B1%5D=1&item_condition_id%5B2%5D=1&item_condition_id%5B3%5D=1&status_on_sale=1&price_max=27933&page=1
https://www.mercari.com/jp/search/?keyword=mamiya+35+ruby+1.9&category_root=7&category_child=97&item_condition_id%5B1%5D=1&item_condition_id%5B2%5D=1&item_condition_id%5B3%5D=1&status_on_sale=1&price_max=3222&page=1
https://www.mercari.com/jp/search/?keyword=mamiya+35+ee+merit&category_root=7&category_child=97&item_condition_id%5B1%5D=1&item_condition_id%5B2%5D=1&item_condition_id%5B3%5D=1&status_on_sale=1&price_max=1192&page=1
https://www.mercari.com/jp/search/?keyword=mamiya+35+super+deluxe&category_root=7&category_child=97&item_condition_id%5B1%5D=1&item_condition_id%5B2%5D=1&item_condition_id%5B3%5D=1&status_on_sale=1&price_max=36084&page=1
https://www.mercari.com/jp/search/?keyword=mamiya+u&category_root=7&category_child=97&item_condition_id%5B1%5D=1&item_condition_id%5B2%5D=1&item_condition_id%5B3%5D=1&status_on_sale=1&price_max=8072&page=1
https://www.mercari.com/jp/search/?keyword=mamiya+wide&category_root=7&category_child=97&item_condition_id%5B1%5D=1&item_condition_id%5B2%5D=1&item_condition_id%5B3%5D=1&status_on_sale=1&price_max=21306&page=1
https://www.mercari.com/jp/search/?keyword=mamiya+family&category_root=7&category_child=97&item_condition_id%5B1%5D=1&item_condition_id%5B2%5D=1&item_condition_id%5B3%5D=1&status_on_sale=1&price_max=61651&page=1
https://www.mercari.com/jp/search/?keyword=mamiya+prismat+np&category_root=7&category_child=97&item_condition_id%5B1%5D=1&item_condition_id%5B2%5D=1&item_condition_id%5B3%5D=1&status_on_sale=1&price_max=16562&page=1
https://www.mercari.com/jp/search/?keyword=mamiya+dsx+500&category_root=7&category_child=97&item_condition_id%5B1%5D=1&item_condition_id%5B2%5D=1&item_condition_id%5B3%5D=1&status_on_sale=1&price_max=4382&page=1
https://www.mercari.com/jp/search/?keyword=mamiya+ze-x&category_root=7&category_child=97&item_condition_id%5B1%5D=1&item_condition_id%5B2%5D=1&item_condition_id%5B3%5D=1&status_on_sale=1&price_max=3916&page=1
https://www.mercari.com/jp/search/?keyword=mamiya+zm+quartz&category_root=7&category_child=97&item_condition_id%5B1%5D=1&item_condition_id%5B2%5D=1&item_condition_id%5B3%5D=1&status_on_sale=1&price_max=11348&page=1
https://www.mercari.com/jp/search/?keyword=mamiya+c33+pro+105+3.5&category_root=7&category_child=97&item_condition_id%5B1%5D=1&item_condition_id%5B2%5D=1&item_condition_id%5B3%5D=1&status_on_sale=1&price_max=22875&page=1
https://www.mercari.com/jp/search/?keyword=mamiya+6+k+-&category_root=7&category_child=97&item_condition_id%5B1%5D=1&item_condition_id%5B2%5D=1&item_condition_id%5B3%5D=1&status_on_sale=1&price_max=30043&page=1
https://www.mercari.com/jp/search/?keyword=mamiya+6+k+7.5+3.5&category_root=7&category_child=97&item_condition_id%5B1%5D=1&item_condition_id%5B2%5D=1&item_condition_id%5B3%5D=1&status_on_sale=1&price_max=15521&page=1
https://www.mercari.com/jp/search/?keyword=mamiya+6+v&category_root=7&category_child=97&item_condition_id%5B1%5D=1&item_condition_id%5B2%5D=1&item_condition_id%5B3%5D=1&status_on_sale=1&price_max=14804&page=1
https://www.mercari.com/jp/search/?keyword=mamiya+6+automatic&category_root=7&category_child=97&item_condition_id%5B1%5D=1&item_condition_id%5B2%5D=1&item_condition_id%5B3%5D=1&status_on_sale=1&price_max=12836&page=1
https://www.mercari.com/jp/search/?keyword=mamiya+%28universal+press+%E3%83%A6%E3%83%8B%E3%83%90%E3%83%BC%E3%82%B5%E3%83%AB%29+100+3.5&category_root=7&category_child=97&item_condition_id%5B1%5D=1&item_condition_id%5B2%5D=1&item_condition_id%5B3%5D=1&status_on_sale=1&price_max=27857&page=1
https://www.mercari.com/jp/search/?keyword=mamiya+%28universal+press+%E3%83%A6%E3%83%8B%E3%83%90%E3%83%BC%E3%82%B5%E3%83%AB%29+127+4.7&category_root=7&category_child=97&item_condition_id%5B1%5D=1&item_condition_id%5B2%5D=1&item_condition_id%5B3%5D=1&status_on_sale=1&price_max=22653&page=1
https://www.mercari.com/jp/search/?keyword=mamiya+press+super+23+-&category_root=7&category_child=97&item_condition_id%5B1%5D=1&item_condition_id%5B2%5D=1&item_condition_id%5B3%5D=1&status_on_sale=1&price_max=18549&page=1
https://www.mercari.com/jp/search/?keyword=mamiya+press+super+23+100+3.5&category_root=7&category_child=97&item_condition_id%5B1%5D=1&item_condition_id%5B2%5D=1&item_condition_id%5B3%5D=1&status_on_sale=1&price_max=22461&page=1
https://www.mercari.com/jp/search/?keyword=mamiya+rb67+pro+s+prism&category_root=7&category_child=97&item_condition_id%5B1%5D=1&item_condition_id%5B2%5D=1&item_condition_id%5B3%5D=1&status_on_sale=1&price_max=14206&page=1
https://www.mercari.com/jp/search/?keyword=mamiya+rb67+%28waist+finder+%E3%82%A6%E3%82%A8%E3%82%B9%E3%83%88%E3%83%AC%E3%83%99%E3%83%AB%29+pro+s&category_root=7&category_child=97&item_condition_id%5B1%5D=1&item_condition_id%5B2%5D=1&item_condition_id%5B3%5D=1&status_on_sale=1&price_max=9310&page=1
https://www.mercari.com/jp/search/?keyword=mamiya+645+%28waist+finder+%E3%82%A6%E3%82%A8%E3%82%B9%E3%83%88%E3%83%AC%E3%83%99%E3%83%AB%29+n+645+pro+tl&category_root=7&category_child=97&item_condition_id%5B1%5D=1&item_condition_id%5B2%5D=1&item_condition_id%5B3%5D=1&status_on_sale=1&price_max=19697&page=1
https://www.mercari.com/jp/search/?keyword=mamiya+ae+prism+finder+rz67+pro+ii&category_root=7&category_child=97&item_condition_id%5B1%5D=1&item_condition_id%5B2%5D=1&item_condition_id%5B3%5D=1&status_on_sale=1&price_max=29295&page=1
https://www.mercari.com/jp/search/?keyword=mamiya+ae+prism+finder+rz67&category_root=7&category_child=97&item_condition_id%5B1%5D=1&item_condition_id%5B2%5D=1&item_condition_id%5B3%5D=1&status_on_sale=1&price_max=21442&page=1
https://www.mercari.com/jp/search/?keyword=mamiya+cds+prism+finder+rb67&category_root=7&category_child=97&item_condition_id%5B1%5D=1&item_condition_id%5B2%5D=1&item_condition_id%5B3%5D=1&status_on_sale=1&price_max=13288&page=1
https://www.mercari.com/jp/search/?keyword=mamiya+eye+level+finder+rb67&category_root=7&category_child=97&item_condition_id%5B1%5D=1&item_condition_id%5B2%5D=1&item_condition_id%5B3%5D=1&status_on_sale=1&price_max=11088&page=1
https://www.mercari.com/jp/search/?keyword=mamiya+fd701&category_root=7&category_child=97&item_condition_id%5B1%5D=1&item_condition_id%5B2%5D=1&item_condition_id%5B3%5D=1&status_on_sale=1&price_max=7712&page=1
https://www.mercari.com/jp/search/?keyword=mamiya+pd+finder&category_root=7&category_child=97&item_condition_id%5B1%5D=1&item_condition_id%5B2%5D=1&item_condition_id%5B3%5D=1&status_on_sale=1&price_max=14952&page=1
https://www.mercari.com/jp/search/?keyword=mamiya+%28waist+finder+%E3%82%A6%E3%82%A8%E3%82%B9%E3%83%88%E3%83%AC%E3%83%99%E3%83%AB%29+645&category_root=7&category_child=97&item_condition_id%5B1%5D=1&item_condition_id%5B2%5D=1&item_condition_id%5B3%5D=1&status_on_sale=1&price_max=17210&page=1
https://www.mercari.com/jp/search/?keyword=mamiya+%28waist+finder+%E3%82%A6%E3%82%A8%E3%82%B9%E3%83%88%E3%83%AC%E3%83%99%E3%83%AB%29+m645&category_root=7&category_child=97&item_condition_id%5B1%5D=1&item_condition_id%5B2%5D=1&item_condition_id%5B3%5D=1&status_on_sale=1&price_max=16456&page=1
https://www.mercari.com/jp/search/?keyword=mamiya+%28waist+finder+%E3%82%A6%E3%82%A8%E3%82%B9%E3%83%88%E3%83%AC%E3%83%99%E3%83%AB%29+rz67+pro+ii&category_root=7&category_child=97&item_condition_id%5B1%5D=1&item_condition_id%5B2%5D=1&item_condition_id%5B3%5D=1&status_on_sale=1&price_max=15458&page=1
https://www.mercari.com/jp/search/?keyword=mamiya+%28waist+finder+%E3%82%A6%E3%82%A8%E3%82%B9%E3%83%88%E3%83%AC%E3%83%99%E3%83%AB%29+rb67+s&category_root=7&category_child=97&item_condition_id%5B1%5D=1&item_condition_id%5B2%5D=1&item_condition_id%5B3%5D=1&status_on_sale=1&price_max=9310&page=1
https://www.mercari.com/jp/search/?keyword=mamiya+rb67+pro+%28back+%E3%83%90%E3%83%83%E3%82%AF+holder+%E3%83%9B%E3%83%AB%E3%83%80%E3%83%BC%29+-%28pro+-s%29&category_root=7&category_child=97&item_condition_id%5B1%5D=1&item_condition_id%5B2%5D=1&item_condition_id%5B3%5D=1&status_on_sale=1&price_max=8994&page=1
https://www.mercari.com/jp/search/?keyword=mamiya+rb67+pro+s+120+%28back+%E3%83%90%E3%83%83%E3%82%AF+holder+%E3%83%9B%E3%83%AB%E3%83%80%E3%83%BC%29&category_root=7&category_child=97&item_condition_id%5B1%5D=1&item_condition_id%5B2%5D=1&item_condition_id%5B3%5D=1&status_on_sale=1&price_max=8372&page=1
https://www.mercari.com/jp/search/?keyword=mamiya+rb67+pro+s+220+%28back+%E3%83%90%E3%83%83%E3%82%AF+holder+%E3%83%9B%E3%83%AB%E3%83%80%E3%83%BC%29&category_root=7&category_child=97&item_condition_id%5B1%5D=1&item_condition_id%5B2%5D=1&item_condition_id%5B3%5D=1&status_on_sale=1&price_max=10689&page=1
https://www.mercari.com/jp/search/?keyword=mamiya+rb67+pro+sd+120+%28back+%E3%83%90%E3%83%83%E3%82%AF+holder+%E3%83%9B%E3%83%AB%E3%83%80%E3%83%BC%29&category_root=7&category_child=97&item_condition_id%5B1%5D=1&item_condition_id%5B2%5D=1&item_condition_id%5B3%5D=1&status_on_sale=1&price_max=10556&page=1
https://www.mercari.com/jp/search/?keyword=mamiya+rb67+6x4.5+%28back+%E3%83%90%E3%83%83%E3%82%AF+holder+%E3%83%9B%E3%83%AB%E3%83%80%E3%83%BC%29&category_root=7&category_child=97&item_condition_id%5B1%5D=1&item_condition_id%5B2%5D=1&item_condition_id%5B3%5D=1&status_on_sale=1&price_max=6945&page=1
https://www.mercari.com/jp/search/?keyword=mamiya+rb67+6x7+120+220+%28back+%E3%83%90%E3%83%83%E3%82%AF+holder+%E3%83%9B%E3%83%AB%E3%83%80%E3%83%BC%29&category_root=7&category_child=97&item_condition_id%5B1%5D=1&item_condition_id%5B2%5D=1&item_condition_id%5B3%5D=1&status_on_sale=1&price_max=10701&page=1
https://www.mercari.com/jp/search/?keyword=mamiya+rb67+6x7+pro+sd+%28back+%E3%83%90%E3%83%83%E3%82%AF+holder+%E3%83%9B%E3%83%AB%E3%83%80%E3%83%BC%29&category_root=7&category_child=97&item_condition_id%5B1%5D=1&item_condition_id%5B2%5D=1&item_condition_id%5B3%5D=1&status_on_sale=1&price_max=9809&page=1
https://www.mercari.com/jp/search/?keyword=mamiya+rb67+6x8+%28back+%E3%83%90%E3%83%83%E3%82%AF+holder+%E3%83%9B%E3%83%AB%E3%83%80%E3%83%BC%29&category_root=7&category_child=97&item_condition_id%5B1%5D=1&item_condition_id%5B2%5D=1&item_condition_id%5B3%5D=1&status_on_sale=1&price_max=9894&page=1
https://www.mercari.com/jp/search/?keyword=mamiya+rb67+6x8+pro+sd+%28back+%E3%83%90%E3%83%83%E3%82%AF+holder+%E3%83%9B%E3%83%AB%E3%83%80%E3%83%BC%29&category_root=7&category_child=97&item_condition_id%5B1%5D=1&item_condition_id%5B2%5D=1&item_condition_id%5B3%5D=1&status_on_sale=1&price_max=10191&page=1
https://www.mercari.com/jp/search/?keyword=mamiya+rz67+pro+ii+120+%28back+%E3%83%90%E3%83%83%E3%82%AF+holder+%E3%83%9B%E3%83%AB%E3%83%80%E3%83%BC%29&category_root=7&category_child=97&item_condition_id%5B1%5D=1&item_condition_id%5B2%5D=1&item_condition_id%5B3%5D=1&status_on_sale=1&price_max=10968&page=1
https://www.mercari.com/jp/search/?keyword=mamiya+m645+120+%28back+%E3%83%90%E3%83%83%E3%82%AF+holder+%E3%83%9B%E3%83%AB%E3%83%80%E3%83%BC%29&category_root=7&category_child=97&item_condition_id%5B1%5D=1&item_condition_id%5B2%5D=1&item_condition_id%5B3%5D=1&status_on_sale=1&price_max=7125&page=1
https://www.mercari.com/jp/search/?keyword=mamiya+645+pro+120+%28back+%E3%83%90%E3%83%83%E3%82%AF+holder+%E3%83%9B%E3%83%AB%E3%83%80%E3%83%BC%29&category_root=7&category_child=97&item_condition_id%5B1%5D=1&item_condition_id%5B2%5D=1&item_condition_id%5B3%5D=1&status_on_sale=1&price_max=7490&page=1
https://www.mercari.com/jp/search/?keyword=mamiya+645+super+pro+120+%28back+%E3%83%90%E3%83%83%E3%82%AF+holder+%E3%83%9B%E3%83%AB%E3%83%80%E3%83%BC%29&category_root=7&category_child=97&item_condition_id%5B1%5D=1&item_condition_id%5B2%5D=1&item_condition_id%5B3%5D=1&status_on_sale=1&price_max=7131&page=1
https://www.mercari.com/jp/search/?keyword=mamiya+rb67+pro+s+6+8+120+220&category_root=7&category_child=97&item_condition_id%5B1%5D=1&item_condition_id%5B2%5D=1&item_condition_id%5B3%5D=1&status_on_sale=1&price_max=10432&page=1
https://www.mercari.com/jp/search/?keyword=mamiya+rz67+pro+ii+120+-&category_root=7&category_child=97&item_condition_id%5B1%5D=1&item_condition_id%5B2%5D=1&item_condition_id%5B3%5D=1&status_on_sale=1&price_max=10883&page=1
https://www.mercari.com/jp/search/?keyword=mamiya+RB67+Pro+s+SD+120&category_root=7&category_child=97&item_condition_id%5B1%5D=1&item_condition_id%5B2%5D=1&item_condition_id%5B3%5D=1&status_on_sale=1&price_max=9668&page=1
https://www.mercari.com/jp/search/?keyword=Mamiya+RB67+pro+s+6+8+120+220&category_root=7&category_child=97&item_condition_id%5B1%5D=1&item_condition_id%5B2%5D=1&item_condition_id%5B3%5D=1&status_on_sale=1&price_max=10432&page=1
https://www.mercari.com/jp/search/?keyword=mamiya+ac401&category_root=7&category_child=97&item_condition_id%5B1%5D=1&item_condition_id%5B2%5D=1&item_condition_id%5B3%5D=1&status_on_sale=1&price_max=9190&page=1
https://www.mercari.com/jp/search/?keyword=mamiya+wg401&category_root=7&category_child=97&item_condition_id%5B1%5D=1&item_condition_id%5B2%5D=1&item_condition_id%5B3%5D=1&status_on_sale=1&price_max=20321&page=1
https://www.mercari.com/jp/search/?keyword=mamiya+left+grip&category_root=7&category_child=97&item_condition_id%5B1%5D=1&item_condition_id%5B2%5D=1&item_condition_id%5B3%5D=1&status_on_sale=1&price_max=9356&page=1
https://www.mercari.com/jp/search/?keyword=mamiya+rz67+l+grip+pro+ii&category_root=7&category_child=97&item_condition_id%5B1%5D=1&item_condition_id%5B2%5D=1&item_condition_id%5B3%5D=1&status_on_sale=1&price_max=22450&page=1
https://www.mercari.com/jp/search/?keyword=pentax+smc+28+3.5+-super+-m42+-50+-80+-4.7+-pentax-m+-m+-f&category_root=7&category_child=97&item_condition_id%5B1%5D=1&item_condition_id%5B2%5D=1&item_condition_id%5B3%5D=1&status_on_sale=1&price_max=11270&page=1
https://www.mercari.com/jp/search/?keyword=pentax+pentax-m+50+1.4&category_root=7&category_child=97&item_condition_id%5B1%5D=1&item_condition_id%5B2%5D=1&item_condition_id%5B3%5D=1&status_on_sale=1&price_max=4864&page=1
https://www.mercari.com/jp/search/?keyword=pentax+smc+6x7+150+2.8+-%E4%B8%AD%E5%88%A4%E3%82%AB%E3%83%A1%E3%83%A9+-%E4%B8%AD%E5%88%A4%E3%83%95%E3%82%A3%E3%83%AB%E3%83%A0&category_root=7&category_child=97&item_condition_id%5B1%5D=1&item_condition_id%5B2%5D=1&item_condition_id%5B3%5D=1&status_on_sale=1&price_max=10917&page=1
https://www.mercari.com/jp/search/?keyword=pentax+mx+-&category_root=7&category_child=97&item_condition_id%5B1%5D=1&item_condition_id%5B2%5D=1&item_condition_id%5B3%5D=1&status_on_sale=1&price_max=13626&page=1
https://www.mercari.com/jp/search/?keyword=pentax+spotmeter+v&category_root=7&category_child=97&item_condition_id%5B1%5D=1&item_condition_id%5B2%5D=1&item_condition_id%5B3%5D=1&status_on_sale=1&price_max=11513&page=1
https://www.mercari.com/jp/search/?keyword=olympus+om+mc+w+35+2+-2.8+-om1+-om-1+-om2+-om-2&category_root=7&category_child=97&item_condition_id%5B1%5D=1&item_condition_id%5B2%5D=1&item_condition_id%5B3%5D=1&status_on_sale=1&price_max=18031&page=1
https://www.mercari.com/jp/search/?keyword=olympus+om+e.zuiko+t+100+2.8+-om1+-om-1+-om2+-om-2+-om3+-om-3+-om10+-om-10&category_root=7&category_child=97&item_condition_id%5B1%5D=1&item_condition_id%5B2%5D=1&item_condition_id%5B3%5D=1&status_on_sale=1&price_max=12842&page=1
https://www.mercari.com/jp/search/?keyword=olympus+mju+ii+compact+110+-lens+-%E3%83%AC%E3%83%B3%E3%82%BA&category_root=7&category_child=97&item_condition_id%5B1%5D=1&item_condition_id%5B2%5D=1&item_condition_id%5B3%5D=1&status_on_sale=1&price_max=8939&page=1
https://www.mercari.com/jp/search/?keyword=olympus+mju+35+3.5+%28panorama+%E3%83%91%E3%83%8E%E3%83%A9%E3%83%9E%29&category_root=7&category_child=97&item_condition_id%5B1%5D=1&item_condition_id%5B2%5D=1&item_condition_id%5B3%5D=1&status_on_sale=1&price_max=10332&page=1
https://www.mercari.com/jp/search/?keyword=olympus+mju+ii+115+vf+compact+35&category_root=7&category_child=97&item_condition_id%5B1%5D=1&item_condition_id%5B2%5D=1&item_condition_id%5B3%5D=1&status_on_sale=1&price_max=10984&page=1
https://www.mercari.com/jp/search/?keyword=olympus+om-1+-zuiko+-lens+-%E3%83%AC%E3%83%B3%E3%82%BA&category_root=7&category_child=97&item_condition_id%5B1%5D=1&item_condition_id%5B2%5D=1&item_condition_id%5B3%5D=1&status_on_sale=1&price_max=6266&page=1
https://www.mercari.com/jp/search/?keyword=olympus+om-1+zuiko+50+f1.4&category_root=7&category_child=97&item_condition_id%5B1%5D=1&item_condition_id%5B2%5D=1&item_condition_id%5B3%5D=1&status_on_sale=1&price_max=18305&page=1
https://www.mercari.com/jp/search/?keyword=olympus+om2000+-lens+-%E3%83%AC%E3%83%B3%E3%82%BA&category_root=7&category_child=97&item_condition_id%5B1%5D=1&item_condition_id%5B2%5D=1&item_condition_id%5B3%5D=1&status_on_sale=1&price_max=6505&page=1
https://www.mercari.com/jp/search/?keyword=olympus+pen+d+-lens+-%E3%83%AC%E3%83%B3%E3%82%BA+-EES+-ee-2&category_root=7&category_child=97&item_condition_id%5B1%5D=1&item_condition_id%5B2%5D=1&item_condition_id%5B3%5D=1&status_on_sale=1&price_max=6356&page=1
https://www.mercari.com/jp/search/?keyword=olympus+trip+40+-lens+-%E3%83%AC%E3%83%B3%E3%82%BA+-xb40&category_root=7&category_child=97&item_condition_id%5B1%5D=1&item_condition_id%5B2%5D=1&item_condition_id%5B3%5D=1&status_on_sale=1&price_max=7350&page=1
https://www.mercari.com/jp/search/?keyword=olympus+sp+42+1.7+-lens+-%E3%83%AC%E3%83%B3%E3%82%BA+-gold+-%E9%BB%92+-black+-%E3%83%96%E3%83%A9%E3%83%83%E3%82%AF+-%E8%AA%AC%E6%98%8E%E6%9B%B8&category_root=7&category_child=97&item_condition_id%5B1%5D=1&item_condition_id%5B2%5D=1&item_condition_id%5B3%5D=1&status_on_sale=1&price_max=19560&page=1
https://www.mercari.com/jp/search/?keyword=olympus+sp+g+zuiko+42+1.7&category_root=7&category_child=97&item_condition_id%5B1%5D=1&item_condition_id%5B2%5D=1&item_condition_id%5B3%5D=1&status_on_sale=1&price_max=18962&page=1
https://www.mercari.com/jp/search/?keyword=nikon+nikkor+28+2.8+%28ai-s%2Cais%29&category_root=7&category_child=97&item_condition_id%5B1%5D=1&item_condition_id%5B2%5D=1&item_condition_id%5B3%5D=1&status_on_sale=1&price_max=16180&page=1
https://www.mercari.com/jp/search/?keyword=nikon+nikkor+35+1.4+%E9%9D%9E+ai&category_root=7&category_child=97&item_condition_id%5B1%5D=1&item_condition_id%5B2%5D=1&item_condition_id%5B3%5D=1&status_on_sale=1&price_max=22082&page=1
https://www.mercari.com/jp/search/?keyword=nikon+nikkor+35+2.8+ai+-%E9%9D%9E+-non+-ais+-ai-s+-%E6%94%B9&category_root=7&category_child=97&item_condition_id%5B1%5D=1&item_condition_id%5B2%5D=1&item_condition_id%5B3%5D=1&status_on_sale=1&price_max=8199&page=1
https://www.mercari.com/jp/search/?keyword=nikon+nikkor+s+auto+50+1.4+ai+%E6%94%B9&category_root=7&category_child=97&item_condition_id%5B1%5D=1&item_condition_id%5B2%5D=1&item_condition_id%5B3%5D=1&status_on_sale=1&price_max=10173&page=1
https://www.mercari.com/jp/search/?keyword=nikon+new+nikkor+50+2&category_root=7&category_child=97&item_condition_id%5B1%5D=1&item_condition_id%5B2%5D=1&item_condition_id%5B3%5D=1&status_on_sale=1&price_max=13981&page=1
https://www.mercari.com/jp/search/?keyword=nikon+nikkor+o+50+2.8&category_root=7&category_child=97&item_condition_id%5B1%5D=1&item_condition_id%5B2%5D=1&item_condition_id%5B3%5D=1&status_on_sale=1&price_max=18565&page=1
https://www.mercari.com/jp/search/?keyword=nikon+nikkor+o+c+50+2.8&category_root=7&category_child=97&item_condition_id%5B1%5D=1&item_condition_id%5B2%5D=1&item_condition_id%5B3%5D=1&status_on_sale=1&price_max=22058&page=1
https://www.mercari.com/jp/search/?keyword=nikon+nikkor+h+50+3.5&category_root=7&category_child=97&item_condition_id%5B1%5D=1&item_condition_id%5B2%5D=1&item_condition_id%5B3%5D=1&status_on_sale=1&price_max=9420&page=1
https://www.mercari.com/jp/search/?keyword=nikon+nikkor+h+c+85+1.8+non+ai+-%E9%9D%9E+-non+-ais+-ai-s+-%E6%94%B9&category_root=7&category_child=97&item_condition_id%5B1%5D=1&item_condition_id%5B2%5D=1&item_condition_id%5B3%5D=1&status_on_sale=1&price_max=10520&page=1
https://www.mercari.com/jp/search/?keyword=nikon+series+e+100mm+f2.8+%28ais+ai-s%29&category_root=7&category_child=97&item_condition_id%5B1%5D=1&item_condition_id%5B2%5D=1&item_condition_id%5B3%5D=1&status_on_sale=1&price_max=7150&page=1
https://www.mercari.com/jp/search/?keyword=nikon+nikkor+105+2.5+%28ais+ai-s%29+-&category_root=7&category_child=97&item_condition_id%5B1%5D=1&item_condition_id%5B2%5D=1&item_condition_id%5B3%5D=1&status_on_sale=1&price_max=17755&page=1
https://www.mercari.com/jp/search/?keyword=nikon+nikkor+w+135+5.6&category_root=7&category_child=97&item_condition_id%5B1%5D=1&item_condition_id%5B2%5D=1&item_condition_id%5B3%5D=1&status_on_sale=1&price_max=20845&page=1
https://www.mercari.com/jp/search/?keyword=nikon+nikkor+w+135+5.6+copal&category_root=7&category_child=97&item_condition_id%5B1%5D=1&item_condition_id%5B2%5D=1&item_condition_id%5B3%5D=1&status_on_sale=1&price_max=19971&page=1
https://www.mercari.com/jp/search/?keyword=nikon+l35+af+-tw+-l35af2+-l35aw+-l35af3&category_root=7&category_child=97&item_condition_id%5B1%5D=1&item_condition_id%5B2%5D=1&item_condition_id%5B3%5D=1&status_on_sale=1&price_max=14509&page=1
https://www.mercari.com/jp/search/?keyword=nikon+l35+af2+-tw+-l35aw+-l35af3&category_root=7&category_child=97&item_condition_id%5B1%5D=1&item_condition_id%5B2%5D=1&item_condition_id%5B3%5D=1&status_on_sale=1&price_max=11432&page=1
https://www.mercari.com/jp/search/?keyword=nikon+l35+ad+aw&category_root=7&category_child=97&item_condition_id%5B1%5D=1&item_condition_id%5B2%5D=1&item_condition_id%5B3%5D=1&status_on_sale=1&price_max=12417&page=1
https://www.mercari.com/jp/search/?keyword=nikon+nikonos+v+35+2.5+-%E3%83%96%E3%83%A9%E3%83%83%E3%82%AF+-%E9%BB%92+-%E7%B7%91+-%E3%82%B0%E3%83%AA%E3%83%BC%E3%83%B3+-%E3%82%AA%E3%83%AA%E3%83%BC%E3%83%96&category_root=7&category_child=97&item_condition_id%5B1%5D=1&item_condition_id%5B2%5D=1&item_condition_id%5B3%5D=1&status_on_sale=1&price_max=22326&page=1
https://www.mercari.com/jp/search/?keyword=nikon+fa+%28black++%E9%BB%92+%E3%83%96%E3%83%A9%E3%83%83%E3%82%AF%29+md-15+-lens+-%E3%83%AC%E3%83%B3%E3%82%BA&category_root=7&category_child=97&item_condition_id%5B1%5D=1&item_condition_id%5B2%5D=1&item_condition_id%5B3%5D=1&status_on_sale=1&price_max=20560&page=1
https://www.mercari.com/jp/search/?keyword=nikon+f2a+50+1.4+ai+-non+-%E9%9D%9E+-ais+-ais+-convert+-converted+-f2a+-f2as&category_root=7&category_child=97&item_condition_id%5B1%5D=1&item_condition_id%5B2%5D=1&item_condition_id%5B3%5D=1&status_on_sale=1&price_max=25850&page=1
https://www.mercari.com/jp/search/?keyword=nikon+f3+nikkor+50+1.8+%28ais+ai-s%29&category_root=7&category_child=97&item_condition_id%5B1%5D=1&item_condition_id%5B2%5D=1&item_condition_id%5B3%5D=1&status_on_sale=1&price_max=9561&page=1
https://www.mercari.com/jp/search/?keyword=nikon+fm+50+1.8+ai+-fm2+-fm3+-fm3+-fm3a+-%E9%9D%9E+-non+-ais+-ai-s+-%E6%94%B9&category_root=7&category_child=97&item_condition_id%5B1%5D=1&item_condition_id%5B2%5D=1&item_condition_id%5B3%5D=1&status_on_sale=1&price_max=18413&page=1
https://www.mercari.com/jp/search/?keyword=nikon+r10+-lens+-%E3%83%AC%E3%83%B3%E3%82%BA+-%E3%83%AA%E3%83%A2%E3%82%B3%E3%83%B3+-%E3%82%B7%E3%83%8D%E3%83%86%E3%82%AF%E3%83%8B%E3%83%83%E3%82%AF%E3%82%AC%E3%82%A4%E3%83%89&category_root=7&category_child=97&item_condition_id%5B1%5D=1&item_condition_id%5B2%5D=1&item_condition_id%5B3%5D=1&status_on_sale=1&price_max=20277&page=1
https://www.mercari.com/jp/search/?keyword=nikon+fieldscope+D%3D60+-%E3%83%90%E3%83%83%E3%83%86%E3%83%AA%E3%83%BC+-%E3%82%B0%E3%83%AA%E3%83%83%E3%83%97+-%E4%BA%92%E6%8F%9B+-%E3%82%A2%E3%82%A4%E3%82%AB%E3%83%83%E3%83%97+-%E3%83%90%E3%83%83%E3%83%86%E3%83%AA%E3%83%BC%E3%82%B0%E3%83%AA%E3%83%83%E3%83%97&category_root=7&category_child=97&item_condition_id%5B1%5D=1&item_condition_id%5B2%5D=1&item_condition_id%5B3%5D=1&status_on_sale=1&price_max=16214&page=1
https://www.mercari.com/jp/search/?keyword=nikon+da-1&category_root=7&category_child=97&item_condition_id%5B1%5D=1&item_condition_id%5B2%5D=1&item_condition_id%5B3%5D=1&status_on_sale=1&price_max=16253&page=1
https://www.mercari.com/jp/search/?keyword=nikon+dw-3&category_root=7&category_child=97&item_condition_id%5B1%5D=1&item_condition_id%5B2%5D=1&item_condition_id%5B3%5D=1&status_on_sale=1&price_max=9059&page=1
https://www.mercari.com/jp/search/?keyword=nikon+dw-30&category_root=7&category_child=97&item_condition_id%5B1%5D=1&item_condition_id%5B2%5D=1&item_condition_id%5B3%5D=1&status_on_sale=1&price_max=11517&page=1
https://www.mercari.com/jp/search/?keyword=minolta+md+100+2.5+-&category_root=7&category_child=97&item_condition_id%5B1%5D=1&item_condition_id%5B2%5D=1&item_condition_id%5B3%5D=1&status_on_sale=1&price_max=12639&page=1
https://www.mercari.com/jp/search/?keyword=minolta+new+md+100+2.5&category_root=7&category_child=97&item_condition_id%5B1%5D=1&item_condition_id%5B2%5D=1&item_condition_id%5B3%5D=1&status_on_sale=1&price_max=15164&page=1
https://www.mercari.com/jp/search/?keyword=minolta+autocord&category_root=7&category_child=97&item_condition_id%5B1%5D=1&item_condition_id%5B2%5D=1&item_condition_id%5B3%5D=1&status_on_sale=1&price_max=22615&page=1
https://www.mercari.com/jp/search/?keyword=minolta+hi+matic+e&category_root=7&category_child=97&item_condition_id%5B1%5D=1&item_condition_id%5B2%5D=1&item_condition_id%5B3%5D=1&status_on_sale=1&price_max=7729&page=1
https://www.mercari.com/jp/search/?keyword=minolta+autocord+rokkor+75+3.5&category_root=7&category_child=97&item_condition_id%5B1%5D=1&item_condition_id%5B2%5D=1&item_condition_id%5B3%5D=1&status_on_sale=1&price_max=18643&page=1
https://www.mercari.com/jp/search/?keyword=contax+rts+ii+-&category_root=7&category_child=97&item_condition_id%5B1%5D=1&item_condition_id%5B2%5D=1&item_condition_id%5B3%5D=1&status_on_sale=1&price_max=21767&page=1
https://www.mercari.com/jp/search/?keyword=contax+t+35+2.8+-mmj+-t2+-t3+-t4&category_root=7&category_child=97&item_condition_id%5B1%5D=1&item_condition_id%5B2%5D=1&item_condition_id%5B3%5D=1&status_on_sale=1&price_max=19760&page=1
https://www.mercari.com/jp/search/?keyword=contax+t+45+2.8+-aej+-jahre&category_root=7&category_child=97&item_condition_id%5B1%5D=1&item_condition_id%5B2%5D=1&item_condition_id%5B3%5D=1&status_on_sale=1&price_max=20538&page=1
https://www.mercari.com/jp/search/?keyword=contax+tvs+-ii+-iii&category_root=7&category_child=97&item_condition_id%5B1%5D=1&item_condition_id%5B2%5D=1&item_condition_id%5B3%5D=1&status_on_sale=1&price_max=27494&page=1
https://www.mercari.com/jp/search/?keyword=kyocera+t+proof&category_root=7&category_child=97&item_condition_id%5B1%5D=1&item_condition_id%5B2%5D=1&item_condition_id%5B3%5D=1&status_on_sale=1&price_max=45174&page=1
https://www.mercari.com/jp/search/?keyword=canon+fd+17+4&category_root=7&category_child=97&item_condition_id%5B1%5D=1&item_condition_id%5B2%5D=1&item_condition_id%5B3%5D=1&status_on_sale=1&price_max=27758&page=1
https://www.mercari.com/jp/search/?keyword=canon+fd+20+2.8&category_root=7&category_child=97&item_condition_id%5B1%5D=1&item_condition_id%5B2%5D=1&item_condition_id%5B3%5D=1&status_on_sale=1&price_max=22239&page=1
https://www.mercari.com/jp/search/?keyword=canon+fd+ssc+24+2.8&category_root=7&category_child=97&item_condition_id%5B1%5D=1&item_condition_id%5B2%5D=1&item_condition_id%5B3%5D=1&status_on_sale=1&price_max=12352&page=1
https://www.mercari.com/jp/search/?keyword=canon+fd+24+2.8+-nfd+-new&category_root=7&category_child=97&item_condition_id%5B1%5D=1&item_condition_id%5B2%5D=1&item_condition_id%5B3%5D=1&status_on_sale=1&price_max=10714&page=1
https://www.mercari.com/jp/search/?keyword=canon+new+fd+24+2.8&category_root=7&category_child=97&item_condition_id%5B1%5D=1&item_condition_id%5B2%5D=1&item_condition_id%5B3%5D=1&status_on_sale=1&price_max=11119&page=1
https://www.mercari.com/jp/search/?keyword=canon+%28new+nfd%29+24+2.8&category_root=7&category_child=97&item_condition_id%5B1%5D=1&item_condition_id%5B2%5D=1&item_condition_id%5B3%5D=1&status_on_sale=1&price_max=11119&page=1
https://www.mercari.com/jp/search/?keyword=canon+fd+ssc+24+2.8&category_root=7&category_child=97&item_condition_id%5B1%5D=1&item_condition_id%5B2%5D=1&item_condition_id%5B3%5D=1&status_on_sale=1&price_max=12352&page=1
https://www.mercari.com/jp/search/?keyword=canon+new+fd+35+2.8+-200+-70+-3.5+-%E3%81%8F%E3%82%82%E3%82%8A+-%E3%82%AB%E3%83%93+-%E3%81%8B%E3%81%B3&category_root=7&category_child=97&item_condition_id%5B1%5D=1&item_condition_id%5B2%5D=1&item_condition_id%5B3%5D=1&status_on_sale=1&price_max=12707&page=1
https://www.mercari.com/jp/items/m82814846548/?_s=U2FsdGVkX1-IRGt3Q2s_B7vEn6e--_7BFwYa8WivSZ4DdGVaOVHcwJ3qTdhRDb3VhrcoYc_hJippapYl5Up2ki1bhMfrFwtE5oyU8xb97wdLmIneYhhmQbvTodDKNB4u
https://www.mercari.com/jp/search/?keyword=canon+%28new+nfd%29+35+2+-70+-105+-2.8&category_root=7&category_child=97&item_condition_id%5B1%5D=1&item_condition_id%5B2%5D=1&item_condition_id%5B3%5D=1&status_on_sale=1&price_max=22505&page=1
https://www.mercari.com/jp/search/?keyword=canon+fd+ssc+35+2+-&category_root=7&category_child=97&item_condition_id%5B1%5D=1&item_condition_id%5B2%5D=1&item_condition_id%5B3%5D=1&status_on_sale=1&price_max=23036&page=1
https://www.mercari.com/jp/search/?keyword=canon+o+fd+ssc+35+2+-&category_root=7&category_child=97&item_condition_id%5B1%5D=1&item_condition_id%5B2%5D=1&item_condition_id%5B3%5D=1&status_on_sale=1&price_max=24415&page=1
https://www.mercari.com/jp/search/?keyword=canon+fd+35+2.8+-leica+-70+-new&category_root=7&category_child=97&item_condition_id%5B1%5D=1&item_condition_id%5B2%5D=1&item_condition_id%5B3%5D=1&status_on_sale=1&price_max=18174&page=1
https://www.mercari.com/jp/search/?keyword=canon+%28new+nfd%29+35+2.8&category_root=7&category_child=97&item_condition_id%5B1%5D=1&item_condition_id%5B2%5D=1&item_condition_id%5B3%5D=1&status_on_sale=1&price_max=12707&page=1
https://www.mercari.com/jp/search/?keyword=canon+compact+macro+ef+50+2.5+-&category_root=7&category_child=97&item_condition_id%5B1%5D=1&item_condition_id%5B2%5D=1&item_condition_id%5B3%5D=1&status_on_sale=1&price_max=11197&page=1
https://www.mercari.com/jp/search/?keyword=canon+fd+ssc+85+1.8&category_root=7&category_child=97&item_condition_id%5B1%5D=1&item_condition_id%5B2%5D=1&item_condition_id%5B3%5D=1&status_on_sale=1&price_max=19333&page=1
https://www.mercari.com/jp/search/?keyword=canon+%28new+nfd%29+85+1.8&category_root=7&category_child=97&item_condition_id%5B1%5D=1&item_condition_id%5B2%5D=1&item_condition_id%5B3%5D=1&status_on_sale=1&price_max=20343&page=1
https://www.mercari.com/jp/search/?keyword=canon+fd+200+1.8&category_root=7&category_child=97&item_condition_id%5B1%5D=1&item_condition_id%5B2%5D=1&item_condition_id%5B3%5D=1&status_on_sale=1&price_max=4943&page=1
https://www.mercari.com/jp/search/?keyword=canon+7sz+-lens+-%E3%83%AC%E3%83%B3%E3%82%BA&category_root=7&category_child=97&item_condition_id%5B1%5D=1&item_condition_id%5B2%5D=1&item_condition_id%5B3%5D=1&status_on_sale=1&price_max=54913&page=1
https://www.mercari.com/jp/search/?keyword=canon+7sz+50+1.4+-lens+-%E3%83%AC%E3%83%B3%E3%82%BA&category_root=7&category_child=97&item_condition_id%5B1%5D=1&item_condition_id%5B2%5D=1&item_condition_id%5B3%5D=1&status_on_sale=1&price_max=54669&page=1
https://www.mercari.com/jp/search/?keyword=canon+a-1+-lens+-%E3%83%AC%E3%83%B3%E3%82%BA+-%E3%83%90%E3%83%83%E3%83%86%E3%83%AA%E3%83%BC%E3%83%91%E3%83%83%E3%82%AF+-%E4%BF%AE%E7%90%86+-70+-%E3%83%9E%E3%82%A6%E3%83%B3%E3%83%88%E3%82%A2%E3%83%80%E3%83%97%E3%82%BF%E3%83%BC+-%E4%BA%92%E6%8F%9B%E3%83%90%E3%83%83%E3%83%86%E3%83%AA-+-a-11+-%E3%82%BA%E3%83%BC%E3%83%A0&category_root=7&category_child=97&item_condition_id%5B1%5D=1&item_condition_id%5B2%5D=1&item_condition_id%5B3%5D=1&status_on_sale=1&price_max=10739&page=1
https://www.mercari.com/jp/items/m37609388697/?_s=U2FsdGVkX19bM1jxHcSd1EfFZW6M1Ucg5ifsAZ6vZBInxYbHQAHZzjL5n7P0z2gY7PJ6OjqTgTvBZPP-r4YqE1yOxuZh4Co5eJgasFjMmGuEy8eYqEMJhcLmlVXpq_sw
https://www.mercari.com/jp/search/?keyword=canon+a-1+fd+28+2.8&category_root=7&category_child=97&item_condition_id%5B1%5D=1&item_condition_id%5B2%5D=1&item_condition_id%5B3%5D=1&status_on_sale=1&price_max=16624&page=1
https://www.mercari.com/jp/search/?keyword=canon+a-1+%28new+nfd%29+28+2.8&category_root=7&category_child=97&item_condition_id%5B1%5D=1&item_condition_id%5B2%5D=1&item_condition_id%5B3%5D=1&status_on_sale=1&price_max=18083&page=1
https://www.mercari.com/jp/search/?keyword=canon+a-1+fd+ssc+50+1.4&category_root=7&category_child=97&item_condition_id%5B1%5D=1&item_condition_id%5B2%5D=1&item_condition_id%5B3%5D=1&status_on_sale=1&price_max=17117&page=1
https://www.mercari.com/jp/search/?keyword=canon+a-1+new+fd+50+1.4&category_root=7&category_child=97&item_condition_id%5B1%5D=1&item_condition_id%5B2%5D=1&item_condition_id%5B3%5D=1&status_on_sale=1&price_max=19176&page=1
https://www.mercari.com/jp/search/?keyword=canon+ae-1+%28black++%E9%BB%92+%E3%83%96%E3%83%A9%E3%83%83%E3%82%AF%29+%28new+nfd%29+35&category_root=7&category_child=97&item_condition_id%5B1%5D=1&item_condition_id%5B2%5D=1&item_condition_id%5B3%5D=1&status_on_sale=1&price_max=14460&page=1
https://www.mercari.com/jp/search/?keyword=canon+ae-1+%28black++%E9%BB%92+%E3%83%96%E3%83%A9%E3%83%83%E3%82%AF%29+50+1.4+ssc&category_root=7&category_child=97&item_condition_id%5B1%5D=1&item_condition_id%5B2%5D=1&item_condition_id%5B3%5D=1&status_on_sale=1&price_max=15167&page=1
https://www.mercari.com/jp/search/?keyword=canon+ae-1+%28new+nfd%29+50+1.4&category_root=7&category_child=97&item_condition_id%5B1%5D=1&item_condition_id%5B2%5D=1&item_condition_id%5B3%5D=1&status_on_sale=1&price_max=18466&page=1
https://www.mercari.com/jp/search/?keyword=canon+ae-1+%28black++%E9%BB%92+%E3%83%96%E3%83%A9%E3%83%83%E3%82%AF%29+fd+50+1.8&category_root=7&category_child=97&item_condition_id%5B1%5D=1&item_condition_id%5B2%5D=1&item_condition_id%5B3%5D=1&status_on_sale=1&price_max=14105&page=1
https://www.mercari.com/jp/search/?keyword=canon+ae-1+program+motor+drive+-lens+-%E3%83%AC%E3%83%B3%E3%82%BA&category_root=7&category_child=97&item_condition_id%5B1%5D=1&item_condition_id%5B2%5D=1&item_condition_id%5B3%5D=1&status_on_sale=1&price_max=14966&page=1
https://www.mercari.com/jp/search/?keyword=canon+ae-1+program+%28black++%E9%BB%92+%E3%83%96%E3%83%A9%E3%83%83%E3%82%AF%29+%28new+nfd%29+50+1.4&category_root=7&category_child=97&item_condition_id%5B1%5D=1&item_condition_id%5B2%5D=1&item_condition_id%5B3%5D=1&status_on_sale=1&price_max=20229&page=1
https://www.mercari.com/jp/search/?keyword=canon+ae-1+program+%28black++%E9%BB%92+%E3%83%96%E3%83%A9%E3%83%83%E3%82%AF%29+fd+ssc+50+1.4&category_root=7&category_child=97&item_condition_id%5B1%5D=1&item_condition_id%5B2%5D=1&item_condition_id%5B3%5D=1&status_on_sale=1&price_max=21210&page=1
https://www.mercari.com/jp/search/?keyword=canon+ae-1+program+new+fd+50+1.4+-black+-%E3%83%96%E3%83%A9%E3%83%83%E3%82%AF+-%E9%BB%92&category_root=7&category_child=97&item_condition_id%5B1%5D=1&item_condition_id%5B2%5D=1&item_condition_id%5B3%5D=1&status_on_sale=1&price_max=18647&page=1
https://www.mercari.com/jp/search/?keyword=canon+af35ml+-%E3%83%AC%E3%83%B3%E3%82%BA+-lens&category_root=7&category_child=97&item_condition_id%5B1%5D=1&item_condition_id%5B2%5D=1&item_condition_id%5B3%5D=1&status_on_sale=1&price_max=7857&page=1
https://www.mercari.com/jp/search/?keyword=canon+canonet+ql17+%28black++%E9%BB%92+%E3%83%96%E3%83%A9%E3%83%83%E3%82%AF%29+-lens+-%E3%83%AC%E3%83%B3%E3%82%BA&category_root=7&category_child=97&item_condition_id%5B1%5D=1&item_condition_id%5B2%5D=1&item_condition_id%5B3%5D=1&status_on_sale=1&price_max=22155&page=1
https://www.mercari.com/jp/search/?keyword=canon+canonet+ql17+giii+-lens+-%E3%83%AC%E3%83%B3%E3%82%BA&category_root=7&category_child=97&item_condition_id%5B1%5D=1&item_condition_id%5B2%5D=1&item_condition_id%5B3%5D=1&status_on_sale=1&price_max=18582&page=1
https://www.mercari.com/jp/search/?keyword=hasselblad+a12+ii+6+6+back+-&category_root=7&category_child=97&item_condition_id%5B1%5D=1&item_condition_id%5B2%5D=1&item_condition_id%5B3%5D=1&status_on_sale=1&price_max=17455&page=1
https://www.mercari.com/jp/search/?keyword=zenza+bronica+ps+80+2.8&category_root=7&category_child=97&item_condition_id%5B1%5D=1&item_condition_id%5B2%5D=1&item_condition_id%5B3%5D=1&status_on_sale=1&price_max=17734&page=1
https://www.mercari.com/jp/search/?keyword=zenza+bronica+gs-1+ae+rotary+finder+g&category_root=7&category_child=97&item_condition_id%5B1%5D=1&item_condition_id%5B2%5D=1&item_condition_id%5B3%5D=1&status_on_sale=1&price_max=18887&page=1
https://www.mercari.com/jp/search/?keyword=fuji+fujinon+w+135+5.6&category_root=7&category_child=97&item_condition_id%5B1%5D=1&item_condition_id%5B2%5D=1&item_condition_id%5B3%5D=1&status_on_sale=1&price_max=13442&page=1
https://www.mercari.com/jp/search/?keyword=fuji+instax+500af&category_root=7&category_child=97&item_condition_id%5B1%5D=1&item_condition_id%5B2%5D=1&item_condition_id%5B3%5D=1&status_on_sale=1&price_max=21241&page=1
https://www.mercari.com/jp/search/?keyword=kyocera+t+scope+t3+35+2.8&category_root=7&category_child=97&item_condition_id%5B1%5D=1&item_condition_id%5B2%5D=1&item_condition_id%5B3%5D=1&status_on_sale=1&price_max=19302&page=1
